mode: set
github.com/The-Gleb/go_metrics_and_alerting/cmd/agent/flags.go:22.64,25.2 2 0
github.com/The-Gleb/go_metrics_and_alerting/cmd/agent/flags.go:27.72,30.2 2 0
github.com/The-Gleb/go_metrics_and_alerting/cmd/agent/flags.go:32.74,35.2 2 0
github.com/The-Gleb/go_metrics_and_alerting/cmd/agent/flags.go:37.61,40.2 2 0
github.com/The-Gleb/go_metrics_and_alerting/cmd/agent/flags.go:42.62,45.2 2 0
github.com/The-Gleb/go_metrics_and_alerting/cmd/agent/flags.go:47.34,78.2 16 0
github.com/The-Gleb/go_metrics_and_alerting/cmd/agent/main.go:38.13,44.12 2 0
github.com/The-Gleb/go_metrics_and_alerting/cmd/agent/main.go:44.12,46.3 1 0
github.com/The-Gleb/go_metrics_and_alerting/cmd/agent/main.go:48.2,72.81 15 0
github.com/The-Gleb/go_metrics_and_alerting/cmd/agent/main.go:72.81,76.4 3 0
github.com/The-Gleb/go_metrics_and_alerting/cmd/agent/main.go:79.2,84.40 5 0
github.com/The-Gleb/go_metrics_and_alerting/cmd/agent/main.go:84.40,85.13 1 0
github.com/The-Gleb/go_metrics_and_alerting/cmd/agent/main.go:85.13,86.25 1 0
github.com/The-Gleb/go_metrics_and_alerting/cmd/agent/main.go:86.25,88.5 1 0
github.com/The-Gleb/go_metrics_and_alerting/cmd/agent/main.go:92.2,92.12 1 0
github.com/The-Gleb/go_metrics_and_alerting/cmd/agent/main.go:92.12,93.27 1 0
github.com/The-Gleb/go_metrics_and_alerting/cmd/agent/main.go:93.27,95.4 1 0
github.com/The-Gleb/go_metrics_and_alerting/cmd/agent/main.go:98.2,98.12 1 0
github.com/The-Gleb/go_metrics_and_alerting/cmd/agent/main.go:98.12,99.31 1 0
github.com/The-Gleb/go_metrics_and_alerting/cmd/agent/main.go:99.31,101.4 1 0
github.com/The-Gleb/go_metrics_and_alerting/cmd/agent/main.go:104.2,104.6 1 0
github.com/The-Gleb/go_metrics_and_alerting/cmd/agent/main.go:104.6,105.10 1 0
github.com/The-Gleb/go_metrics_and_alerting/cmd/agent/main.go:106.23,108.35 2 0
github.com/The-Gleb/go_metrics_and_alerting/cmd/agent/main.go:109.25,110.28 1 0
github.com/The-Gleb/go_metrics_and_alerting/cmd/agent/main.go:111.12,114.10 3 0
github.com/The-Gleb/go_metrics_and_alerting/cmd/agent/main.go:119.38,124.2 3 0
github.com/The-Gleb/go_metrics_and_alerting/cmd/agent/main.go:126.140,130.36 3 0
github.com/The-Gleb/go_metrics_and_alerting/cmd/agent/main.go:130.36,136.3 1 0
github.com/The-Gleb/go_metrics_and_alerting/cmd/agent/main.go:137.2,147.16 5 0
github.com/The-Gleb/go_metrics_and_alerting/cmd/agent/main.go:147.16,149.3 1 0
github.com/The-Gleb/go_metrics_and_alerting/cmd/agent/main.go:151.2,154.22 3 0
github.com/The-Gleb/go_metrics_and_alerting/cmd/agent/main.go:154.22,156.17 2 0
github.com/The-Gleb/go_metrics_and_alerting/cmd/agent/main.go:156.17,158.4 1 0
github.com/The-Gleb/go_metrics_and_alerting/cmd/agent/main.go:160.3,161.74 2 0
github.com/The-Gleb/go_metrics_and_alerting/cmd/agent/main.go:164.2,168.16 5 0
github.com/The-Gleb/go_metrics_and_alerting/cmd/agent/main.go:168.16,171.3 2 0
github.com/The-Gleb/go_metrics_and_alerting/cmd/agent/main.go:172.2,181.16 3 0
github.com/The-Gleb/go_metrics_and_alerting/cmd/agent/main.go:181.16,183.3 1 0
github.com/The-Gleb/go_metrics_and_alerting/cmd/agent/main.go:184.2,185.34 2 0
github.com/The-Gleb/go_metrics_and_alerting/cmd/agent/main.go:188.68,190.16 2 0
github.com/The-Gleb/go_metrics_and_alerting/cmd/agent/main.go:190.16,193.3 2 0
github.com/The-Gleb/go_metrics_and_alerting/cmd/agent/main.go:195.2,196.16 2 0
github.com/The-Gleb/go_metrics_and_alerting/cmd/agent/main.go:196.16,199.3 2 0
github.com/The-Gleb/go_metrics_and_alerting/cmd/agent/main.go:201.2,202.26 2 0
github.com/The-Gleb/go_metrics_and_alerting/cmd/agent/main.go:202.26,205.3 2 0
github.com/The-Gleb/go_metrics_and_alerting/cmd/agent/main.go:206.2,216.38 7 0
github.com/The-Gleb/go_metrics_and_alerting/cmd/agent/main.go:219.45,222.16 3 0
github.com/The-Gleb/go_metrics_and_alerting/cmd/agent/main.go:222.16,224.3 1 0
github.com/The-Gleb/go_metrics_and_alerting/cmd/agent/main.go:226.2,228.18 2 0
github.com/The-Gleb/go_metrics_and_alerting/cmd/agent/main.go:231.89,232.34 1 0
github.com/The-Gleb/go_metrics_and_alerting/cmd/agent/main.go:232.34,243.17 3 0
github.com/The-Gleb/go_metrics_and_alerting/cmd/agent/main.go:243.17,245.4 1 0
github.com/The-Gleb/go_metrics_and_alerting/cmd/agent/main.go:247.2,257.16 3 0
github.com/The-Gleb/go_metrics_and_alerting/cmd/agent/main.go:257.16,259.3 1 0
github.com/The-Gleb/go_metrics_and_alerting/cmd/agent/main.go:260.2,260.41 1 0
github.com/The-Gleb/go_metrics_and_alerting/cmd/agent/main.go:263.87,264.34 1 0
github.com/The-Gleb/go_metrics_and_alerting/cmd/agent/main.go:264.34,272.17 3 0
github.com/The-Gleb/go_metrics_and_alerting/cmd/agent/main.go:272.17,275.4 2 0
github.com/The-Gleb/go_metrics_and_alerting/cmd/agent/main.go:276.3,276.35 1 0
github.com/The-Gleb/go_metrics_and_alerting/cmd/agent/main.go:279.2,283.16 3 0
github.com/The-Gleb/go_metrics_and_alerting/cmd/agent/main.go:283.16,286.3 2 0
github.com/The-Gleb/go_metrics_and_alerting/cmd/agent/main.go:288.2,293.34 3 0
github.com/The-Gleb/go_metrics_and_alerting/cmd/agent/main.go:296.68,333.2 33 0
github.com/The-Gleb/go_metrics_and_alerting/cmd/agent/main.go:335.42,346.16 3 0
github.com/The-Gleb/go_metrics_and_alerting/cmd/agent/main.go:346.16,348.3 1 0
github.com/The-Gleb/go_metrics_and_alerting/cmd/agent/main.go:349.2,349.46 1 0
github.com/The-Gleb/go_metrics_and_alerting/cmd/staticlint/main.go:58.13,60.42 2 0
github.com/The-Gleb/go_metrics_and_alerting/cmd/staticlint/main.go:60.42,66.32 1 0
github.com/The-Gleb/go_metrics_and_alerting/cmd/staticlint/main.go:66.32,68.4 1 0
github.com/The-Gleb/go_metrics_and_alerting/cmd/staticlint/main.go:71.2,216.3 2 0
github.com/The-Gleb/go_metrics_and_alerting/cmd/staticlint/main.go:226.52,227.34 1 0
github.com/The-Gleb/go_metrics_and_alerting/cmd/staticlint/main.go:227.34,228.31 1 0
github.com/The-Gleb/go_metrics_and_alerting/cmd/staticlint/main.go:228.31,229.12 1 0
github.com/The-Gleb/go_metrics_and_alerting/cmd/staticlint/main.go:232.3,232.46 1 0
github.com/The-Gleb/go_metrics_and_alerting/cmd/staticlint/main.go:232.46,233.67 1 0
github.com/The-Gleb/go_metrics_and_alerting/cmd/staticlint/main.go:233.67,235.5 1 0
github.com/The-Gleb/go_metrics_and_alerting/cmd/staticlint/main.go:237.4,237.44 1 0
github.com/The-Gleb/go_metrics_and_alerting/cmd/staticlint/main.go:237.44,239.12 2 0
github.com/The-Gleb/go_metrics_and_alerting/cmd/staticlint/main.go:239.12,241.6 1 0
github.com/The-Gleb/go_metrics_and_alerting/cmd/staticlint/main.go:243.5,244.12 2 0
github.com/The-Gleb/go_metrics_and_alerting/cmd/staticlint/main.go:244.12,246.6 1 0
github.com/The-Gleb/go_metrics_and_alerting/cmd/staticlint/main.go:248.5,249.12 2 0
github.com/The-Gleb/go_metrics_and_alerting/cmd/staticlint/main.go:249.12,251.6 1 0
github.com/The-Gleb/go_metrics_and_alerting/cmd/staticlint/main.go:253.5,253.51 1 0
github.com/The-Gleb/go_metrics_and_alerting/cmd/staticlint/main.go:253.51,255.6 1 0
github.com/The-Gleb/go_metrics_and_alerting/cmd/staticlint/main.go:257.5,257.16 1 0
github.com/The-Gleb/go_metrics_and_alerting/cmd/staticlint/main.go:260.4,260.15 1 0
github.com/The-Gleb/go_metrics_and_alerting/cmd/staticlint/main.go:264.2,264.17 1 0
github.com/The-Gleb/go_metrics_and_alerting/internal/controller/http/v1/json.go:9.78,11.59 2 0
github.com/The-Gleb/go_metrics_and_alerting/internal/controller/http/v1/json.go:11.59,13.3 1 0
github.com/The-Gleb/go_metrics_and_alerting/internal/controller/http/v1/json.go:14.2,14.46 1 0
github.com/The-Gleb/go_metrics_and_alerting/internal/controller/http/v1/json.go:14.46,16.3 1 0
github.com/The-Gleb/go_metrics_and_alerting/internal/controller/http/v1/json.go:17.2,17.20 1 0
github.com/The-Gleb/go_metrics_and_alerting/internal/controller/http/v1/json.go:20.83,23.53 3 0
github.com/The-Gleb/go_metrics_and_alerting/internal/controller/http/v1/json.go:23.53,25.3 1 0
github.com/The-Gleb/go_metrics_and_alerting/internal/controller/http/v1/json.go:26.2,26.12 1 0
github.com/The-Gleb/go_metrics_and_alerting/cmd/server/flags.go:27.64,30.2 2 0
github.com/The-Gleb/go_metrics_and_alerting/cmd/server/flags.go:31.64,34.2 2 0
github.com/The-Gleb/go_metrics_and_alerting/cmd/server/flags.go:35.69,38.2 2 0
github.com/The-Gleb/go_metrics_and_alerting/cmd/server/flags.go:39.70,42.2 2 0
github.com/The-Gleb/go_metrics_and_alerting/cmd/server/flags.go:43.63,46.2 2 0
github.com/The-Gleb/go_metrics_and_alerting/cmd/server/flags.go:48.65,51.2 2 0
github.com/The-Gleb/go_metrics_and_alerting/cmd/server/flags.go:53.61,56.2 2 0
github.com/The-Gleb/go_metrics_and_alerting/cmd/server/flags.go:58.34,105.2 22 0
github.com/The-Gleb/go_metrics_and_alerting/cmd/server/main.go:34.13,40.50 2 0
github.com/The-Gleb/go_metrics_and_alerting/cmd/server/main.go:40.50,42.3 1 0
github.com/The-Gleb/go_metrics_and_alerting/cmd/server/main.go:45.37,49.12 3 0
github.com/The-Gleb/go_metrics_and_alerting/cmd/server/main.go:49.12,51.3 1 0
github.com/The-Gleb/go_metrics_and_alerting/cmd/server/main.go:53.2,55.59 2 0
github.com/The-Gleb/go_metrics_and_alerting/cmd/server/main.go:55.59,58.3 2 0
github.com/The-Gleb/go_metrics_and_alerting/cmd/server/main.go:59.2,64.34 4 0
github.com/The-Gleb/go_metrics_and_alerting/cmd/server/main.go:64.34,66.3 1 0
github.com/The-Gleb/go_metrics_and_alerting/cmd/server/main.go:68.2,68.30 1 0
github.com/The-Gleb/go_metrics_and_alerting/cmd/server/main.go:68.30,70.17 2 0
github.com/The-Gleb/go_metrics_and_alerting/cmd/server/main.go:70.17,72.4 1 0
github.com/The-Gleb/go_metrics_and_alerting/cmd/server/main.go:73.3,73.18 1 0
github.com/The-Gleb/go_metrics_and_alerting/cmd/server/main.go:74.8,76.3 1 0
github.com/The-Gleb/go_metrics_and_alerting/cmd/server/main.go:78.2,115.12 27 0
github.com/The-Gleb/go_metrics_and_alerting/cmd/server/main.go:115.12,118.17 3 0
github.com/The-Gleb/go_metrics_and_alerting/cmd/server/main.go:118.17,120.4 1 0
github.com/The-Gleb/go_metrics_and_alerting/cmd/server/main.go:123.2,124.12 2 0
github.com/The-Gleb/go_metrics_and_alerting/cmd/server/main.go:124.12,132.17 6 0
github.com/The-Gleb/go_metrics_and_alerting/cmd/server/main.go:132.17,133.14 1 0
github.com/The-Gleb/go_metrics_and_alerting/cmd/server/main.go:135.3,135.37 1 0
github.com/The-Gleb/go_metrics_and_alerting/cmd/server/main.go:138.2,139.43 2 0
github.com/The-Gleb/go_metrics_and_alerting/cmd/server/main.go:139.43,141.3 1 0
github.com/The-Gleb/go_metrics_and_alerting/cmd/server/main.go:143.2,143.12 1 0
github.com/The-Gleb/go_metrics_and_alerting/internal/domain/entity/metric.go:10.43,12.17 2 0
github.com/The-Gleb/go_metrics_and_alerting/internal/domain/entity/metric.go:13.15,14.21 1 0
github.com/The-Gleb/go_metrics_and_alerting/internal/domain/entity/metric.go:14.21,16.4 1 0
github.com/The-Gleb/go_metrics_and_alerting/internal/domain/entity/metric.go:17.17,18.21 1 0
github.com/The-Gleb/go_metrics_and_alerting/internal/domain/entity/metric.go:18.21,20.4 1 0
github.com/The-Gleb/go_metrics_and_alerting/internal/domain/entity/metric.go:21.10,22.43 1 0
github.com/The-Gleb/go_metrics_and_alerting/internal/domain/entity/metric.go:24.2,24.16 1 0
github.com/The-Gleb/go_metrics_and_alerting/internal/domain/entity/metric.go:24.16,26.3 1 0
github.com/The-Gleb/go_metrics_and_alerting/internal/domain/entity/metric.go:27.2,27.17 1 0
github.com/The-Gleb/go_metrics_and_alerting/internal/domain/entity/metric.go:35.51,37.21 2 0
github.com/The-Gleb/go_metrics_and_alerting/internal/domain/entity/metric.go:37.21,39.3 1 0
github.com/The-Gleb/go_metrics_and_alerting/internal/domain/entity/metric.go:40.2,40.18 1 0
github.com/The-Gleb/go_metrics_and_alerting/internal/domain/entity/metric.go:40.18,42.3 1 0
github.com/The-Gleb/go_metrics_and_alerting/internal/domain/entity/metric.go:43.2,43.17 1 0
github.com/The-Gleb/go_metrics_and_alerting/internal/logger/logger.go:10.37,12.16 2 0
github.com/The-Gleb/go_metrics_and_alerting/internal/logger/logger.go:12.16,14.3 1 0
github.com/The-Gleb/go_metrics_and_alerting/internal/logger/logger.go:15.2,19.16 5 0
github.com/The-Gleb/go_metrics_and_alerting/internal/logger/logger.go:19.16,21.3 1 0
github.com/The-Gleb/go_metrics_and_alerting/internal/logger/logger.go:22.2,23.12 2 0
github.com/The-Gleb/go_metrics_and_alerting/internal/controller/http/v1/middleware/check_signature.go:18.76,20.2 1 0
github.com/The-Gleb/go_metrics_and_alerting/internal/controller/http/v1/middleware/check_signature.go:27.62,30.16 3 0
github.com/The-Gleb/go_metrics_and_alerting/internal/controller/http/v1/middleware/check_signature.go:30.16,32.3 1 0
github.com/The-Gleb/go_metrics_and_alerting/internal/controller/http/v1/middleware/check_signature.go:33.2,37.15 5 0
github.com/The-Gleb/go_metrics_and_alerting/internal/controller/http/v1/middleware/check_signature.go:40.72,41.53 1 0
github.com/The-Gleb/go_metrics_and_alerting/internal/controller/http/v1/middleware/check_signature.go:41.53,42.97 1 0
github.com/The-Gleb/go_metrics_and_alerting/internal/controller/http/v1/middleware/check_signature.go:42.97,46.4 3 0
github.com/The-Gleb/go_metrics_and_alerting/internal/controller/http/v1/middleware/check_signature.go:48.3,48.37 1 0
github.com/The-Gleb/go_metrics_and_alerting/internal/controller/http/v1/middleware/check_signature.go:48.37,52.4 3 0
github.com/The-Gleb/go_metrics_and_alerting/internal/controller/http/v1/middleware/check_signature.go:54.3,56.17 2 0
github.com/The-Gleb/go_metrics_and_alerting/internal/controller/http/v1/middleware/check_signature.go:56.17,58.4 1 0
github.com/The-Gleb/go_metrics_and_alerting/internal/controller/http/v1/middleware/check_signature.go:60.3,65.17 5 0
github.com/The-Gleb/go_metrics_and_alerting/internal/controller/http/v1/middleware/check_signature.go:65.17,67.4 1 0
github.com/The-Gleb/go_metrics_and_alerting/internal/controller/http/v1/middleware/check_signature.go:68.3,76.41 7 0
github.com/The-Gleb/go_metrics_and_alerting/internal/controller/http/v1/middleware/check_signature.go:76.41,81.4 4 0
github.com/The-Gleb/go_metrics_and_alerting/internal/controller/http/v1/middleware/check_signature.go:83.3,88.26 3 0
github.com/The-Gleb/go_metrics_and_alerting/internal/controller/http/v1/middleware/check_signature.go:90.2,90.29 1 0
github.com/The-Gleb/go_metrics_and_alerting/internal/controller/http/v1/middleware/compressor.go:17.42,19.2 1 0
github.com/The-Gleb/go_metrics_and_alerting/internal/controller/http/v1/middleware/compressor.go:26.64,31.2 1 0
github.com/The-Gleb/go_metrics_and_alerting/internal/controller/http/v1/middleware/compressor.go:33.47,35.2 1 0
github.com/The-Gleb/go_metrics_and_alerting/internal/controller/http/v1/middleware/compressor.go:37.55,38.113 1 0
github.com/The-Gleb/go_metrics_and_alerting/internal/controller/http/v1/middleware/compressor.go:38.113,41.3 2 0
github.com/The-Gleb/go_metrics_and_alerting/internal/controller/http/v1/middleware/compressor.go:42.2,42.22 1 0
github.com/The-Gleb/go_metrics_and_alerting/internal/controller/http/v1/middleware/compressor.go:44.54,45.22 1 0
github.com/The-Gleb/go_metrics_and_alerting/internal/controller/http/v1/middleware/compressor.go:45.22,47.3 1 0
github.com/The-Gleb/go_metrics_and_alerting/internal/controller/http/v1/middleware/compressor.go:48.2,48.30 1 0
github.com/The-Gleb/go_metrics_and_alerting/internal/controller/http/v1/middleware/compressor.go:51.40,53.2 1 0
github.com/The-Gleb/go_metrics_and_alerting/internal/controller/http/v1/middleware/compressor.go:60.66,62.16 2 0
github.com/The-Gleb/go_metrics_and_alerting/internal/controller/http/v1/middleware/compressor.go:62.16,64.3 1 0
github.com/The-Gleb/go_metrics_and_alerting/internal/controller/http/v1/middleware/compressor.go:66.2,69.8 1 0
github.com/The-Gleb/go_metrics_and_alerting/internal/controller/http/v1/middleware/compressor.go:72.59,74.2 1 0
github.com/The-Gleb/go_metrics_and_alerting/internal/controller/http/v1/middleware/compressor.go:76.40,77.36 1 0
github.com/The-Gleb/go_metrics_and_alerting/internal/controller/http/v1/middleware/compressor.go:77.36,79.3 1 0
github.com/The-Gleb/go_metrics_and_alerting/internal/controller/http/v1/middleware/compressor.go:80.2,80.21 1 0
github.com/The-Gleb/go_metrics_and_alerting/internal/controller/http/v1/middleware/compressor.go:83.59,84.66 1 0
github.com/The-Gleb/go_metrics_and_alerting/internal/controller/http/v1/middleware/compressor.go:84.66,89.19 4 0
github.com/The-Gleb/go_metrics_and_alerting/internal/controller/http/v1/middleware/compressor.go:89.19,93.4 3 0
github.com/The-Gleb/go_metrics_and_alerting/internal/controller/http/v1/middleware/compressor.go:95.3,97.16 3 0
github.com/The-Gleb/go_metrics_and_alerting/internal/controller/http/v1/middleware/compressor.go:97.16,99.18 2 0
github.com/The-Gleb/go_metrics_and_alerting/internal/controller/http/v1/middleware/compressor.go:99.18,103.5 3 0
github.com/The-Gleb/go_metrics_and_alerting/internal/controller/http/v1/middleware/compressor.go:104.4,105.20 2 0
github.com/The-Gleb/go_metrics_and_alerting/internal/controller/http/v1/middleware/compressor.go:108.3,108.21 1 0
github.com/The-Gleb/go_metrics_and_alerting/internal/controller/http/v1/middleware/compressor.go:110.2,110.41 1 0
github.com/The-Gleb/go_metrics_and_alerting/internal/controller/http/v1/middleware/logger.go:14.66,16.2 1 0
github.com/The-Gleb/go_metrics_and_alerting/internal/controller/http/v1/middleware/logger.go:30.62,35.2 4 0
github.com/The-Gleb/go_metrics_and_alerting/internal/controller/http/v1/middleware/logger.go:37.61,40.2 2 0
github.com/The-Gleb/go_metrics_and_alerting/internal/controller/http/v1/middleware/logger.go:42.64,43.56 1 0
github.com/The-Gleb/go_metrics_and_alerting/internal/controller/http/v1/middleware/logger.go:43.56,69.3 8 0
github.com/The-Gleb/go_metrics_and_alerting/internal/controller/http/v1/middleware/logger.go:70.2,70.32 1 0
github.com/The-Gleb/go_metrics_and_alerting/cmd/agent/flags.go:22.64,25.2 2 0
github.com/The-Gleb/go_metrics_and_alerting/cmd/agent/flags.go:27.72,30.2 2 0
github.com/The-Gleb/go_metrics_and_alerting/cmd/agent/flags.go:32.74,35.2 2 0
github.com/The-Gleb/go_metrics_and_alerting/cmd/agent/flags.go:37.61,40.2 2 0
github.com/The-Gleb/go_metrics_and_alerting/cmd/agent/flags.go:42.62,45.2 2 0
github.com/The-Gleb/go_metrics_and_alerting/cmd/agent/flags.go:47.34,78.2 16 0
github.com/The-Gleb/go_metrics_and_alerting/cmd/agent/main.go:38.13,44.12 2 0
github.com/The-Gleb/go_metrics_and_alerting/cmd/agent/main.go:44.12,46.3 1 0
github.com/The-Gleb/go_metrics_and_alerting/cmd/agent/main.go:48.2,72.81 15 0
github.com/The-Gleb/go_metrics_and_alerting/cmd/agent/main.go:72.81,76.4 3 0
github.com/The-Gleb/go_metrics_and_alerting/cmd/agent/main.go:79.2,84.40 5 0
github.com/The-Gleb/go_metrics_and_alerting/cmd/agent/main.go:84.40,85.13 1 0
github.com/The-Gleb/go_metrics_and_alerting/cmd/agent/main.go:85.13,86.25 1 0
github.com/The-Gleb/go_metrics_and_alerting/cmd/agent/main.go:86.25,88.5 1 0
github.com/The-Gleb/go_metrics_and_alerting/cmd/agent/main.go:92.2,92.12 1 0
github.com/The-Gleb/go_metrics_and_alerting/cmd/agent/main.go:92.12,93.27 1 0
github.com/The-Gleb/go_metrics_and_alerting/cmd/agent/main.go:93.27,95.4 1 0
github.com/The-Gleb/go_metrics_and_alerting/cmd/agent/main.go:98.2,98.12 1 0
github.com/The-Gleb/go_metrics_and_alerting/cmd/agent/main.go:98.12,99.31 1 0
github.com/The-Gleb/go_metrics_and_alerting/cmd/agent/main.go:99.31,101.4 1 0
github.com/The-Gleb/go_metrics_and_alerting/cmd/agent/main.go:104.2,104.6 1 0
github.com/The-Gleb/go_metrics_and_alerting/cmd/agent/main.go:104.6,105.10 1 0
github.com/The-Gleb/go_metrics_and_alerting/cmd/agent/main.go:106.23,108.35 2 0
github.com/The-Gleb/go_metrics_and_alerting/cmd/agent/main.go:109.25,110.28 1 0
github.com/The-Gleb/go_metrics_and_alerting/cmd/agent/main.go:111.12,114.10 3 0
github.com/The-Gleb/go_metrics_and_alerting/cmd/agent/main.go:119.38,124.2 3 0
github.com/The-Gleb/go_metrics_and_alerting/cmd/agent/main.go:126.140,130.36 3 0
github.com/The-Gleb/go_metrics_and_alerting/cmd/agent/main.go:130.36,136.3 1 0
github.com/The-Gleb/go_metrics_and_alerting/cmd/agent/main.go:137.2,147.16 5 0
github.com/The-Gleb/go_metrics_and_alerting/cmd/agent/main.go:147.16,149.3 1 0
github.com/The-Gleb/go_metrics_and_alerting/cmd/agent/main.go:151.2,154.22 3 0
github.com/The-Gleb/go_metrics_and_alerting/cmd/agent/main.go:154.22,156.17 2 0
github.com/The-Gleb/go_metrics_and_alerting/cmd/agent/main.go:156.17,158.4 1 0
github.com/The-Gleb/go_metrics_and_alerting/cmd/agent/main.go:160.3,161.74 2 0
github.com/The-Gleb/go_metrics_and_alerting/cmd/agent/main.go:164.2,168.16 5 0
github.com/The-Gleb/go_metrics_and_alerting/cmd/agent/main.go:168.16,171.3 2 0
github.com/The-Gleb/go_metrics_and_alerting/cmd/agent/main.go:172.2,181.16 3 0
github.com/The-Gleb/go_metrics_and_alerting/cmd/agent/main.go:181.16,183.3 1 0
github.com/The-Gleb/go_metrics_and_alerting/cmd/agent/main.go:184.2,185.34 2 0
github.com/The-Gleb/go_metrics_and_alerting/cmd/agent/main.go:188.68,190.16 2 0
github.com/The-Gleb/go_metrics_and_alerting/cmd/agent/main.go:190.16,193.3 2 0
github.com/The-Gleb/go_metrics_and_alerting/cmd/agent/main.go:195.2,196.16 2 0
github.com/The-Gleb/go_metrics_and_alerting/cmd/agent/main.go:196.16,199.3 2 0
github.com/The-Gleb/go_metrics_and_alerting/cmd/agent/main.go:201.2,202.26 2 0
github.com/The-Gleb/go_metrics_and_alerting/cmd/agent/main.go:202.26,205.3 2 0
github.com/The-Gleb/go_metrics_and_alerting/cmd/agent/main.go:206.2,216.38 7 0
github.com/The-Gleb/go_metrics_and_alerting/cmd/agent/main.go:219.45,222.16 3 0
github.com/The-Gleb/go_metrics_and_alerting/cmd/agent/main.go:222.16,224.3 1 0
github.com/The-Gleb/go_metrics_and_alerting/cmd/agent/main.go:226.2,228.18 2 0
github.com/The-Gleb/go_metrics_and_alerting/cmd/agent/main.go:231.89,232.34 1 0
github.com/The-Gleb/go_metrics_and_alerting/cmd/agent/main.go:232.34,243.17 3 0
github.com/The-Gleb/go_metrics_and_alerting/cmd/agent/main.go:243.17,245.4 1 0
github.com/The-Gleb/go_metrics_and_alerting/cmd/agent/main.go:247.2,257.16 3 0
github.com/The-Gleb/go_metrics_and_alerting/cmd/agent/main.go:257.16,259.3 1 0
github.com/The-Gleb/go_metrics_and_alerting/cmd/agent/main.go:260.2,260.41 1 0
github.com/The-Gleb/go_metrics_and_alerting/cmd/agent/main.go:263.87,264.34 1 0
github.com/The-Gleb/go_metrics_and_alerting/cmd/agent/main.go:264.34,272.17 3 0
github.com/The-Gleb/go_metrics_and_alerting/cmd/agent/main.go:272.17,275.4 2 0
github.com/The-Gleb/go_metrics_and_alerting/cmd/agent/main.go:276.3,276.35 1 0
github.com/The-Gleb/go_metrics_and_alerting/cmd/agent/main.go:279.2,283.16 3 0
github.com/The-Gleb/go_metrics_and_alerting/cmd/agent/main.go:283.16,286.3 2 0
github.com/The-Gleb/go_metrics_and_alerting/cmd/agent/main.go:288.2,293.34 3 0
github.com/The-Gleb/go_metrics_and_alerting/cmd/agent/main.go:296.68,333.2 33 0
github.com/The-Gleb/go_metrics_and_alerting/cmd/agent/main.go:335.42,346.16 3 0
github.com/The-Gleb/go_metrics_and_alerting/cmd/agent/main.go:346.16,348.3 1 0
github.com/The-Gleb/go_metrics_and_alerting/cmd/agent/main.go:349.2,349.46 1 0
github.com/The-Gleb/go_metrics_and_alerting/cmd/server/flags.go:27.64,30.2 2 0
github.com/The-Gleb/go_metrics_and_alerting/cmd/server/flags.go:31.64,34.2 2 0
github.com/The-Gleb/go_metrics_and_alerting/cmd/server/flags.go:35.69,38.2 2 0
github.com/The-Gleb/go_metrics_and_alerting/cmd/server/flags.go:39.70,42.2 2 0
github.com/The-Gleb/go_metrics_and_alerting/cmd/server/flags.go:43.63,46.2 2 0
github.com/The-Gleb/go_metrics_and_alerting/cmd/server/flags.go:48.65,51.2 2 0
github.com/The-Gleb/go_metrics_and_alerting/cmd/server/flags.go:53.61,56.2 2 0
github.com/The-Gleb/go_metrics_and_alerting/cmd/server/flags.go:58.34,105.2 22 0
github.com/The-Gleb/go_metrics_and_alerting/cmd/server/main.go:34.13,40.50 2 0
github.com/The-Gleb/go_metrics_and_alerting/cmd/server/main.go:40.50,42.3 1 0
github.com/The-Gleb/go_metrics_and_alerting/cmd/server/main.go:45.37,49.12 3 0
github.com/The-Gleb/go_metrics_and_alerting/cmd/server/main.go:49.12,51.3 1 0
github.com/The-Gleb/go_metrics_and_alerting/cmd/server/main.go:53.2,55.59 2 0
github.com/The-Gleb/go_metrics_and_alerting/cmd/server/main.go:55.59,58.3 2 0
github.com/The-Gleb/go_metrics_and_alerting/cmd/server/main.go:59.2,64.34 4 0
github.com/The-Gleb/go_metrics_and_alerting/cmd/server/main.go:64.34,66.3 1 0
github.com/The-Gleb/go_metrics_and_alerting/cmd/server/main.go:68.2,68.30 1 0
github.com/The-Gleb/go_metrics_and_alerting/cmd/server/main.go:68.30,70.17 2 0
github.com/The-Gleb/go_metrics_and_alerting/cmd/server/main.go:70.17,72.4 1 0
github.com/The-Gleb/go_metrics_and_alerting/cmd/server/main.go:73.3,73.18 1 0
github.com/The-Gleb/go_metrics_and_alerting/cmd/server/main.go:74.8,76.3 1 0
github.com/The-Gleb/go_metrics_and_alerting/cmd/server/main.go:78.2,115.12 27 0
github.com/The-Gleb/go_metrics_and_alerting/cmd/server/main.go:115.12,118.17 3 0
github.com/The-Gleb/go_metrics_and_alerting/cmd/server/main.go:118.17,120.4 1 0
github.com/The-Gleb/go_metrics_and_alerting/cmd/server/main.go:123.2,124.12 2 0
github.com/The-Gleb/go_metrics_and_alerting/cmd/server/main.go:124.12,132.17 6 0
github.com/The-Gleb/go_metrics_and_alerting/cmd/server/main.go:132.17,133.14 1 0
github.com/The-Gleb/go_metrics_and_alerting/cmd/server/main.go:135.3,135.37 1 0
github.com/The-Gleb/go_metrics_and_alerting/cmd/server/main.go:138.2,139.43 2 0
github.com/The-Gleb/go_metrics_and_alerting/cmd/server/main.go:139.43,141.3 1 0
github.com/The-Gleb/go_metrics_and_alerting/cmd/server/main.go:143.2,143.12 1 0
github.com/The-Gleb/go_metrics_and_alerting/cmd/staticlint/main.go:58.13,60.42 2 0
github.com/The-Gleb/go_metrics_and_alerting/cmd/staticlint/main.go:60.42,66.32 1 0
github.com/The-Gleb/go_metrics_and_alerting/cmd/staticlint/main.go:66.32,68.4 1 0
github.com/The-Gleb/go_metrics_and_alerting/cmd/staticlint/main.go:71.2,216.3 2 0
github.com/The-Gleb/go_metrics_and_alerting/cmd/staticlint/main.go:226.52,227.34 1 0
github.com/The-Gleb/go_metrics_and_alerting/cmd/staticlint/main.go:227.34,228.31 1 0
github.com/The-Gleb/go_metrics_and_alerting/cmd/staticlint/main.go:228.31,229.12 1 0
github.com/The-Gleb/go_metrics_and_alerting/cmd/staticlint/main.go:232.3,232.46 1 0
github.com/The-Gleb/go_metrics_and_alerting/cmd/staticlint/main.go:232.46,233.67 1 0
github.com/The-Gleb/go_metrics_and_alerting/cmd/staticlint/main.go:233.67,235.5 1 0
github.com/The-Gleb/go_metrics_and_alerting/cmd/staticlint/main.go:237.4,237.44 1 0
github.com/The-Gleb/go_metrics_and_alerting/cmd/staticlint/main.go:237.44,239.12 2 0
github.com/The-Gleb/go_metrics_and_alerting/cmd/staticlint/main.go:239.12,241.6 1 0
github.com/The-Gleb/go_metrics_and_alerting/cmd/staticlint/main.go:243.5,244.12 2 0
github.com/The-Gleb/go_metrics_and_alerting/cmd/staticlint/main.go:244.12,246.6 1 0
github.com/The-Gleb/go_metrics_and_alerting/cmd/staticlint/main.go:248.5,249.12 2 0
github.com/The-Gleb/go_metrics_and_alerting/cmd/staticlint/main.go:249.12,251.6 1 0
github.com/The-Gleb/go_metrics_and_alerting/cmd/staticlint/main.go:253.5,253.51 1 0
github.com/The-Gleb/go_metrics_and_alerting/cmd/staticlint/main.go:253.51,255.6 1 0
github.com/The-Gleb/go_metrics_and_alerting/cmd/staticlint/main.go:257.5,257.16 1 0
github.com/The-Gleb/go_metrics_and_alerting/cmd/staticlint/main.go:260.4,260.15 1 0
github.com/The-Gleb/go_metrics_and_alerting/cmd/staticlint/main.go:264.2,264.17 1 0
github.com/The-Gleb/go_metrics_and_alerting/internal/controller/http/v1/json.go:9.78,11.59 2 0
github.com/The-Gleb/go_metrics_and_alerting/internal/controller/http/v1/json.go:11.59,13.3 1 0
github.com/The-Gleb/go_metrics_and_alerting/internal/controller/http/v1/json.go:14.2,14.46 1 0
github.com/The-Gleb/go_metrics_and_alerting/internal/controller/http/v1/json.go:14.46,16.3 1 0
github.com/The-Gleb/go_metrics_and_alerting/internal/controller/http/v1/json.go:17.2,17.20 1 0
github.com/The-Gleb/go_metrics_and_alerting/internal/controller/http/v1/json.go:20.83,23.53 3 0
github.com/The-Gleb/go_metrics_and_alerting/internal/controller/http/v1/json.go:23.53,25.3 1 0
github.com/The-Gleb/go_metrics_and_alerting/internal/controller/http/v1/json.go:26.2,26.12 1 0
github.com/The-Gleb/go_metrics_and_alerting/internal/controller/http/v1/handler/get_all_metrics.go:26.82,31.2 1 0
github.com/The-Gleb/go_metrics_and_alerting/internal/controller/http/v1/handler/get_all_metrics.go:33.56,34.47 1 0
github.com/The-Gleb/go_metrics_and_alerting/internal/controller/http/v1/handler/get_all_metrics.go:34.47,37.3 2 0
github.com/The-Gleb/go_metrics_and_alerting/internal/controller/http/v1/handler/get_all_metrics.go:40.105,43.2 2 0
github.com/The-Gleb/go_metrics_and_alerting/internal/controller/http/v1/handler/get_all_metrics.go:45.83,47.16 2 0
github.com/The-Gleb/go_metrics_and_alerting/internal/controller/http/v1/handler/get_all_metrics.go:47.16,51.3 3 0
github.com/The-Gleb/go_metrics_and_alerting/internal/controller/http/v1/handler/get_all_metrics.go:53.2,54.16 2 0
github.com/The-Gleb/go_metrics_and_alerting/internal/controller/http/v1/handler/get_metric.go:30.70,35.2 1 0
github.com/The-Gleb/go_metrics_and_alerting/internal/controller/http/v1/handler/get_metric.go:37.52,38.43 1 0
github.com/The-Gleb/go_metrics_and_alerting/internal/controller/http/v1/handler/get_metric.go:38.43,41.3 2 0
github.com/The-Gleb/go_metrics_and_alerting/internal/controller/http/v1/handler/get_metric.go:44.97,47.2 2 0
github.com/The-Gleb/go_metrics_and_alerting/internal/controller/http/v1/handler/get_metric.go:49.79,56.23 3 0
github.com/The-Gleb/go_metrics_and_alerting/internal/controller/http/v1/handler/get_metric.go:56.23,59.3 2 0
github.com/The-Gleb/go_metrics_and_alerting/internal/controller/http/v1/handler/get_metric.go:61.2,62.16 2 0
github.com/The-Gleb/go_metrics_and_alerting/internal/controller/http/v1/handler/get_metric.go:62.16,63.45 1 0
github.com/The-Gleb/go_metrics_and_alerting/internal/controller/http/v1/handler/get_metric.go:63.45,66.4 2 0
github.com/The-Gleb/go_metrics_and_alerting/internal/controller/http/v1/handler/get_metric.go:66.9,69.4 2 0
github.com/The-Gleb/go_metrics_and_alerting/internal/controller/http/v1/handler/get_metric.go:72.2,72.22 1 0
github.com/The-Gleb/go_metrics_and_alerting/internal/controller/http/v1/handler/get_metric.go:73.15,76.27 2 0
github.com/The-Gleb/go_metrics_and_alerting/internal/controller/http/v1/handler/get_metric.go:78.17,81.27 2 0
github.com/The-Gleb/go_metrics_and_alerting/internal/controller/http/v1/handler/get_metric.go:83.10,86.9 2 0
github.com/The-Gleb/go_metrics_and_alerting/internal/controller/http/v1/handler/get_metric_json.go:26.78,31.2 1 0
github.com/The-Gleb/go_metrics_and_alerting/internal/controller/http/v1/handler/get_metric_json.go:33.56,34.47 1 0
github.com/The-Gleb/go_metrics_and_alerting/internal/controller/http/v1/handler/get_metric_json.go:34.47,37.3 2 0
github.com/The-Gleb/go_metrics_and_alerting/internal/controller/http/v1/handler/get_metric_json.go:40.105,43.2 2 0
github.com/The-Gleb/go_metrics_and_alerting/internal/controller/http/v1/handler/get_metric_json.go:45.83,47.16 2 0
github.com/The-Gleb/go_metrics_and_alerting/internal/controller/http/v1/handler/get_metric_json.go:47.16,50.3 2 0
github.com/The-Gleb/go_metrics_and_alerting/internal/controller/http/v1/handler/get_metric_json.go:52.2,53.16 2 0
github.com/The-Gleb/go_metrics_and_alerting/internal/controller/http/v1/handler/get_metric_json.go:53.16,57.45 3 0
github.com/The-Gleb/go_metrics_and_alerting/internal/controller/http/v1/handler/get_metric_json.go:57.45,61.4 3 0
github.com/The-Gleb/go_metrics_and_alerting/internal/controller/http/v1/handler/get_metric_json.go:61.9,65.4 3 0
github.com/The-Gleb/go_metrics_and_alerting/internal/controller/http/v1/handler/get_metric_json.go:68.2,69.16 2 0
github.com/The-Gleb/go_metrics_and_alerting/internal/controller/http/v1/handler/get_metric_json.go:69.16,72.3 2 0
github.com/The-Gleb/go_metrics_and_alerting/internal/controller/http/v1/handler/update_metric.go:30.79,35.2 1 0
github.com/The-Gleb/go_metrics_and_alerting/internal/controller/http/v1/handler/update_metric.go:37.55,38.46 1 0
github.com/The-Gleb/go_metrics_and_alerting/internal/controller/http/v1/handler/update_metric.go:38.46,41.3 2 0
github.com/The-Gleb/go_metrics_and_alerting/internal/controller/http/v1/handler/update_metric.go:44.103,47.2 2 0
github.com/The-Gleb/go_metrics_and_alerting/internal/controller/http/v1/handler/update_metric.go:49.82,55.19 2 0
github.com/The-Gleb/go_metrics_and_alerting/internal/controller/http/v1/handler/update_metric.go:56.15,58.17 2 0
github.com/The-Gleb/go_metrics_and_alerting/internal/controller/http/v1/handler/update_metric.go:58.17,62.4 3 0
github.com/The-Gleb/go_metrics_and_alerting/internal/controller/http/v1/handler/update_metric.go:63.3,63.19 1 0
github.com/The-Gleb/go_metrics_and_alerting/internal/controller/http/v1/handler/update_metric.go:65.17,67.17 2 0
github.com/The-Gleb/go_metrics_and_alerting/internal/controller/http/v1/handler/update_metric.go:67.17,71.4 3 0
github.com/The-Gleb/go_metrics_and_alerting/internal/controller/http/v1/handler/update_metric.go:72.3,72.21 1 0
github.com/The-Gleb/go_metrics_and_alerting/internal/controller/http/v1/handler/update_metric.go:75.2,76.23 2 0
github.com/The-Gleb/go_metrics_and_alerting/internal/controller/http/v1/handler/update_metric.go:76.23,79.3 2 0
github.com/The-Gleb/go_metrics_and_alerting/internal/controller/http/v1/handler/update_metric.go:81.2,82.16 2 0
github.com/The-Gleb/go_metrics_and_alerting/internal/controller/http/v1/handler/update_metric.go:82.16,83.45 1 0
github.com/The-Gleb/go_metrics_and_alerting/internal/controller/http/v1/handler/update_metric.go:83.45,86.4 2 0
github.com/The-Gleb/go_metrics_and_alerting/internal/controller/http/v1/handler/update_metric.go:86.9,89.4 2 0
github.com/The-Gleb/go_metrics_and_alerting/internal/controller/http/v1/handler/update_metric.go:92.2,92.22 1 0
github.com/The-Gleb/go_metrics_and_alerting/internal/controller/http/v1/handler/update_metric.go:93.15,95.9 2 0
github.com/The-Gleb/go_metrics_and_alerting/internal/controller/http/v1/handler/update_metric.go:96.17,98.9 2 0
github.com/The-Gleb/go_metrics_and_alerting/internal/controller/http/v1/handler/update_metric.go:99.10,101.9 2 0
github.com/The-Gleb/go_metrics_and_alerting/internal/controller/http/v1/handler/update_metric_json.go:23.87,28.2 1 0
github.com/The-Gleb/go_metrics_and_alerting/internal/controller/http/v1/handler/update_metric_json.go:30.59,31.50 1 0
github.com/The-Gleb/go_metrics_and_alerting/internal/controller/http/v1/handler/update_metric_json.go:31.50,34.3 2 0
github.com/The-Gleb/go_metrics_and_alerting/internal/controller/http/v1/handler/update_metric_json.go:37.111,40.2 2 0
github.com/The-Gleb/go_metrics_and_alerting/internal/controller/http/v1/handler/update_metric_json.go:42.86,44.16 2 0
github.com/The-Gleb/go_metrics_and_alerting/internal/controller/http/v1/handler/update_metric_json.go:44.16,47.3 2 0
github.com/The-Gleb/go_metrics_and_alerting/internal/controller/http/v1/handler/update_metric_json.go:49.2,50.16 2 0
github.com/The-Gleb/go_metrics_and_alerting/internal/controller/http/v1/handler/update_metric_json.go:50.16,54.3 3 0
github.com/The-Gleb/go_metrics_and_alerting/internal/controller/http/v1/handler/update_metric_json.go:56.2,57.16 2 0
github.com/The-Gleb/go_metrics_and_alerting/internal/controller/http/v1/handler/update_metric_json.go:57.16,60.3 2 0
github.com/The-Gleb/go_metrics_and_alerting/internal/controller/http/v1/handler/update_metric_set.go:29.88,34.2 1 0
github.com/The-Gleb/go_metrics_and_alerting/internal/controller/http/v1/handler/update_metric_set.go:36.58,37.49 1 0
github.com/The-Gleb/go_metrics_and_alerting/internal/controller/http/v1/handler/update_metric_set.go:37.49,40.3 2 0
github.com/The-Gleb/go_metrics_and_alerting/internal/controller/http/v1/handler/update_metric_set.go:43.109,46.2 2 0
github.com/The-Gleb/go_metrics_and_alerting/internal/controller/http/v1/handler/update_metric_set.go:48.85,51.16 3 0
github.com/The-Gleb/go_metrics_and_alerting/internal/controller/http/v1/handler/update_metric_set.go:51.16,54.3 2 0
github.com/The-Gleb/go_metrics_and_alerting/internal/controller/http/v1/handler/update_metric_set.go:56.2,57.16 2 0
github.com/The-Gleb/go_metrics_and_alerting/internal/controller/http/v1/handler/update_metric_set.go:57.16,61.3 3 0
github.com/The-Gleb/go_metrics_and_alerting/internal/controller/http/v1/handler/update_metric_set.go:63.2,64.60 2 0
github.com/The-Gleb/go_metrics_and_alerting/internal/controller/http/v1/middleware/check_signature.go:18.76,20.2 1 0
github.com/The-Gleb/go_metrics_and_alerting/internal/controller/http/v1/middleware/check_signature.go:27.62,30.16 3 0
github.com/The-Gleb/go_metrics_and_alerting/internal/controller/http/v1/middleware/check_signature.go:30.16,32.3 1 0
github.com/The-Gleb/go_metrics_and_alerting/internal/controller/http/v1/middleware/check_signature.go:33.2,37.15 5 0
github.com/The-Gleb/go_metrics_and_alerting/internal/controller/http/v1/middleware/check_signature.go:40.72,41.53 1 0
github.com/The-Gleb/go_metrics_and_alerting/internal/controller/http/v1/middleware/check_signature.go:41.53,42.97 1 0
github.com/The-Gleb/go_metrics_and_alerting/internal/controller/http/v1/middleware/check_signature.go:42.97,46.4 3 0
github.com/The-Gleb/go_metrics_and_alerting/internal/controller/http/v1/middleware/check_signature.go:48.3,48.37 1 0
github.com/The-Gleb/go_metrics_and_alerting/internal/controller/http/v1/middleware/check_signature.go:48.37,52.4 3 0
github.com/The-Gleb/go_metrics_and_alerting/internal/controller/http/v1/middleware/check_signature.go:54.3,56.17 2 0
github.com/The-Gleb/go_metrics_and_alerting/internal/controller/http/v1/middleware/check_signature.go:56.17,58.4 1 0
github.com/The-Gleb/go_metrics_and_alerting/internal/controller/http/v1/middleware/check_signature.go:60.3,65.17 5 0
github.com/The-Gleb/go_metrics_and_alerting/internal/controller/http/v1/middleware/check_signature.go:65.17,67.4 1 0
github.com/The-Gleb/go_metrics_and_alerting/internal/controller/http/v1/middleware/check_signature.go:68.3,76.41 7 0
github.com/The-Gleb/go_metrics_and_alerting/internal/controller/http/v1/middleware/check_signature.go:76.41,81.4 4 0
github.com/The-Gleb/go_metrics_and_alerting/internal/controller/http/v1/middleware/check_signature.go:83.3,88.26 3 0
github.com/The-Gleb/go_metrics_and_alerting/internal/controller/http/v1/middleware/check_signature.go:90.2,90.29 1 0
github.com/The-Gleb/go_metrics_and_alerting/internal/controller/http/v1/middleware/compressor.go:17.42,19.2 1 0
github.com/The-Gleb/go_metrics_and_alerting/internal/controller/http/v1/middleware/compressor.go:26.64,31.2 1 0
github.com/The-Gleb/go_metrics_and_alerting/internal/controller/http/v1/middleware/compressor.go:33.47,35.2 1 0
github.com/The-Gleb/go_metrics_and_alerting/internal/controller/http/v1/middleware/compressor.go:37.55,38.113 1 0
github.com/The-Gleb/go_metrics_and_alerting/internal/controller/http/v1/middleware/compressor.go:38.113,41.3 2 0
github.com/The-Gleb/go_metrics_and_alerting/internal/controller/http/v1/middleware/compressor.go:42.2,42.22 1 0
github.com/The-Gleb/go_metrics_and_alerting/internal/controller/http/v1/middleware/compressor.go:44.54,45.22 1 0
github.com/The-Gleb/go_metrics_and_alerting/internal/controller/http/v1/middleware/compressor.go:45.22,47.3 1 0
github.com/The-Gleb/go_metrics_and_alerting/internal/controller/http/v1/middleware/compressor.go:48.2,48.30 1 0
github.com/The-Gleb/go_metrics_and_alerting/internal/controller/http/v1/middleware/compressor.go:51.40,53.2 1 0
github.com/The-Gleb/go_metrics_and_alerting/internal/controller/http/v1/middleware/compressor.go:60.66,62.16 2 0
github.com/The-Gleb/go_metrics_and_alerting/internal/controller/http/v1/middleware/compressor.go:62.16,64.3 1 0
github.com/The-Gleb/go_metrics_and_alerting/internal/controller/http/v1/middleware/compressor.go:66.2,69.8 1 0
github.com/The-Gleb/go_metrics_and_alerting/internal/controller/http/v1/middleware/compressor.go:72.59,74.2 1 0
github.com/The-Gleb/go_metrics_and_alerting/internal/controller/http/v1/middleware/compressor.go:76.40,77.36 1 0
github.com/The-Gleb/go_metrics_and_alerting/internal/controller/http/v1/middleware/compressor.go:77.36,79.3 1 0
github.com/The-Gleb/go_metrics_and_alerting/internal/controller/http/v1/middleware/compressor.go:80.2,80.21 1 0
github.com/The-Gleb/go_metrics_and_alerting/internal/controller/http/v1/middleware/compressor.go:83.59,84.66 1 0
github.com/The-Gleb/go_metrics_and_alerting/internal/controller/http/v1/middleware/compressor.go:84.66,89.19 4 0
github.com/The-Gleb/go_metrics_and_alerting/internal/controller/http/v1/middleware/compressor.go:89.19,93.4 3 0
github.com/The-Gleb/go_metrics_and_alerting/internal/controller/http/v1/middleware/compressor.go:95.3,97.16 3 0
github.com/The-Gleb/go_metrics_and_alerting/internal/controller/http/v1/middleware/compressor.go:97.16,99.18 2 0
github.com/The-Gleb/go_metrics_and_alerting/internal/controller/http/v1/middleware/compressor.go:99.18,103.5 3 0
github.com/The-Gleb/go_metrics_and_alerting/internal/controller/http/v1/middleware/compressor.go:104.4,105.20 2 0
github.com/The-Gleb/go_metrics_and_alerting/internal/controller/http/v1/middleware/compressor.go:108.3,108.21 1 0
github.com/The-Gleb/go_metrics_and_alerting/internal/controller/http/v1/middleware/compressor.go:110.2,110.41 1 0
github.com/The-Gleb/go_metrics_and_alerting/internal/controller/http/v1/middleware/logger.go:14.66,16.2 1 0
github.com/The-Gleb/go_metrics_and_alerting/internal/controller/http/v1/middleware/logger.go:30.62,35.2 4 0
github.com/The-Gleb/go_metrics_and_alerting/internal/controller/http/v1/middleware/logger.go:37.61,40.2 2 0
github.com/The-Gleb/go_metrics_and_alerting/internal/controller/http/v1/middleware/logger.go:42.64,43.56 1 0
github.com/The-Gleb/go_metrics_and_alerting/internal/controller/http/v1/middleware/logger.go:43.56,69.3 8 0
github.com/The-Gleb/go_metrics_and_alerting/internal/controller/http/v1/middleware/logger.go:70.2,70.32 1 0
github.com/The-Gleb/go_metrics_and_alerting/internal/domain/entity/metric.go:10.43,12.17 2 0
github.com/The-Gleb/go_metrics_and_alerting/internal/domain/entity/metric.go:13.15,14.21 1 0
github.com/The-Gleb/go_metrics_and_alerting/internal/domain/entity/metric.go:14.21,16.4 1 0
github.com/The-Gleb/go_metrics_and_alerting/internal/domain/entity/metric.go:17.17,18.21 1 0
github.com/The-Gleb/go_metrics_and_alerting/internal/domain/entity/metric.go:18.21,20.4 1 0
github.com/The-Gleb/go_metrics_and_alerting/internal/domain/entity/metric.go:21.10,22.43 1 0
github.com/The-Gleb/go_metrics_and_alerting/internal/domain/entity/metric.go:24.2,24.16 1 0
github.com/The-Gleb/go_metrics_and_alerting/internal/domain/entity/metric.go:24.16,26.3 1 0
github.com/The-Gleb/go_metrics_and_alerting/internal/domain/entity/metric.go:27.2,27.17 1 0
github.com/The-Gleb/go_metrics_and_alerting/internal/domain/entity/metric.go:35.51,37.21 2 0
github.com/The-Gleb/go_metrics_and_alerting/internal/domain/entity/metric.go:37.21,39.3 1 0
github.com/The-Gleb/go_metrics_and_alerting/internal/domain/entity/metric.go:40.2,40.18 1 0
github.com/The-Gleb/go_metrics_and_alerting/internal/domain/entity/metric.go:40.18,42.3 1 0
github.com/The-Gleb/go_metrics_and_alerting/internal/domain/entity/metric.go:43.2,43.17 1 0
github.com/The-Gleb/go_metrics_and_alerting/internal/domain/service/backup.go:26.100,33.2 1 0
github.com/The-Gleb/go_metrics_and_alerting/internal/domain/service/backup.go:35.62,36.21 1 0
github.com/The-Gleb/go_metrics_and_alerting/internal/domain/service/backup.go:36.21,38.17 2 0
github.com/The-Gleb/go_metrics_and_alerting/internal/domain/service/backup.go:38.17,41.4 2 0
github.com/The-Gleb/go_metrics_and_alerting/internal/domain/service/backup.go:44.2,44.65 1 0
github.com/The-Gleb/go_metrics_and_alerting/internal/domain/service/backup.go:44.65,46.3 1 0
github.com/The-Gleb/go_metrics_and_alerting/internal/domain/service/backup.go:48.2,49.6 2 0
github.com/The-Gleb/go_metrics_and_alerting/internal/domain/service/backup.go:49.6,50.7 1 0
github.com/The-Gleb/go_metrics_and_alerting/internal/domain/service/backup.go:50.7,51.11 1 0
github.com/The-Gleb/go_metrics_and_alerting/internal/domain/service/backup.go:52.24,54.19 2 0
github.com/The-Gleb/go_metrics_and_alerting/internal/domain/service/backup.go:54.19,56.6 1 0
github.com/The-Gleb/go_metrics_and_alerting/internal/domain/service/backup.go:57.22,59.15 2 0
github.com/The-Gleb/go_metrics_and_alerting/internal/domain/service/backup.go:65.75,67.16 2 0
github.com/The-Gleb/go_metrics_and_alerting/internal/domain/service/backup.go:67.16,69.3 1 0
github.com/The-Gleb/go_metrics_and_alerting/internal/domain/service/backup.go:70.2,70.20 1 0
github.com/The-Gleb/go_metrics_and_alerting/internal/domain/service/backup.go:70.20,73.3 2 0
github.com/The-Gleb/go_metrics_and_alerting/internal/domain/service/backup.go:75.2,78.16 3 0
github.com/The-Gleb/go_metrics_and_alerting/internal/domain/service/backup.go:78.16,81.3 2 0
github.com/The-Gleb/go_metrics_and_alerting/internal/domain/service/backup.go:83.2,83.64 1 0
github.com/The-Gleb/go_metrics_and_alerting/internal/domain/service/backup.go:83.64,86.3 2 0
github.com/The-Gleb/go_metrics_and_alerting/internal/domain/service/backup.go:87.2,87.16 1 0
github.com/The-Gleb/go_metrics_and_alerting/internal/domain/service/backup.go:87.16,89.3 1 0
github.com/The-Gleb/go_metrics_and_alerting/internal/domain/service/backup.go:91.2,91.64 1 0
github.com/The-Gleb/go_metrics_and_alerting/internal/domain/service/backup.go:91.64,94.3 2 0
github.com/The-Gleb/go_metrics_and_alerting/internal/domain/service/backup.go:95.2,95.16 1 0
github.com/The-Gleb/go_metrics_and_alerting/internal/domain/service/backup.go:95.16,97.3 1 0
github.com/The-Gleb/go_metrics_and_alerting/internal/domain/service/backup.go:99.2,99.12 1 0
github.com/The-Gleb/go_metrics_and_alerting/internal/domain/service/backup.go:102.74,105.75 3 0
github.com/The-Gleb/go_metrics_and_alerting/internal/domain/service/backup.go:105.75,108.3 2 0
github.com/The-Gleb/go_metrics_and_alerting/internal/domain/service/backup.go:109.2,109.16 1 0
github.com/The-Gleb/go_metrics_and_alerting/internal/domain/service/backup.go:109.16,111.3 1 0
github.com/The-Gleb/go_metrics_and_alerting/internal/domain/service/backup.go:113.2,114.16 2 0
github.com/The-Gleb/go_metrics_and_alerting/internal/domain/service/backup.go:114.16,116.3 1 0
github.com/The-Gleb/go_metrics_and_alerting/internal/domain/service/backup.go:118.2,119.16 2 0
github.com/The-Gleb/go_metrics_and_alerting/internal/domain/service/backup.go:119.16,121.3 1 0
github.com/The-Gleb/go_metrics_and_alerting/internal/domain/service/backup.go:123.2,123.12 1 0
github.com/The-Gleb/go_metrics_and_alerting/internal/domain/service/backup.go:126.48,128.2 1 0
github.com/The-Gleb/go_metrics_and_alerting/internal/domain/service/metric.go:29.55,31.2 1 1
github.com/The-Gleb/go_metrics_and_alerting/internal/domain/service/metric.go:33.110,35.22 2 0
github.com/The-Gleb/go_metrics_and_alerting/internal/domain/service/metric.go:36.15,37.26 1 0
github.com/The-Gleb/go_metrics_and_alerting/internal/domain/service/metric.go:37.26,39.4 1 0
github.com/The-Gleb/go_metrics_and_alerting/internal/domain/service/metric.go:40.3,40.65 1 0
github.com/The-Gleb/go_metrics_and_alerting/internal/domain/service/metric.go:40.65,43.4 2 0
github.com/The-Gleb/go_metrics_and_alerting/internal/domain/service/metric.go:45.17,46.26 1 0
github.com/The-Gleb/go_metrics_and_alerting/internal/domain/service/metric.go:46.26,48.4 1 0
github.com/The-Gleb/go_metrics_and_alerting/internal/domain/service/metric.go:49.3,49.65 1 0
github.com/The-Gleb/go_metrics_and_alerting/internal/domain/service/metric.go:49.65,52.4 2 0
github.com/The-Gleb/go_metrics_and_alerting/internal/domain/service/metric.go:53.10,54.60 1 0
github.com/The-Gleb/go_metrics_and_alerting/internal/domain/service/metric.go:57.2,57.16 1 0
github.com/The-Gleb/go_metrics_and_alerting/internal/domain/service/metric.go:57.16,59.3 1 0
github.com/The-Gleb/go_metrics_and_alerting/internal/domain/service/metric.go:61.2,61.20 1 0
github.com/The-Gleb/go_metrics_and_alerting/internal/domain/service/metric.go:64.108,67.75 3 1
github.com/The-Gleb/go_metrics_and_alerting/internal/domain/service/metric.go:67.75,70.3 2 1
github.com/The-Gleb/go_metrics_and_alerting/internal/domain/service/metric.go:71.2,71.16 1 1
github.com/The-Gleb/go_metrics_and_alerting/internal/domain/service/metric.go:71.16,73.3 1 0
github.com/The-Gleb/go_metrics_and_alerting/internal/domain/service/metric.go:75.2,75.15 1 1
github.com/The-Gleb/go_metrics_and_alerting/internal/domain/service/metric.go:78.110,81.19 3 0
github.com/The-Gleb/go_metrics_and_alerting/internal/domain/service/metric.go:82.15,83.65 1 0
github.com/The-Gleb/go_metrics_and_alerting/internal/domain/service/metric.go:83.65,86.4 2 0
github.com/The-Gleb/go_metrics_and_alerting/internal/domain/service/metric.go:88.17,89.65 1 0
github.com/The-Gleb/go_metrics_and_alerting/internal/domain/service/metric.go:89.65,92.4 2 0
github.com/The-Gleb/go_metrics_and_alerting/internal/domain/service/metric.go:93.10,94.60 1 0
github.com/The-Gleb/go_metrics_and_alerting/internal/domain/service/metric.go:97.2,97.16 1 0
github.com/The-Gleb/go_metrics_and_alerting/internal/domain/service/metric.go:97.16,99.3 1 0
github.com/The-Gleb/go_metrics_and_alerting/internal/domain/service/metric.go:101.2,101.20 1 0
github.com/The-Gleb/go_metrics_and_alerting/internal/domain/service/metric.go:104.95,107.75 3 1
github.com/The-Gleb/go_metrics_and_alerting/internal/domain/service/metric.go:107.75,110.3 2 1
github.com/The-Gleb/go_metrics_and_alerting/internal/domain/service/metric.go:111.2,111.16 1 1
github.com/The-Gleb/go_metrics_and_alerting/internal/domain/service/metric.go:111.16,113.3 1 0
github.com/The-Gleb/go_metrics_and_alerting/internal/domain/service/metric.go:115.2,115.26 1 1
github.com/The-Gleb/go_metrics_and_alerting/internal/domain/service/metric.go:119.46,121.2 1 0
github.com/The-Gleb/go_metrics_and_alerting/internal/domain/usecase/get_all_metrics.go:14.70,18.2 1 1
github.com/The-Gleb/go_metrics_and_alerting/internal/domain/usecase/get_all_metrics.go:20.88,22.16 2 1
github.com/The-Gleb/go_metrics_and_alerting/internal/domain/usecase/get_all_metrics.go:22.16,24.3 1 0
github.com/The-Gleb/go_metrics_and_alerting/internal/domain/usecase/get_all_metrics.go:26.2,29.16 3 1
github.com/The-Gleb/go_metrics_and_alerting/internal/domain/usecase/get_all_metrics.go:29.16,31.3 1 0
github.com/The-Gleb/go_metrics_and_alerting/internal/domain/usecase/get_all_metrics.go:33.2,34.16 2 1
github.com/The-Gleb/go_metrics_and_alerting/internal/domain/usecase/get_all_metrics.go:34.16,36.3 1 0
github.com/The-Gleb/go_metrics_and_alerting/internal/domain/usecase/get_all_metrics.go:38.2,38.23 1 1
github.com/The-Gleb/go_metrics_and_alerting/internal/domain/usecase/get_all_metrics.go:41.88,43.16 2 0
github.com/The-Gleb/go_metrics_and_alerting/internal/domain/usecase/get_all_metrics.go:43.16,45.3 1 0
github.com/The-Gleb/go_metrics_and_alerting/internal/domain/usecase/get_all_metrics.go:47.2,62.44 3 0
github.com/The-Gleb/go_metrics_and_alerting/internal/domain/usecase/get_all_metrics.go:62.44,64.3 1 0
github.com/The-Gleb/go_metrics_and_alerting/internal/domain/usecase/get_all_metrics.go:65.2,65.46 1 0
github.com/The-Gleb/go_metrics_and_alerting/internal/domain/usecase/get_all_metrics.go:65.46,67.3 1 0
github.com/The-Gleb/go_metrics_and_alerting/internal/domain/usecase/get_all_metrics.go:69.2,71.23 2 0
github.com/The-Gleb/go_metrics_and_alerting/internal/domain/usecase/get_metric.go:13.62,17.2 1 0
github.com/The-Gleb/go_metrics_and_alerting/internal/domain/usecase/get_metric.go:19.108,21.16 2 0
github.com/The-Gleb/go_metrics_and_alerting/internal/domain/usecase/get_metric.go:21.16,23.3 1 0
github.com/The-Gleb/go_metrics_and_alerting/internal/domain/usecase/get_metric.go:25.2,25.20 1 0
github.com/The-Gleb/go_metrics_and_alerting/internal/domain/usecase/update_metric.go:14.86,19.2 1 0
github.com/The-Gleb/go_metrics_and_alerting/internal/domain/usecase/update_metric.go:21.111,23.16 2 0
github.com/The-Gleb/go_metrics_and_alerting/internal/domain/usecase/update_metric.go:23.16,25.3 1 0
github.com/The-Gleb/go_metrics_and_alerting/internal/domain/usecase/update_metric.go:27.2,27.61 1 0
github.com/The-Gleb/go_metrics_and_alerting/internal/domain/usecase/update_metric.go:27.61,29.17 2 0
github.com/The-Gleb/go_metrics_and_alerting/internal/domain/usecase/update_metric.go:29.17,31.4 1 0
github.com/The-Gleb/go_metrics_and_alerting/internal/domain/usecase/update_metric.go:34.2,34.20 1 0
github.com/The-Gleb/go_metrics_and_alerting/internal/domain/usecase/update_metric_set.go:14.92,19.2 1 0
github.com/The-Gleb/go_metrics_and_alerting/internal/domain/usecase/update_metric_set.go:21.112,23.16 2 0
github.com/The-Gleb/go_metrics_and_alerting/internal/domain/usecase/update_metric_set.go:23.16,25.3 1 0
github.com/The-Gleb/go_metrics_and_alerting/internal/domain/usecase/update_metric_set.go:27.2,27.61 1 0
github.com/The-Gleb/go_metrics_and_alerting/internal/domain/usecase/update_metric_set.go:27.61,29.17 2 0
github.com/The-Gleb/go_metrics_and_alerting/internal/domain/usecase/update_metric_set.go:29.17,31.4 1 0
github.com/The-Gleb/go_metrics_and_alerting/internal/domain/usecase/update_metric_set.go:34.2,34.15 1 0
github.com/The-Gleb/go_metrics_and_alerting/internal/logger/logger.go:10.37,12.16 2 0
github.com/The-Gleb/go_metrics_and_alerting/internal/logger/logger.go:12.16,14.3 1 0
github.com/The-Gleb/go_metrics_and_alerting/internal/logger/logger.go:15.2,19.16 5 0
github.com/The-Gleb/go_metrics_and_alerting/internal/logger/logger.go:19.16,21.3 1 0
github.com/The-Gleb/go_metrics_and_alerting/internal/logger/logger.go:22.2,23.12 2 0
github.com/The-Gleb/go_metrics_and_alerting/internal/repository/database/storage.go:28.64,30.16 2 0
github.com/The-Gleb/go_metrics_and_alerting/internal/repository/database/storage.go:30.16,32.3 1 0
github.com/The-Gleb/go_metrics_and_alerting/internal/repository/database/storage.go:34.2,35.16 2 0
github.com/The-Gleb/go_metrics_and_alerting/internal/repository/database/storage.go:35.16,37.3 1 0
github.com/The-Gleb/go_metrics_and_alerting/internal/repository/database/storage.go:39.2,39.25 1 0
github.com/The-Gleb/go_metrics_and_alerting/internal/repository/database/storage.go:45.38,47.16 2 0
github.com/The-Gleb/go_metrics_and_alerting/internal/repository/database/storage.go:47.16,50.3 2 0
github.com/The-Gleb/go_metrics_and_alerting/internal/repository/database/storage.go:52.2,53.16 2 0
github.com/The-Gleb/go_metrics_and_alerting/internal/repository/database/storage.go:53.16,56.3 2 0
github.com/The-Gleb/go_metrics_and_alerting/internal/repository/database/storage.go:57.2,57.31 1 0
github.com/The-Gleb/go_metrics_and_alerting/internal/repository/database/storage.go:57.31,59.43 2 0
github.com/The-Gleb/go_metrics_and_alerting/internal/repository/database/storage.go:59.43,61.4 1 0
github.com/The-Gleb/go_metrics_and_alerting/internal/repository/database/storage.go:63.2,63.12 1 0
github.com/The-Gleb/go_metrics_and_alerting/internal/repository/database/storage.go:66.30,69.44 3 0
github.com/The-Gleb/go_metrics_and_alerting/internal/repository/database/storage.go:69.44,71.3 1 0
github.com/The-Gleb/go_metrics_and_alerting/internal/repository/database/storage.go:72.2,72.12 1 0
github.com/The-Gleb/go_metrics_and_alerting/internal/repository/database/storage.go:75.92,77.16 2 0
github.com/The-Gleb/go_metrics_and_alerting/internal/repository/database/storage.go:77.16,79.3 1 0
github.com/The-Gleb/go_metrics_and_alerting/internal/repository/database/storage.go:81.2,83.33 3 0
github.com/The-Gleb/go_metrics_and_alerting/internal/repository/database/storage.go:83.33,85.49 1 0
github.com/The-Gleb/go_metrics_and_alerting/internal/repository/database/storage.go:85.49,87.4 1 0
github.com/The-Gleb/go_metrics_and_alerting/internal/repository/database/storage.go:89.3,89.23 1 0
github.com/The-Gleb/go_metrics_and_alerting/internal/repository/database/storage.go:90.16,91.27 1 0
github.com/The-Gleb/go_metrics_and_alerting/internal/repository/database/storage.go:91.27,93.5 1 0
github.com/The-Gleb/go_metrics_and_alerting/internal/repository/database/storage.go:95.4,101.18 2 0
github.com/The-Gleb/go_metrics_and_alerting/internal/repository/database/storage.go:101.18,103.5 1 0
github.com/The-Gleb/go_metrics_and_alerting/internal/repository/database/storage.go:105.4,105.13 1 0
github.com/The-Gleb/go_metrics_and_alerting/internal/repository/database/storage.go:106.18,107.27 1 0
github.com/The-Gleb/go_metrics_and_alerting/internal/repository/database/storage.go:107.27,109.5 1 0
github.com/The-Gleb/go_metrics_and_alerting/internal/repository/database/storage.go:111.4,117.18 2 0
github.com/The-Gleb/go_metrics_and_alerting/internal/repository/database/storage.go:117.18,119.5 1 0
github.com/The-Gleb/go_metrics_and_alerting/internal/repository/database/storage.go:120.4,120.13 1 0
github.com/The-Gleb/go_metrics_and_alerting/internal/repository/database/storage.go:121.11,122.65 1 0
github.com/The-Gleb/go_metrics_and_alerting/internal/repository/database/storage.go:125.2,126.21 2 0
github.com/The-Gleb/go_metrics_and_alerting/internal/repository/database/storage.go:129.79,131.16 2 0
github.com/The-Gleb/go_metrics_and_alerting/internal/repository/database/storage.go:131.16,133.3 1 0
github.com/The-Gleb/go_metrics_and_alerting/internal/repository/database/storage.go:134.2,137.16 3 0
github.com/The-Gleb/go_metrics_and_alerting/internal/repository/database/storage.go:137.16,139.3 1 0
github.com/The-Gleb/go_metrics_and_alerting/internal/repository/database/storage.go:140.2,143.18 3 0
github.com/The-Gleb/go_metrics_and_alerting/internal/repository/database/storage.go:143.18,147.17 4 0
github.com/The-Gleb/go_metrics_and_alerting/internal/repository/database/storage.go:147.17,149.4 1 0
github.com/The-Gleb/go_metrics_and_alerting/internal/repository/database/storage.go:150.3,152.46 3 0
github.com/The-Gleb/go_metrics_and_alerting/internal/repository/database/storage.go:154.2,154.23 1 0
github.com/The-Gleb/go_metrics_and_alerting/internal/repository/database/storage.go:154.23,156.3 1 0
github.com/The-Gleb/go_metrics_and_alerting/internal/repository/database/storage.go:158.2,159.16 2 0
github.com/The-Gleb/go_metrics_and_alerting/internal/repository/database/storage.go:159.16,161.3 1 0
github.com/The-Gleb/go_metrics_and_alerting/internal/repository/database/storage.go:162.2,165.18 3 0
github.com/The-Gleb/go_metrics_and_alerting/internal/repository/database/storage.go:165.18,169.17 4 0
github.com/The-Gleb/go_metrics_and_alerting/internal/repository/database/storage.go:169.17,171.4 1 0
github.com/The-Gleb/go_metrics_and_alerting/internal/repository/database/storage.go:172.3,174.50 3 0
github.com/The-Gleb/go_metrics_and_alerting/internal/repository/database/storage.go:176.2,176.23 1 0
github.com/The-Gleb/go_metrics_and_alerting/internal/repository/database/storage.go:176.23,178.3 1 0
github.com/The-Gleb/go_metrics_and_alerting/internal/repository/database/storage.go:180.2,185.8 2 0
github.com/The-Gleb/go_metrics_and_alerting/internal/repository/database/storage.go:188.93,200.16 3 0
github.com/The-Gleb/go_metrics_and_alerting/internal/repository/database/storage.go:200.16,202.3 1 0
github.com/The-Gleb/go_metrics_and_alerting/internal/repository/database/storage.go:203.2,203.20 1 0
github.com/The-Gleb/go_metrics_and_alerting/internal/repository/database/storage.go:206.95,218.16 3 0
github.com/The-Gleb/go_metrics_and_alerting/internal/repository/database/storage.go:218.16,220.3 1 0
github.com/The-Gleb/go_metrics_and_alerting/internal/repository/database/storage.go:222.2,222.20 1 0
github.com/The-Gleb/go_metrics_and_alerting/internal/repository/database/storage.go:225.93,230.16 4 0
github.com/The-Gleb/go_metrics_and_alerting/internal/repository/database/storage.go:230.16,232.3 1 0
github.com/The-Gleb/go_metrics_and_alerting/internal/repository/database/storage.go:234.2,238.8 1 0
github.com/The-Gleb/go_metrics_and_alerting/internal/repository/database/storage.go:241.95,246.16 4 0
github.com/The-Gleb/go_metrics_and_alerting/internal/repository/database/storage.go:246.16,248.3 1 0
github.com/The-Gleb/go_metrics_and_alerting/internal/repository/database/storage.go:250.2,254.8 1 0
github.com/The-Gleb/go_metrics_and_alerting/internal/repository/database/storage.go:257.61,260.9 2 0
github.com/The-Gleb/go_metrics_and_alerting/internal/repository/database/storage.go:261.77,262.74 1 0
github.com/The-Gleb/go_metrics_and_alerting/internal/repository/database/storage.go:263.37,264.72 1 0
github.com/The-Gleb/go_metrics_and_alerting/internal/repository/database/storage.go:265.10,267.46 2 0
github.com/The-Gleb/go_metrics_and_alerting/internal/repository/database/storage.go:270.2,270.12 1 0
github.com/The-Gleb/go_metrics_and_alerting/internal/repository/file_storage/file_storage.go:14.47,18.2 1 0
github.com/The-Gleb/go_metrics_and_alerting/internal/repository/file_storage/file_storage.go:20.53,22.16 2 0
github.com/The-Gleb/go_metrics_and_alerting/internal/repository/file_storage/file_storage.go:22.16,24.3 1 0
github.com/The-Gleb/go_metrics_and_alerting/internal/repository/file_storage/file_storage.go:25.2,26.16 2 0
github.com/The-Gleb/go_metrics_and_alerting/internal/repository/file_storage/file_storage.go:26.16,28.3 1 0
github.com/The-Gleb/go_metrics_and_alerting/internal/repository/file_storage/file_storage.go:29.2,30.16 2 0
github.com/The-Gleb/go_metrics_and_alerting/internal/repository/file_storage/file_storage.go:30.16,32.3 1 0
github.com/The-Gleb/go_metrics_and_alerting/internal/repository/file_storage/file_storage.go:33.2,33.12 1 0
github.com/The-Gleb/go_metrics_and_alerting/internal/repository/file_storage/file_storage.go:36.51,38.16 2 0
github.com/The-Gleb/go_metrics_and_alerting/internal/repository/file_storage/file_storage.go:38.16,41.3 2 0
github.com/The-Gleb/go_metrics_and_alerting/internal/repository/file_storage/file_storage.go:43.2,45.38 3 0
github.com/The-Gleb/go_metrics_and_alerting/internal/repository/file_storage/file_storage.go:45.38,48.3 2 0
github.com/The-Gleb/go_metrics_and_alerting/internal/repository/file_storage/file_storage.go:49.2,50.18 2 0
github.com/The-Gleb/go_metrics_and_alerting/internal/repository/memory/storage.go:26.21,31.2 1 1
github.com/The-Gleb/go_metrics_and_alerting/internal/repository/memory/storage.go:33.97,37.2 2 0
github.com/The-Gleb/go_metrics_and_alerting/internal/repository/memory/storage.go:39.99,46.2 5 0
github.com/The-Gleb/go_metrics_and_alerting/internal/repository/memory/storage.go:48.97,50.9 2 0
github.com/The-Gleb/go_metrics_and_alerting/internal/repository/memory/storage.go:50.9,52.3 1 0
github.com/The-Gleb/go_metrics_and_alerting/internal/repository/memory/storage.go:53.2,54.9 2 0
github.com/The-Gleb/go_metrics_and_alerting/internal/repository/memory/storage.go:54.9,56.3 1 0
github.com/The-Gleb/go_metrics_and_alerting/internal/repository/memory/storage.go:58.2,62.8 1 0
github.com/The-Gleb/go_metrics_and_alerting/internal/repository/memory/storage.go:65.99,67.9 2 0
github.com/The-Gleb/go_metrics_and_alerting/internal/repository/memory/storage.go:67.9,69.3 1 0
github.com/The-Gleb/go_metrics_and_alerting/internal/repository/memory/storage.go:70.2,76.8 2 0
github.com/The-Gleb/go_metrics_and_alerting/internal/repository/memory/storage.go:79.96,84.33 4 1
github.com/The-Gleb/go_metrics_and_alerting/internal/repository/memory/storage.go:84.33,85.23 1 1
github.com/The-Gleb/go_metrics_and_alerting/internal/repository/memory/storage.go:86.16,87.27 1 1
github.com/The-Gleb/go_metrics_and_alerting/internal/repository/memory/storage.go:87.27,89.5 1 0
github.com/The-Gleb/go_metrics_and_alerting/internal/repository/memory/storage.go:91.4,93.13 2 1
github.com/The-Gleb/go_metrics_and_alerting/internal/repository/memory/storage.go:94.18,95.27 1 1
github.com/The-Gleb/go_metrics_and_alerting/internal/repository/memory/storage.go:95.27,97.5 1 0
github.com/The-Gleb/go_metrics_and_alerting/internal/repository/memory/storage.go:99.4,101.13 3 1
github.com/The-Gleb/go_metrics_and_alerting/internal/repository/memory/storage.go:102.11,103.65 1 0
github.com/The-Gleb/go_metrics_and_alerting/internal/repository/memory/storage.go:106.2,108.21 3 1
github.com/The-Gleb/go_metrics_and_alerting/internal/repository/memory/storage.go:111.83,113.46 2 1
github.com/The-Gleb/go_metrics_and_alerting/internal/repository/memory/storage.go:113.46,123.3 3 1
github.com/The-Gleb/go_metrics_and_alerting/internal/repository/memory/storage.go:125.2,126.48 2 1
github.com/The-Gleb/go_metrics_and_alerting/internal/repository/memory/storage.go:126.48,137.3 4 1
github.com/The-Gleb/go_metrics_and_alerting/internal/repository/memory/storage.go:139.2,142.8 1 1
github.com/The-Gleb/go_metrics_and_alerting/internal/repository/memory/storage.go:145.66,146.15 1 0
github.com/The-Gleb/go_metrics_and_alerting/internal/repository/memory/storage.go:147.15,148.41 1 0
github.com/The-Gleb/go_metrics_and_alerting/internal/repository/memory/storage.go:148.41,149.38 1 0
github.com/The-Gleb/go_metrics_and_alerting/internal/repository/memory/storage.go:149.38,151.5 1 0
github.com/The-Gleb/go_metrics_and_alerting/internal/repository/memory/storage.go:153.17,155.9 2 0
github.com/The-Gleb/go_metrics_and_alerting/internal/repository/memory/storage.go:155.9,158.4 2 0
github.com/The-Gleb/go_metrics_and_alerting/internal/repository/memory/storage.go:159.10,160.34 1 0
github.com/The-Gleb/go_metrics_and_alerting/internal/repository/memory/storage.go:162.2,162.35 1 0
github.com/The-Gleb/go_metrics_and_alerting/internal/repository/memory/storage.go:165.34,167.2 1 0
github.com/The-Gleb/go_metrics_and_alerting/internal/repository/memory/storage.go:169.41,172.30 2 1
github.com/The-Gleb/go_metrics_and_alerting/internal/repository/memory/storage.go:172.30,176.3 2 1
github.com/The-Gleb/go_metrics_and_alerting/internal/repository/memory/storage.go:178.2,178.12 1 1
github.com/The-Gleb/go_metrics_and_alerting/internal/repository/memory/storage.go:181.67,182.15 1 0
github.com/The-Gleb/go_metrics_and_alerting/internal/repository/memory/storage.go:183.15,185.17 2 0
github.com/The-Gleb/go_metrics_and_alerting/internal/repository/memory/storage.go:185.17,187.4 1 0
github.com/The-Gleb/go_metrics_and_alerting/internal/repository/memory/storage.go:188.3,188.32 1 0
github.com/The-Gleb/go_metrics_and_alerting/internal/repository/memory/storage.go:189.17,191.17 2 0
github.com/The-Gleb/go_metrics_and_alerting/internal/repository/memory/storage.go:191.17,193.4 1 0
github.com/The-Gleb/go_metrics_and_alerting/internal/repository/memory/storage.go:195.3,197.34 2 0
github.com/The-Gleb/go_metrics_and_alerting/internal/repository/memory/storage.go:199.10,200.30 1 0
github.com/The-Gleb/go_metrics_and_alerting/internal/repository/memory/storage.go:202.2,202.12 1 0
github.com/The-Gleb/go_metrics_and_alerting/internal/server/server.go:27.74,34.2 3 0
github.com/The-Gleb/go_metrics_and_alerting/internal/server/server.go:36.86,46.2 4 0
github.com/The-Gleb/go_metrics_and_alerting/internal/server/server.go:48.49,51.2 2 0
github.com/The-Gleb/go_metrics_and_alerting/internal/server/server.go:53.42,61.2 7 0
github.com/The-Gleb/go_metrics_and_alerting/internal/server/server.go:63.32,68.2 2 0
github.com/The-Gleb/go_metrics_and_alerting/pkg/client/postgresql.go:24.81,28.35 1 0
github.com/The-Gleb/go_metrics_and_alerting/pkg/client/postgresql.go:28.35,33.18 4 0
github.com/The-Gleb/go_metrics_and_alerting/pkg/client/postgresql.go:33.18,35.5 1 0
github.com/The-Gleb/go_metrics_and_alerting/pkg/client/postgresql.go:36.4,36.14 1 0
github.com/The-Gleb/go_metrics_and_alerting/pkg/client/postgresql.go:40.2,41.16 2 0
github.com/The-Gleb/go_metrics_and_alerting/pkg/client/postgresql.go:41.16,44.3 2 0
github.com/The-Gleb/go_metrics_and_alerting/pkg/client/postgresql.go:46.2,46.16 1 0
github.com/The-Gleb/go_metrics_and_alerting/pkg/client/postgresql.go:46.16,48.3 1 0
github.com/The-Gleb/go_metrics_and_alerting/pkg/client/postgresql.go:50.2,50.18 1 0
github.com/The-Gleb/go_metrics_and_alerting/pkg/utils/retry/retry.go:14.13,21.2 1 1
github.com/The-Gleb/go_metrics_and_alerting/pkg/utils/retry/retry.go:33.9,42.2 1 1
github.com/The-Gleb/go_metrics_and_alerting/pkg/utils/retry/retry.go:51.9,54.36 2 1
github.com/The-Gleb/go_metrics_and_alerting/pkg/utils/retry/retry.go:54.36,55.10 1 1
github.com/The-Gleb/go_metrics_and_alerting/pkg/utils/retry/retry.go:56.21,58.18 2 0
github.com/The-Gleb/go_metrics_and_alerting/pkg/utils/retry/retry.go:58.18,60.5 1 0
github.com/The-Gleb/go_metrics_and_alerting/pkg/utils/retry/retry.go:61.11,66.18 3 1
github.com/The-Gleb/go_metrics_and_alerting/pkg/utils/retry/retry.go:66.18,69.42 2 0
github.com/The-Gleb/go_metrics_and_alerting/pkg/utils/retry/retry.go:69.42,70.34 1 0
github.com/The-Gleb/go_metrics_and_alerting/pkg/utils/retry/retry.go:70.34,72.7 1 0
github.com/The-Gleb/go_metrics_and_alerting/pkg/utils/retry/retry.go:75.5,75.23 1 0
github.com/The-Gleb/go_metrics_and_alerting/pkg/utils/retry/retry.go:75.23,78.14 3 0
github.com/The-Gleb/go_metrics_and_alerting/pkg/utils/retry/retry.go:81.5,81.15 1 0
github.com/The-Gleb/go_metrics_and_alerting/pkg/utils/retry/retry.go:84.4,84.14 1 1
github.com/The-Gleb/go_metrics_and_alerting/pkg/utils/retry/retry.go:87.2,87.12 1 0
github.com/The-Gleb/go_metrics_and_alerting/playground/playground.go:15.13,29.2 2 0
github.com/The-Gleb/go_metrics_and_alerting/playground/playground.go:31.27,70.2 9 0
github.com/The-Gleb/go_metrics_and_alerting/playground/playground.go:76.48,85.16 4 0
github.com/The-Gleb/go_metrics_and_alerting/playground/playground.go:85.16,88.3 2 0
github.com/The-Gleb/go_metrics_and_alerting/playground/playground.go:89.2,95.56 3 0
github.com/The-Gleb/go_metrics_and_alerting/playground/playground.go:98.19,105.16 7 0
github.com/The-Gleb/go_metrics_and_alerting/playground/playground.go:105.16,107.3 1 0
github.com/The-Gleb/go_metrics_and_alerting/playground/playground.go:108.2,113.49 3 0
github.com/The-Gleb/go_metrics_and_alerting/playground/playground.go:116.15,121.2 2 0
github.com/The-Gleb/go_metrics_and_alerting/playground/playground.go:123.19,134.16 6 0
github.com/The-Gleb/go_metrics_and_alerting/playground/playground.go:134.16,136.3 1 0
github.com/The-Gleb/go_metrics_and_alerting/playground/playground.go:137.2,138.51 2 0
github.com/The-Gleb/go_metrics_and_alerting/playground/playground.go:143.19,151.2 4 0
github.com/The-Gleb/go_metrics_and_alerting/playground/playground.go:153.31,162.2 6 0
github.com/The-Gleb/go_metrics_and_alerting/playground/playground.go:164.33,172.2 5 0
github.com/The-Gleb/go_metrics_and_alerting/playground/playground.go:174.32,181.16 4 0
github.com/The-Gleb/go_metrics_and_alerting/playground/playground.go:181.16,184.3 2 0
github.com/The-Gleb/go_metrics_and_alerting/playground/playground.go:185.2,189.16 4 0
github.com/The-Gleb/go_metrics_and_alerting/playground/playground.go:189.16,191.3 1 0
github.com/The-Gleb/go_metrics_and_alerting/playground/playground.go:193.2,199.53 3 0
github.com/The-Gleb/go_metrics_and_alerting/playground/playground.go:202.34,209.16 4 0
github.com/The-Gleb/go_metrics_and_alerting/playground/playground.go:209.16,212.3 2 0
github.com/The-Gleb/go_metrics_and_alerting/playground/playground.go:213.2,217.16 4 0
github.com/The-Gleb/go_metrics_and_alerting/playground/playground.go:217.16,219.3 1 0
github.com/The-Gleb/go_metrics_and_alerting/playground/playground.go:221.2,234.32 5 0
github.com/The-Gleb/go_metrics_and_alerting/playground/playground.go:237.39,245.2 5 0
github.com/The-Gleb/go_metrics_and_alerting/playground/playground.go:247.41,255.2 5 0
github.com/The-Gleb/go_metrics_and_alerting/playground/playground.go:257.48,266.16 4 0
github.com/The-Gleb/go_metrics_and_alerting/playground/playground.go:266.16,269.3 2 0
github.com/The-Gleb/go_metrics_and_alerting/playground/playground.go:279.2,287.56 3 0
github.com/The-Gleb/go_metrics_and_alerting/playground/playground.go:290.45,293.16 3 0
github.com/The-Gleb/go_metrics_and_alerting/playground/playground.go:293.16,295.3 1 0
github.com/The-Gleb/go_metrics_and_alerting/playground/playground.go:297.2,299.18 2 0
github.com/The-Gleb/go_metrics_and_alerting/cmd/agent/flags.go:22.64,25.2 2 0
github.com/The-Gleb/go_metrics_and_alerting/cmd/agent/flags.go:27.72,30.2 2 0
github.com/The-Gleb/go_metrics_and_alerting/cmd/agent/flags.go:32.74,35.2 2 0
github.com/The-Gleb/go_metrics_and_alerting/cmd/agent/flags.go:37.61,40.2 2 0
github.com/The-Gleb/go_metrics_and_alerting/cmd/agent/flags.go:42.62,45.2 2 0
github.com/The-Gleb/go_metrics_and_alerting/cmd/agent/flags.go:47.34,78.2 16 0
github.com/The-Gleb/go_metrics_and_alerting/cmd/agent/main.go:38.13,44.12 2 0
github.com/The-Gleb/go_metrics_and_alerting/cmd/agent/main.go:44.12,46.3 1 0
github.com/The-Gleb/go_metrics_and_alerting/cmd/agent/main.go:48.2,72.81 15 0
github.com/The-Gleb/go_metrics_and_alerting/cmd/agent/main.go:72.81,76.4 3 0
github.com/The-Gleb/go_metrics_and_alerting/cmd/agent/main.go:79.2,84.40 5 0
github.com/The-Gleb/go_metrics_and_alerting/cmd/agent/main.go:84.40,85.13 1 0
github.com/The-Gleb/go_metrics_and_alerting/cmd/agent/main.go:85.13,86.25 1 0
github.com/The-Gleb/go_metrics_and_alerting/cmd/agent/main.go:86.25,88.5 1 0
github.com/The-Gleb/go_metrics_and_alerting/cmd/agent/main.go:92.2,92.12 1 0
github.com/The-Gleb/go_metrics_and_alerting/cmd/agent/main.go:92.12,93.27 1 0
github.com/The-Gleb/go_metrics_and_alerting/cmd/agent/main.go:93.27,95.4 1 0
github.com/The-Gleb/go_metrics_and_alerting/cmd/agent/main.go:98.2,98.12 1 0
github.com/The-Gleb/go_metrics_and_alerting/cmd/agent/main.go:98.12,99.31 1 0
github.com/The-Gleb/go_metrics_and_alerting/cmd/agent/main.go:99.31,101.4 1 0
github.com/The-Gleb/go_metrics_and_alerting/cmd/agent/main.go:104.2,104.6 1 0
github.com/The-Gleb/go_metrics_and_alerting/cmd/agent/main.go:104.6,105.10 1 0
github.com/The-Gleb/go_metrics_and_alerting/cmd/agent/main.go:106.23,108.35 2 0
github.com/The-Gleb/go_metrics_and_alerting/cmd/agent/main.go:109.25,110.28 1 0
github.com/The-Gleb/go_metrics_and_alerting/cmd/agent/main.go:111.12,114.10 3 0
github.com/The-Gleb/go_metrics_and_alerting/cmd/agent/main.go:119.38,124.2 3 0
github.com/The-Gleb/go_metrics_and_alerting/cmd/agent/main.go:126.140,130.36 3 0
github.com/The-Gleb/go_metrics_and_alerting/cmd/agent/main.go:130.36,136.3 1 0
github.com/The-Gleb/go_metrics_and_alerting/cmd/agent/main.go:137.2,147.16 5 0
github.com/The-Gleb/go_metrics_and_alerting/cmd/agent/main.go:147.16,149.3 1 0
github.com/The-Gleb/go_metrics_and_alerting/cmd/agent/main.go:151.2,154.22 3 0
github.com/The-Gleb/go_metrics_and_alerting/cmd/agent/main.go:154.22,156.17 2 0
github.com/The-Gleb/go_metrics_and_alerting/cmd/agent/main.go:156.17,158.4 1 0
github.com/The-Gleb/go_metrics_and_alerting/cmd/agent/main.go:160.3,161.74 2 0
github.com/The-Gleb/go_metrics_and_alerting/cmd/agent/main.go:164.2,168.16 5 0
github.com/The-Gleb/go_metrics_and_alerting/cmd/agent/main.go:168.16,171.3 2 0
github.com/The-Gleb/go_metrics_and_alerting/cmd/agent/main.go:172.2,181.16 3 0
github.com/The-Gleb/go_metrics_and_alerting/cmd/agent/main.go:181.16,183.3 1 0
github.com/The-Gleb/go_metrics_and_alerting/cmd/agent/main.go:184.2,185.34 2 0
github.com/The-Gleb/go_metrics_and_alerting/cmd/agent/main.go:188.68,190.16 2 0
github.com/The-Gleb/go_metrics_and_alerting/cmd/agent/main.go:190.16,193.3 2 0
github.com/The-Gleb/go_metrics_and_alerting/cmd/agent/main.go:195.2,196.16 2 0
github.com/The-Gleb/go_metrics_and_alerting/cmd/agent/main.go:196.16,199.3 2 0
github.com/The-Gleb/go_metrics_and_alerting/cmd/agent/main.go:201.2,202.26 2 0
github.com/The-Gleb/go_metrics_and_alerting/cmd/agent/main.go:202.26,205.3 2 0
github.com/The-Gleb/go_metrics_and_alerting/cmd/agent/main.go:206.2,216.38 7 0
github.com/The-Gleb/go_metrics_and_alerting/cmd/agent/main.go:219.45,222.16 3 0
github.com/The-Gleb/go_metrics_and_alerting/cmd/agent/main.go:222.16,224.3 1 0
github.com/The-Gleb/go_metrics_and_alerting/cmd/agent/main.go:226.2,228.18 2 0
github.com/The-Gleb/go_metrics_and_alerting/cmd/agent/main.go:231.89,232.34 1 0
github.com/The-Gleb/go_metrics_and_alerting/cmd/agent/main.go:232.34,243.17 3 0
github.com/The-Gleb/go_metrics_and_alerting/cmd/agent/main.go:243.17,245.4 1 0
github.com/The-Gleb/go_metrics_and_alerting/cmd/agent/main.go:247.2,257.16 3 0
github.com/The-Gleb/go_metrics_and_alerting/cmd/agent/main.go:257.16,259.3 1 0
github.com/The-Gleb/go_metrics_and_alerting/cmd/agent/main.go:260.2,260.41 1 0
github.com/The-Gleb/go_metrics_and_alerting/cmd/agent/main.go:263.87,264.34 1 0
github.com/The-Gleb/go_metrics_and_alerting/cmd/agent/main.go:264.34,272.17 3 0
github.com/The-Gleb/go_metrics_and_alerting/cmd/agent/main.go:272.17,275.4 2 0
github.com/The-Gleb/go_metrics_and_alerting/cmd/agent/main.go:276.3,276.35 1 0
github.com/The-Gleb/go_metrics_and_alerting/cmd/agent/main.go:279.2,283.16 3 0
github.com/The-Gleb/go_metrics_and_alerting/cmd/agent/main.go:283.16,286.3 2 0
github.com/The-Gleb/go_metrics_and_alerting/cmd/agent/main.go:288.2,293.34 3 0
github.com/The-Gleb/go_metrics_and_alerting/cmd/agent/main.go:296.68,333.2 33 0
github.com/The-Gleb/go_metrics_and_alerting/cmd/agent/main.go:335.42,346.16 3 0
github.com/The-Gleb/go_metrics_and_alerting/cmd/agent/main.go:346.16,348.3 1 0
github.com/The-Gleb/go_metrics_and_alerting/cmd/agent/main.go:349.2,349.46 1 0
github.com/The-Gleb/go_metrics_and_alerting/cmd/server/flags.go:27.64,30.2 2 0
github.com/The-Gleb/go_metrics_and_alerting/cmd/server/flags.go:31.64,34.2 2 0
github.com/The-Gleb/go_metrics_and_alerting/cmd/server/flags.go:35.69,38.2 2 0
github.com/The-Gleb/go_metrics_and_alerting/cmd/server/flags.go:39.70,42.2 2 0
github.com/The-Gleb/go_metrics_and_alerting/cmd/server/flags.go:43.63,46.2 2 0
github.com/The-Gleb/go_metrics_and_alerting/cmd/server/flags.go:48.65,51.2 2 0
github.com/The-Gleb/go_metrics_and_alerting/cmd/server/flags.go:53.61,56.2 2 0
github.com/The-Gleb/go_metrics_and_alerting/cmd/server/flags.go:58.34,105.2 22 0
github.com/The-Gleb/go_metrics_and_alerting/cmd/server/main.go:34.13,40.50 2 0
github.com/The-Gleb/go_metrics_and_alerting/cmd/server/main.go:40.50,42.3 1 0
github.com/The-Gleb/go_metrics_and_alerting/cmd/server/main.go:45.37,49.12 3 0
github.com/The-Gleb/go_metrics_and_alerting/cmd/server/main.go:49.12,51.3 1 0
github.com/The-Gleb/go_metrics_and_alerting/cmd/server/main.go:53.2,55.59 2 0
github.com/The-Gleb/go_metrics_and_alerting/cmd/server/main.go:55.59,58.3 2 0
github.com/The-Gleb/go_metrics_and_alerting/cmd/server/main.go:59.2,64.34 4 0
github.com/The-Gleb/go_metrics_and_alerting/cmd/server/main.go:64.34,66.3 1 0
github.com/The-Gleb/go_metrics_and_alerting/cmd/server/main.go:68.2,68.30 1 0
github.com/The-Gleb/go_metrics_and_alerting/cmd/server/main.go:68.30,70.17 2 0
github.com/The-Gleb/go_metrics_and_alerting/cmd/server/main.go:70.17,72.4 1 0
github.com/The-Gleb/go_metrics_and_alerting/cmd/server/main.go:73.3,73.18 1 0
github.com/The-Gleb/go_metrics_and_alerting/cmd/server/main.go:74.8,76.3 1 0
github.com/The-Gleb/go_metrics_and_alerting/cmd/server/main.go:78.2,115.12 27 0
github.com/The-Gleb/go_metrics_and_alerting/cmd/server/main.go:115.12,118.17 3 0
github.com/The-Gleb/go_metrics_and_alerting/cmd/server/main.go:118.17,120.4 1 0
github.com/The-Gleb/go_metrics_and_alerting/cmd/server/main.go:123.2,124.12 2 0
github.com/The-Gleb/go_metrics_and_alerting/cmd/server/main.go:124.12,132.17 6 0
github.com/The-Gleb/go_metrics_and_alerting/cmd/server/main.go:132.17,133.14 1 0
github.com/The-Gleb/go_metrics_and_alerting/cmd/server/main.go:135.3,135.37 1 0
github.com/The-Gleb/go_metrics_and_alerting/cmd/server/main.go:138.2,139.43 2 0
github.com/The-Gleb/go_metrics_and_alerting/cmd/server/main.go:139.43,141.3 1 0
github.com/The-Gleb/go_metrics_and_alerting/cmd/server/main.go:143.2,143.12 1 0
github.com/The-Gleb/go_metrics_and_alerting/cmd/staticlint/main.go:58.13,60.42 2 0
github.com/The-Gleb/go_metrics_and_alerting/cmd/staticlint/main.go:60.42,66.32 1 0
github.com/The-Gleb/go_metrics_and_alerting/cmd/staticlint/main.go:66.32,68.4 1 0
github.com/The-Gleb/go_metrics_and_alerting/cmd/staticlint/main.go:71.2,216.3 2 0
github.com/The-Gleb/go_metrics_and_alerting/cmd/staticlint/main.go:226.52,227.34 1 0
github.com/The-Gleb/go_metrics_and_alerting/cmd/staticlint/main.go:227.34,228.31 1 0
github.com/The-Gleb/go_metrics_and_alerting/cmd/staticlint/main.go:228.31,229.12 1 0
[...]
github.com/The-Gleb/go_metrics_and_alerting/internal/domain/usecase/update_metric.go:27.2,27.61 1 0
github.com/The-Gleb/go_metrics_and_alerting/internal/domain/usecase/update_metric.go:27.61,29.17 2 0
github.com/The-Gleb/go_metrics_and_alerting/internal/domain/usecase/update_metric.go:29.17,31.4 1 0
github.com/The-Gleb/go_metrics_and_alerting/internal/domain/usecase/update_metric.go:34.2,34.20 1 0
github.com/The-Gleb/go_metrics_and_alerting/internal/domain/usecase/update_metric_set.go:14.92,19.2 1 0
github.com/The-Gleb/go_metrics_and_alerting/internal/domain/usecase/update_metric_set.go:21.112,23.16 2 0
github.com/The-Gleb/go_metrics_and_alerting/internal/domain/usecase/update_metric_set.go:23.16,25.3 1 0
github.com/The-Gleb/go_metrics_and_alerting/internal/domain/usecase/update_metric_set.go:27.2,27.61 1 0
github.com/The-Gleb/go_metrics_and_alerting/internal/domain/usecase/update_metric_set.go:27.61,29.17 2 0
github.com/The-Gleb/go_metrics_and_alerting/internal/domain/usecase/update_metric_set.go:29.17,31.4 1 0
github.com/The-Gleb/go_metrics_and_alerting/internal/domain/usecase/update_metric_set.go:34.2,34.15 1 0
github.com/The-Gleb/go_metrics_and_alerting/internal/logger/logger.go:10.37,12.16 2 0
github.com/The-Gleb/go_metrics_and_alerting/internal/logger/logger.go:12.16,14.3 1 0
github.com/The-Gleb/go_metrics_and_alerting/internal/logger/logger.go:15.2,19.16 5 0
github.com/The-Gleb/go_metrics_and_alerting/internal/logger/logger.go:19.16,21.3 1 0
github.com/The-Gleb/go_metrics_and_alerting/internal/logger/logger.go:22.2,23.12 2 0
github.com/The-Gleb/go_metrics_and_alerting/internal/repository/database/storage.go:28.64,30.16 2 1
github.com/The-Gleb/go_metrics_and_alerting/internal/repository/database/storage.go:30.16,32.3 1 0
github.com/The-Gleb/go_metrics_and_alerting/internal/repository/database/storage.go:34.2,35.16 2 1
github.com/The-Gleb/go_metrics_and_alerting/internal/repository/database/storage.go:35.16,37.3 1 0
github.com/The-Gleb/go_metrics_and_alerting/internal/repository/database/storage.go:39.2,39.25 1 1
github.com/The-Gleb/go_metrics_and_alerting/internal/repository/database/storage.go:45.38,47.16 2 1
github.com/The-Gleb/go_metrics_and_alerting/internal/repository/database/storage.go:47.16,50.3 2 0
github.com/The-Gleb/go_metrics_and_alerting/internal/repository/database/storage.go:52.2,53.16 2 1
github.com/The-Gleb/go_metrics_and_alerting/internal/repository/database/storage.go:53.16,56.3 2 0
github.com/The-Gleb/go_metrics_and_alerting/internal/repository/database/storage.go:57.2,57.31 1 1
github.com/The-Gleb/go_metrics_and_alerting/internal/repository/database/storage.go:57.31,59.43 2 1
github.com/The-Gleb/go_metrics_and_alerting/internal/repository/database/storage.go:59.43,61.4 1 0
github.com/The-Gleb/go_metrics_and_alerting/internal/repository/database/storage.go:63.2,63.12 1 1
github.com/The-Gleb/go_metrics_and_alerting/internal/repository/database/storage.go:66.30,69.44 3 0
github.com/The-Gleb/go_metrics_and_alerting/internal/repository/database/storage.go:69.44,71.3 1 0
github.com/The-Gleb/go_metrics_and_alerting/internal/repository/database/storage.go:72.2,72.12 1 0
github.com/The-Gleb/go_metrics_and_alerting/internal/repository/database/storage.go:75.92,77.16 2 1
github.com/The-Gleb/go_metrics_and_alerting/internal/repository/database/storage.go:77.16,79.3 1 0
github.com/The-Gleb/go_metrics_and_alerting/internal/repository/database/storage.go:81.2,83.33 3 1
github.com/The-Gleb/go_metrics_and_alerting/internal/repository/database/storage.go:83.33,85.49 1 1
github.com/The-Gleb/go_metrics_and_alerting/internal/repository/database/storage.go:85.49,87.4 1 0
github.com/The-Gleb/go_metrics_and_alerting/internal/repository/database/storage.go:89.3,89.23 1 1
github.com/The-Gleb/go_metrics_and_alerting/internal/repository/database/storage.go:90.16,91.27 1 1
github.com/The-Gleb/go_metrics_and_alerting/internal/repository/database/storage.go:91.27,93.5 1 1
github.com/The-Gleb/go_metrics_and_alerting/internal/repository/database/storage.go:95.4,101.18 2 1
github.com/The-Gleb/go_metrics_and_alerting/internal/repository/database/storage.go:101.18,103.5 1 0
github.com/The-Gleb/go_metrics_and_alerting/internal/repository/database/storage.go:105.4,105.13 1 1
github.com/The-Gleb/go_metrics_and_alerting/internal/repository/database/storage.go:106.18,107.27 1 1
github.com/The-Gleb/go_metrics_and_alerting/internal/repository/database/storage.go:107.27,109.5 1 0
github.com/The-Gleb/go_metrics_and_alerting/internal/repository/database/storage.go:111.4,117.18 2 1
github.com/The-Gleb/go_metrics_and_alerting/internal/repository/database/storage.go:117.18,119.5 1 0
github.com/The-Gleb/go_metrics_and_alerting/internal/repository/database/storage.go:120.4,120.13 1 1
github.com/The-Gleb/go_metrics_and_alerting/internal/repository/database/storage.go:121.11,122.65 1 0
github.com/The-Gleb/go_metrics_and_alerting/internal/repository/database/storage.go:125.2,126.21 2 1
github.com/The-Gleb/go_metrics_and_alerting/internal/repository/database/storage.go:129.79,131.16 2 1
github.com/The-Gleb/go_metrics_and_alerting/internal/repository/database/storage.go:131.16,133.3 1 0
github.com/The-Gleb/go_metrics_and_alerting/internal/repository/database/storage.go:134.2,137.16 3 1
github.com/The-Gleb/go_metrics_and_alerting/internal/repository/database/storage.go:137.16,139.3 1 0
github.com/The-Gleb/go_metrics_and_alerting/internal/repository/database/storage.go:140.2,143.18 3 1
github.com/The-Gleb/go_metrics_and_alerting/internal/repository/database/storage.go:143.18,147.17 4 1
github.com/The-Gleb/go_metrics_and_alerting/internal/repository/database/storage.go:147.17,149.4 1 0
github.com/The-Gleb/go_metrics_and_alerting/internal/repository/database/storage.go:150.3,152.46 3 1
github.com/The-Gleb/go_metrics_and_alerting/internal/repository/database/storage.go:154.2,154.23 1 1
github.com/The-Gleb/go_metrics_and_alerting/internal/repository/database/storage.go:154.23,156.3 1 0
github.com/The-Gleb/go_metrics_and_alerting/internal/repository/database/storage.go:158.2,159.16 2 1
github.com/The-Gleb/go_metrics_and_alerting/internal/repository/database/storage.go:159.16,161.3 1 0
github.com/The-Gleb/go_metrics_and_alerting/internal/repository/database/storage.go:162.2,165.18 3 1
github.com/The-Gleb/go_metrics_and_alerting/internal/repository/database/storage.go:165.18,169.17 4 1
github.com/The-Gleb/go_metrics_and_alerting/internal/repository/database/storage.go:169.17,171.4 1 0
github.com/The-Gleb/go_metrics_and_alerting/internal/repository/database/storage.go:172.3,174.50 3 1
github.com/The-Gleb/go_metrics_and_alerting/internal/repository/database/storage.go:176.2,176.23 1 1
github.com/The-Gleb/go_metrics_and_alerting/internal/repository/database/storage.go:176.23,178.3 1 0
github.com/The-Gleb/go_metrics_and_alerting/internal/repository/database/storage.go:180.2,185.8 2 1
github.com/The-Gleb/go_metrics_and_alerting/internal/repository/database/storage.go:188.93,200.16 3 1
github.com/The-Gleb/go_metrics_and_alerting/internal/repository/database/storage.go:200.16,202.3 1 0
github.com/The-Gleb/go_metrics_and_alerting/internal/repository/database/storage.go:203.2,203.20 1 1
github.com/The-Gleb/go_metrics_and_alerting/internal/repository/database/storage.go:206.95,218.16 3 1
github.com/The-Gleb/go_metrics_and_alerting/internal/repository/database/storage.go:218.16,220.3 1 0
github.com/The-Gleb/go_metrics_and_alerting/internal/repository/database/storage.go:222.2,222.20 1 1
github.com/The-Gleb/go_metrics_and_alerting/internal/repository/database/storage.go:225.93,230.16 4 1
github.com/The-Gleb/go_metrics_and_alerting/internal/repository/database/storage.go:230.16,232.3 1 1
github.com/The-Gleb/go_metrics_and_alerting/internal/repository/database/storage.go:234.2,238.8 1 1
github.com/The-Gleb/go_metrics_and_alerting/internal/repository/database/storage.go:241.95,246.16 4 1
github.com/The-Gleb/go_metrics_and_alerting/internal/repository/database/storage.go:246.16,248.3 1 1
github.com/The-Gleb/go_metrics_and_alerting/internal/repository/database/storage.go:250.2,254.8 1 1
github.com/The-Gleb/go_metrics_and_alerting/internal/repository/database/storage.go:257.61,260.9 2 1
github.com/The-Gleb/go_metrics_and_alerting/internal/repository/database/storage.go:261.77,262.74 1 0
github.com/The-Gleb/go_metrics_and_alerting/internal/repository/database/storage.go:263.37,264.72 1 1
github.com/The-Gleb/go_metrics_and_alerting/internal/repository/database/storage.go:265.10,267.46 2 0
github.com/The-Gleb/go_metrics_and_alerting/internal/repository/database/storage.go:270.2,270.12 1 1
github.com/The-Gleb/go_metrics_and_alerting/internal/repository/file_storage/file_storage.go:14.47,18.2 1 0
github.com/The-Gleb/go_metrics_and_alerting/internal/repository/file_storage/file_storage.go:20.53,22.16 2 0
github.com/The-Gleb/go_metrics_and_alerting/internal/repository/file_storage/file_storage.go:22.16,24.3 1 0
github.com/The-Gleb/go_metrics_and_alerting/internal/repository/file_storage/file_storage.go:25.2,26.16 2 0
github.com/The-Gleb/go_metrics_and_alerting/internal/repository/file_storage/file_storage.go:26.16,28.3 1 0
github.com/The-Gleb/go_metrics_and_alerting/internal/repository/file_storage/file_storage.go:29.2,30.16 2 0
github.com/The-Gleb/go_metrics_and_alerting/internal/repository/file_storage/file_storage.go:30.16,32.3 1 0
github.com/The-Gleb/go_metrics_and_alerting/internal/repository/file_storage/file_storage.go:33.2,33.12 1 0
github.com/The-Gleb/go_metrics_and_alerting/internal/repository/file_storage/file_storage.go:36.51,38.16 2 0
github.com/The-Gleb/go_metrics_and_alerting/internal/repository/file_storage/file_storage.go:38.16,41.3 2 0
github.com/The-Gleb/go_metrics_and_alerting/internal/repository/file_storage/file_storage.go:43.2,45.38 3 0
github.com/The-Gleb/go_metrics_and_alerting/internal/repository/file_storage/file_storage.go:45.38,48.3 2 0
github.com/The-Gleb/go_metrics_and_alerting/internal/repository/file_storage/file_storage.go:49.2,50.18 2 0
github.com/The-Gleb/go_metrics_and_alerting/internal/repository/memory/storage.go:26.21,31.2 1 0
github.com/The-Gleb/go_metrics_and_alerting/internal/repository/memory/storage.go:33.97,37.2 2 0
github.com/The-Gleb/go_metrics_and_alerting/internal/repository/memory/storage.go:39.99,46.2 5 0
github.com/The-Gleb/go_metrics_and_alerting/internal/repository/memory/storage.go:48.97,50.9 2 0
github.com/The-Gleb/go_metrics_and_alerting/internal/repository/memory/storage.go:50.9,52.3 1 0
github.com/The-Gleb/go_metrics_and_alerting/internal/repository/memory/storage.go:53.2,54.9 2 0
github.com/The-Gleb/go_metrics_and_alerting/internal/repository/memory/storage.go:54.9,56.3 1 0
github.com/The-Gleb/go_metrics_and_alerting/internal/repository/memory/storage.go:58.2,62.8 1 0
github.com/The-Gleb/go_metrics_and_alerting/internal/repository/memory/storage.go:65.99,67.9 2 0
github.com/The-Gleb/go_metrics_and_alerting/internal/repository/memory/storage.go:67.9,69.3 1 0
github.com/The-Gleb/go_metrics_and_alerting/internal/repository/memory/storage.go:70.2,76.8 2 0
github.com/The-Gleb/go_metrics_and_alerting/internal/repository/memory/storage.go:79.96,84.33 4 0
github.com/The-Gleb/go_metrics_and_alerting/internal/repository/memory/storage.go:84.33,85.23 1 0
github.com/The-Gleb/go_metrics_and_alerting/internal/repository/memory/storage.go:86.16,87.27 1 0
github.com/The-Gleb/go_metrics_and_alerting/internal/repository/memory/storage.go:87.27,89.5 1 0
github.com/The-Gleb/go_metrics_and_alerting/internal/repository/memory/storage.go:91.4,93.13 2 0
github.com/The-Gleb/go_metrics_and_alerting/internal/repository/memory/storage.go:94.18,95.27 1 0
github.com/The-Gleb/go_metrics_and_alerting/internal/repository/memory/storage.go:95.27,97.5 1 0
github.com/The-Gleb/go_metrics_and_alerting/internal/repository/memory/storage.go:99.4,101.13 3 0
github.com/The-Gleb/go_metrics_and_alerting/internal/repository/memory/storage.go:102.11,103.65 1 0
github.com/The-Gleb/go_metrics_and_alerting/internal/repository/memory/storage.go:106.2,108.21 3 0
github.com/The-Gleb/go_metrics_and_alerting/internal/repository/memory/storage.go:111.83,113.46 2 0
github.com/The-Gleb/go_metrics_and_alerting/internal/repository/memory/storage.go:113.46,123.3 3 0
github.com/The-Gleb/go_metrics_and_alerting/internal/repository/memory/storage.go:125.2,126.48 2 0
github.com/The-Gleb/go_metrics_and_alerting/internal/repository/memory/storage.go:126.48,137.3 4 0
github.com/The-Gleb/go_metrics_and_alerting/internal/repository/memory/storage.go:139.2,142.8 1 0
github.com/The-Gleb/go_metrics_and_alerting/internal/repository/memory/storage.go:145.66,146.15 1 0
github.com/The-Gleb/go_metrics_and_alerting/internal/repository/memory/storage.go:147.15,148.41 1 0
github.com/The-Gleb/go_metrics_and_alerting/internal/repository/memory/storage.go:148.41,149.38 1 0
github.com/The-Gleb/go_metrics_and_alerting/internal/repository/memory/storage.go:149.38,151.5 1 0
github.com/The-Gleb/go_metrics_and_alerting/internal/repository/memory/storage.go:153.17,155.9 2 0
github.com/The-Gleb/go_metrics_and_alerting/internal/repository/memory/storage.go:155.9,158.4 2 0
github.com/The-Gleb/go_metrics_and_alerting/internal/repository/memory/storage.go:159.10,160.34 1 0
github.com/The-Gleb/go_metrics_and_alerting/internal/repository/memory/storage.go:162.2,162.35 1 0
github.com/The-Gleb/go_metrics_and_alerting/internal/repository/memory/storage.go:165.34,167.2 1 0
github.com/The-Gleb/go_metrics_and_alerting/internal/repository/memory/storage.go:169.41,172.30 2 0
github.com/The-Gleb/go_metrics_and_alerting/internal/repository/memory/storage.go:172.30,176.3 2 0
github.com/The-Gleb/go_metrics_and_alerting/internal/repository/memory/storage.go:178.2,178.12 1 0
github.com/The-Gleb/go_metrics_and_alerting/internal/repository/memory/storage.go:181.67,182.15 1 0
github.com/The-Gleb/go_metrics_and_alerting/internal/repository/memory/storage.go:183.15,185.17 2 0
github.com/The-Gleb/go_metrics_and_alerting/internal/repository/memory/storage.go:185.17,187.4 1 0
github.com/The-Gleb/go_metrics_and_alerting/internal/repository/memory/storage.go:188.3,188.32 1 0
github.com/The-Gleb/go_metrics_and_alerting/internal/repository/memory/storage.go:189.17,191.17 2 0
github.com/The-Gleb/go_metrics_and_alerting/internal/repository/memory/storage.go:191.17,193.4 1 0
github.com/The-Gleb/go_metrics_and_alerting/internal/repository/memory/storage.go:195.3,197.34 2 0
github.com/The-Gleb/go_metrics_and_alerting/internal/repository/memory/storage.go:199.10,200.30 1 0
github.com/The-Gleb/go_metrics_and_alerting/internal/repository/memory/storage.go:202.2,202.12 1 0
github.com/The-Gleb/go_metrics_and_alerting/internal/server/server.go:27.74,34.2 3 0
github.com/The-Gleb/go_metrics_and_alerting/internal/server/server.go:36.86,46.2 4 0
github.com/The-Gleb/go_metrics_and_alerting/internal/server/server.go:48.49,51.2 2 0
github.com/The-Gleb/go_metrics_and_alerting/internal/server/server.go:53.42,61.2 7 0
github.com/The-Gleb/go_metrics_and_alerting/internal/server/server.go:63.32,68.2 2 0
github.com/The-Gleb/go_metrics_and_alerting/pkg/client/postgresql.go:24.81,28.35 1 1
github.com/The-Gleb/go_metrics_and_alerting/pkg/client/postgresql.go:28.35,33.18 4 1
github.com/The-Gleb/go_metrics_and_alerting/pkg/client/postgresql.go:33.18,35.5 1 0
github.com/The-Gleb/go_metrics_and_alerting/pkg/client/postgresql.go:36.4,36.14 1 1
github.com/The-Gleb/go_metrics_and_alerting/pkg/client/postgresql.go:40.2,41.16 2 1
github.com/The-Gleb/go_metrics_and_alerting/pkg/client/postgresql.go:41.16,44.3 2 0
github.com/The-Gleb/go_metrics_and_alerting/pkg/client/postgresql.go:46.2,46.16 1 1
github.com/The-Gleb/go_metrics_and_alerting/pkg/client/postgresql.go:46.16,48.3 1 0
github.com/The-Gleb/go_metrics_and_alerting/pkg/client/postgresql.go:50.2,50.18 1 1
github.com/The-Gleb/go_metrics_and_alerting/pkg/utils/retry/retry.go:14.13,21.2 1 1
github.com/The-Gleb/go_metrics_and_alerting/pkg/utils/retry/retry.go:33.9,42.2 1 1
github.com/The-Gleb/go_metrics_and_alerting/pkg/utils/retry/retry.go:51.9,54.36 2 1
github.com/The-Gleb/go_metrics_and_alerting/pkg/utils/retry/retry.go:54.36,55.10 1 1
github.com/The-Gleb/go_metrics_and_alerting/pkg/utils/retry/retry.go:56.21,58.18 2 0
github.com/The-Gleb/go_metrics_and_alerting/pkg/utils/retry/retry.go:58.18,60.5 1 0
github.com/The-Gleb/go_metrics_and_alerting/pkg/utils/retry/retry.go:61.11,66.18 3 1
github.com/The-Gleb/go_metrics_and_alerting/pkg/utils/retry/retry.go:66.18,69.42 2 0
github.com/The-Gleb/go_metrics_and_alerting/pkg/utils/retry/retry.go:69.42,70.34 1 0
github.com/The-Gleb/go_metrics_and_alerting/pkg/utils/retry/retry.go:70.34,72.7 1 0
github.com/The-Gleb/go_metrics_and_alerting/pkg/utils/retry/retry.go:75.5,75.23 1 0
github.com/The-Gleb/go_metrics_and_alerting/pkg/utils/retry/retry.go:75.23,78.14 3 0
github.com/The-Gleb/go_metrics_and_alerting/pkg/utils/retry/retry.go:81.5,81.15 1 0
github.com/The-Gleb/go_metrics_and_alerting/pkg/utils/retry/retry.go:84.4,84.14 1 1
github.com/The-Gleb/go_metrics_and_alerting/pkg/utils/retry/retry.go:87.2,87.12 1 0
github.com/The-Gleb/go_metrics_and_alerting/playground/playground.go:15.13,29.2 2 0
github.com/The-Gleb/go_metrics_and_alerting/playground/playground.go:31.27,70.2 9 0
github.com/The-Gleb/go_metrics_and_alerting/playground/playground.go:76.48,85.16 4 0
github.com/The-Gleb/go_metrics_and_alerting/playground/playground.go:85.16,88.3 2 0
github.com/The-Gleb/go_metrics_and_alerting/playground/playground.go:89.2,95.56 3 0
github.com/The-Gleb/go_metrics_and_alerting/playground/playground.go:98.19,105.16 7 0
github.com/The-Gleb/go_metrics_and_alerting/playground/playground.go:105.16,107.3 1 0
github.com/The-Gleb/go_metrics_and_alerting/playground/playground.go:108.2,113.49 3 0
github.com/The-Gleb/go_metrics_and_alerting/playground/playground.go:116.15,121.2 2 0
github.com/The-Gleb/go_metrics_and_alerting/playground/playground.go:123.19,134.16 6 0
github.com/The-Gleb/go_metrics_and_alerting/playground/playground.go:134.16,136.3 1 0
github.com/The-Gleb/go_metrics_and_alerting/playground/playground.go:137.2,138.51 2 0
github.com/The-Gleb/go_metrics_and_alerting/playground/playground.go:143.19,151.2 4 0
github.com/The-Gleb/go_metrics_and_alerting/playground/playground.go:153.31,162.2 6 0
github.com/The-Gleb/go_metrics_and_alerting/playground/playground.go:164.33,172.2 5 0
github.com/The-Gleb/go_metrics_and_alerting/playground/playground.go:174.32,181.16 4 0
github.com/The-Gleb/go_metrics_and_alerting/playground/playground.go:181.16,184.3 2 0
github.com/The-Gleb/go_metrics_and_alerting/playground/playground.go:185.2,189.16 4 0
github.com/The-Gleb/go_metrics_and_alerting/playground/playground.go:189.16,191.3 1 0
github.com/The-Gleb/go_metrics_and_alerting/playground/playground.go:193.2,199.53 3 0
github.com/The-Gleb/go_metrics_and_alerting/playground/playground.go:202.34,209.16 4 0
github.com/The-Gleb/go_metrics_and_alerting/playground/playground.go:209.16,212.3 2 0
github.com/The-Gleb/go_metrics_and_alerting/playground/playground.go:213.2,217.16 4 0
github.com/The-Gleb/go_metrics_and_alerting/playground/playground.go:217.16,219.3 1 0
github.com/The-Gleb/go_metrics_and_alerting/playground/playground.go:221.2,234.32 5 0
github.com/The-Gleb/go_metrics_and_alerting/playground/playground.go:237.39,245.2 5 0
github.com/The-Gleb/go_metrics_and_alerting/playground/playground.go:247.41,255.2 5 0
github.com/The-Gleb/go_metrics_and_alerting/playground/playground.go:257.48,266.16 4 0
github.com/The-Gleb/go_metrics_and_alerting/playground/playground.go:266.16,269.3 2 0
github.com/The-Gleb/go_metrics_and_alerting/playground/playground.go:279.2,287.56 3 0
github.com/The-Gleb/go_metrics_and_alerting/playground/playground.go:290.45,293.16 3 0
github.com/The-Gleb/go_metrics_and_alerting/playground/playground.go:293.16,295.3 1 0
github.com/The-Gleb/go_metrics_and_alerting/playground/playground.go:297.2,299.18 2 0
