mode: set
github.com/The-Gleb/go_metrics_and_alerting/internal/domain/service/backup.go:26.100,33.2 1 0
github.com/The-Gleb/go_metrics_and_alerting/internal/domain/service/backup.go:35.56,37.21 1 0
github.com/The-Gleb/go_metrics_and_alerting/internal/domain/service/backup.go:37.21,39.17 2 0
github.com/The-Gleb/go_metrics_and_alerting/internal/domain/service/backup.go:39.17,42.4 2 0
github.com/The-Gleb/go_metrics_and_alerting/internal/domain/service/backup.go:45.2,45.65 1 0
github.com/The-Gleb/go_metrics_and_alerting/internal/domain/service/backup.go:45.65,47.3 1 0
github.com/The-Gleb/go_metrics_and_alerting/internal/domain/service/backup.go:49.2,50.6 2 0
github.com/The-Gleb/go_metrics_and_alerting/internal/domain/service/backup.go:50.6,51.7 1 0
github.com/The-Gleb/go_metrics_and_alerting/internal/domain/service/backup.go:51.7,52.11 1 0
github.com/The-Gleb/go_metrics_and_alerting/internal/domain/service/backup.go:53.24,55.19 2 0
github.com/The-Gleb/go_metrics_and_alerting/internal/domain/service/backup.go:55.19,58.6 2 0
github.com/The-Gleb/go_metrics_and_alerting/internal/domain/service/backup.go:59.22,61.11 2 0
github.com/The-Gleb/go_metrics_and_alerting/internal/domain/service/backup.go:68.75,71.16 2 0
github.com/The-Gleb/go_metrics_and_alerting/internal/domain/service/backup.go:71.16,73.3 1 0
github.com/The-Gleb/go_metrics_and_alerting/internal/domain/service/backup.go:75.2,78.16 3 0
github.com/The-Gleb/go_metrics_and_alerting/internal/domain/service/backup.go:78.16,80.3 1 0
github.com/The-Gleb/go_metrics_and_alerting/internal/domain/service/backup.go:82.2,82.64 1 0
github.com/The-Gleb/go_metrics_and_alerting/internal/domain/service/backup.go:82.64,85.3 2 0
github.com/The-Gleb/go_metrics_and_alerting/internal/domain/service/backup.go:86.2,86.16 1 0
github.com/The-Gleb/go_metrics_and_alerting/internal/domain/service/backup.go:86.16,88.3 1 0
github.com/The-Gleb/go_metrics_and_alerting/internal/domain/service/backup.go:90.2,91.16 2 0
github.com/The-Gleb/go_metrics_and_alerting/internal/domain/service/backup.go:91.16,93.3 1 0
github.com/The-Gleb/go_metrics_and_alerting/internal/domain/service/backup.go:95.2,96.16 2 0
github.com/The-Gleb/go_metrics_and_alerting/internal/domain/service/backup.go:96.16,98.3 1 0
github.com/The-Gleb/go_metrics_and_alerting/internal/domain/service/backup.go:100.2,100.12 1 0
github.com/The-Gleb/go_metrics_and_alerting/internal/domain/service/backup.go:103.74,107.75 3 0
github.com/The-Gleb/go_metrics_and_alerting/internal/domain/service/backup.go:107.75,110.3 2 0
github.com/The-Gleb/go_metrics_and_alerting/internal/domain/service/backup.go:111.2,111.16 1 0
github.com/The-Gleb/go_metrics_and_alerting/internal/domain/service/backup.go:111.16,113.3 1 0
github.com/The-Gleb/go_metrics_and_alerting/internal/domain/service/backup.go:115.2,116.16 2 0
github.com/The-Gleb/go_metrics_and_alerting/internal/domain/service/backup.go:116.16,118.3 1 0
github.com/The-Gleb/go_metrics_and_alerting/internal/domain/service/backup.go:120.2,121.16 2 0
github.com/The-Gleb/go_metrics_and_alerting/internal/domain/service/backup.go:121.16,123.3 1 0
github.com/The-Gleb/go_metrics_and_alerting/internal/domain/service/backup.go:125.2,125.12 1 0
github.com/The-Gleb/go_metrics_and_alerting/internal/domain/service/backup.go:128.48,130.2 1 0
github.com/The-Gleb/go_metrics_and_alerting/internal/domain/service/metric.go:29.55,31.2 1 1
github.com/The-Gleb/go_metrics_and_alerting/internal/domain/service/metric.go:33.110,36.22 2 0
github.com/The-Gleb/go_metrics_and_alerting/internal/domain/service/metric.go:37.15,38.26 1 0
github.com/The-Gleb/go_metrics_and_alerting/internal/domain/service/metric.go:38.26,40.4 1 0
github.com/The-Gleb/go_metrics_and_alerting/internal/domain/service/metric.go:41.3,41.65 1 0
github.com/The-Gleb/go_metrics_and_alerting/internal/domain/service/metric.go:41.65,44.4 2 0
github.com/The-Gleb/go_metrics_and_alerting/internal/domain/service/metric.go:46.17,47.26 1 0
github.com/The-Gleb/go_metrics_and_alerting/internal/domain/service/metric.go:47.26,49.4 1 0
github.com/The-Gleb/go_metrics_and_alerting/internal/domain/service/metric.go:50.3,50.65 1 0
github.com/The-Gleb/go_metrics_and_alerting/internal/domain/service/metric.go:50.65,53.4 2 0
github.com/The-Gleb/go_metrics_and_alerting/internal/domain/service/metric.go:54.10,55.60 1 0
github.com/The-Gleb/go_metrics_and_alerting/internal/domain/service/metric.go:58.2,58.16 1 0
github.com/The-Gleb/go_metrics_and_alerting/internal/domain/service/metric.go:58.16,60.3 1 0
github.com/The-Gleb/go_metrics_and_alerting/internal/domain/service/metric.go:62.2,62.20 1 0
github.com/The-Gleb/go_metrics_and_alerting/internal/domain/service/metric.go:66.108,69.75 3 1
github.com/The-Gleb/go_metrics_and_alerting/internal/domain/service/metric.go:69.75,72.3 2 1
github.com/The-Gleb/go_metrics_and_alerting/internal/domain/service/metric.go:73.2,73.16 1 1
github.com/The-Gleb/go_metrics_and_alerting/internal/domain/service/metric.go:73.16,75.3 1 0
github.com/The-Gleb/go_metrics_and_alerting/internal/domain/service/metric.go:77.2,77.15 1 1
github.com/The-Gleb/go_metrics_and_alerting/internal/domain/service/metric.go:81.107,84.22 2 0
github.com/The-Gleb/go_metrics_and_alerting/internal/domain/service/metric.go:85.15,86.65 1 0
github.com/The-Gleb/go_metrics_and_alerting/internal/domain/service/metric.go:86.65,89.4 2 0
github.com/The-Gleb/go_metrics_and_alerting/internal/domain/service/metric.go:91.17,92.65 1 0
github.com/The-Gleb/go_metrics_and_alerting/internal/domain/service/metric.go:92.65,95.4 2 0
github.com/The-Gleb/go_metrics_and_alerting/internal/domain/service/metric.go:96.10,97.60 1 0
github.com/The-Gleb/go_metrics_and_alerting/internal/domain/service/metric.go:100.2,100.16 1 0
github.com/The-Gleb/go_metrics_and_alerting/internal/domain/service/metric.go:100.16,102.3 1 0
github.com/The-Gleb/go_metrics_and_alerting/internal/domain/service/metric.go:104.2,104.20 1 0
github.com/The-Gleb/go_metrics_and_alerting/internal/domain/service/metric.go:108.95,112.75 3 1
github.com/The-Gleb/go_metrics_and_alerting/internal/domain/service/metric.go:112.75,115.3 2 1
github.com/The-Gleb/go_metrics_and_alerting/internal/domain/service/metric.go:116.2,116.16 1 1
github.com/The-Gleb/go_metrics_and_alerting/internal/domain/service/metric.go:116.16,118.3 1 0
github.com/The-Gleb/go_metrics_and_alerting/internal/domain/service/metric.go:120.2,120.26 1 1
github.com/The-Gleb/go_metrics_and_alerting/internal/domain/service/metric.go:125.46,129.2 1 0
github.com/The-Gleb/go_metrics_and_alerting/internal/domain/usecase/get_all_metrics.go:14.70,18.2 1 1
github.com/The-Gleb/go_metrics_and_alerting/internal/domain/usecase/get_all_metrics.go:20.88,23.16 2 1
github.com/The-Gleb/go_metrics_and_alerting/internal/domain/usecase/get_all_metrics.go:23.16,25.3 1 0
github.com/The-Gleb/go_metrics_and_alerting/internal/domain/usecase/get_all_metrics.go:27.2,30.16 3 1
github.com/The-Gleb/go_metrics_and_alerting/internal/domain/usecase/get_all_metrics.go:30.16,32.3 1 0
github.com/The-Gleb/go_metrics_and_alerting/internal/domain/usecase/get_all_metrics.go:34.2,35.16 2 1
github.com/The-Gleb/go_metrics_and_alerting/internal/domain/usecase/get_all_metrics.go:35.16,37.3 1 0
github.com/The-Gleb/go_metrics_and_alerting/internal/domain/usecase/get_all_metrics.go:39.2,39.23 1 1
github.com/The-Gleb/go_metrics_and_alerting/internal/domain/usecase/get_all_metrics.go:43.88,46.16 2 0
github.com/The-Gleb/go_metrics_and_alerting/internal/domain/usecase/get_all_metrics.go:46.16,48.3 1 0
github.com/The-Gleb/go_metrics_and_alerting/internal/domain/usecase/get_all_metrics.go:50.2,65.44 3 0
github.com/The-Gleb/go_metrics_and_alerting/internal/domain/usecase/get_all_metrics.go:65.44,67.3 1 0
github.com/The-Gleb/go_metrics_and_alerting/internal/domain/usecase/get_all_metrics.go:68.2,68.46 1 0
github.com/The-Gleb/go_metrics_and_alerting/internal/domain/usecase/get_all_metrics.go:68.46,70.3 1 0
github.com/The-Gleb/go_metrics_and_alerting/internal/domain/usecase/get_all_metrics.go:72.2,74.23 2 0
github.com/The-Gleb/go_metrics_and_alerting/internal/domain/usecase/get_metric.go:12.62,16.2 1 0
github.com/The-Gleb/go_metrics_and_alerting/internal/domain/usecase/get_metric.go:18.105,21.16 2 0
github.com/The-Gleb/go_metrics_and_alerting/internal/domain/usecase/get_metric.go:21.16,23.3 1 0
github.com/The-Gleb/go_metrics_and_alerting/internal/domain/usecase/get_metric.go:25.2,25.20 1 0
github.com/The-Gleb/go_metrics_and_alerting/internal/domain/usecase/update_metric.go:13.86,18.2 1 0
github.com/The-Gleb/go_metrics_and_alerting/internal/domain/usecase/update_metric.go:20.111,23.16 2 0
github.com/The-Gleb/go_metrics_and_alerting/internal/domain/usecase/update_metric.go:23.16,25.3 1 0
github.com/The-Gleb/go_metrics_and_alerting/internal/domain/usecase/update_metric.go:27.2,27.61 1 0
github.com/The-Gleb/go_metrics_and_alerting/internal/domain/usecase/update_metric.go:27.61,29.17 2 0
github.com/The-Gleb/go_metrics_and_alerting/internal/domain/usecase/update_metric.go:29.17,31.4 1 0
github.com/The-Gleb/go_metrics_and_alerting/internal/domain/usecase/update_metric.go:34.2,34.20 1 0
github.com/The-Gleb/go_metrics_and_alerting/internal/domain/usecase/update_metric_set.go:13.92,18.2 1 0
github.com/The-Gleb/go_metrics_and_alerting/internal/domain/usecase/update_metric_set.go:20.112,23.16 2 0
github.com/The-Gleb/go_metrics_and_alerting/internal/domain/usecase/update_metric_set.go:23.16,25.3 1 0
github.com/The-Gleb/go_metrics_and_alerting/internal/domain/usecase/update_metric_set.go:27.2,27.61 1 0
github.com/The-Gleb/go_metrics_and_alerting/internal/domain/usecase/update_metric_set.go:27.61,29.17 2 0
github.com/The-Gleb/go_metrics_and_alerting/internal/domain/usecase/update_metric_set.go:29.17,31.4 1 0
github.com/The-Gleb/go_metrics_and_alerting/internal/domain/usecase/update_metric_set.go:34.2,34.15 1 0
github.com/The-Gleb/go_metrics_and_alerting/internal/logger/logger.go:10.37,12.16 2 0
github.com/The-Gleb/go_metrics_and_alerting/internal/logger/logger.go:12.16,14.3 1 0
github.com/The-Gleb/go_metrics_and_alerting/internal/logger/logger.go:15.2,19.16 5 0
github.com/The-Gleb/go_metrics_and_alerting/internal/logger/logger.go:19.16,21.3 1 0
github.com/The-Gleb/go_metrics_and_alerting/internal/logger/logger.go:22.2,23.12 2 0
github.com/The-Gleb/go_metrics_and_alerting/internal/repository/memory/storage.go:27.21,32.2 1 1
github.com/The-Gleb/go_metrics_and_alerting/internal/repository/memory/storage.go:34.97,38.2 2 0
github.com/The-Gleb/go_metrics_and_alerting/internal/repository/memory/storage.go:40.99,47.2 5 0
github.com/The-Gleb/go_metrics_and_alerting/internal/repository/memory/storage.go:50.94,52.8 2 0
github.com/The-Gleb/go_metrics_and_alerting/internal/repository/memory/storage.go:52.8,55.3 2 0
github.com/The-Gleb/go_metrics_and_alerting/internal/repository/memory/storage.go:56.2,56.39 1 0
github.com/The-Gleb/go_metrics_and_alerting/internal/repository/memory/storage.go:59.96,61.8 2 0
github.com/The-Gleb/go_metrics_and_alerting/internal/repository/memory/storage.go:61.8,65.3 3 0
github.com/The-Gleb/go_metrics_and_alerting/internal/repository/memory/storage.go:66.2,66.39 1 0
github.com/The-Gleb/go_metrics_and_alerting/internal/repository/memory/storage.go:69.96,74.33 4 1
github.com/The-Gleb/go_metrics_and_alerting/internal/repository/memory/storage.go:74.33,75.23 1 1
github.com/The-Gleb/go_metrics_and_alerting/internal/repository/memory/storage.go:76.16,77.27 1 1
github.com/The-Gleb/go_metrics_and_alerting/internal/repository/memory/storage.go:77.27,79.5 1 0
github.com/The-Gleb/go_metrics_and_alerting/internal/repository/memory/storage.go:81.4,83.13 2 1
github.com/The-Gleb/go_metrics_and_alerting/internal/repository/memory/storage.go:84.18,85.27 1 1
github.com/The-Gleb/go_metrics_and_alerting/internal/repository/memory/storage.go:85.27,87.5 1 0
github.com/The-Gleb/go_metrics_and_alerting/internal/repository/memory/storage.go:89.4,91.13 3 1
github.com/The-Gleb/go_metrics_and_alerting/internal/repository/memory/storage.go:92.11,93.65 1 0
github.com/The-Gleb/go_metrics_and_alerting/internal/repository/memory/storage.go:96.2,98.21 3 1
github.com/The-Gleb/go_metrics_and_alerting/internal/repository/memory/storage.go:101.83,103.46 2 1
github.com/The-Gleb/go_metrics_and_alerting/internal/repository/memory/storage.go:103.46,115.3 3 1
github.com/The-Gleb/go_metrics_and_alerting/internal/repository/memory/storage.go:117.2,118.48 2 1
github.com/The-Gleb/go_metrics_and_alerting/internal/repository/memory/storage.go:118.48,130.3 4 1
github.com/The-Gleb/go_metrics_and_alerting/internal/repository/memory/storage.go:132.2,135.8 1 1
github.com/The-Gleb/go_metrics_and_alerting/internal/repository/memory/storage.go:138.66,139.15 1 0
github.com/The-Gleb/go_metrics_and_alerting/internal/repository/memory/storage.go:140.15,141.41 1 0
github.com/The-Gleb/go_metrics_and_alerting/internal/repository/memory/storage.go:141.41,142.38 1 0
github.com/The-Gleb/go_metrics_and_alerting/internal/repository/memory/storage.go:142.38,144.5 1 0
github.com/The-Gleb/go_metrics_and_alerting/internal/repository/memory/storage.go:146.17,148.9 2 0
github.com/The-Gleb/go_metrics_and_alerting/internal/repository/memory/storage.go:148.9,151.4 2 0
github.com/The-Gleb/go_metrics_and_alerting/internal/repository/memory/storage.go:152.10,153.34 1 0
github.com/The-Gleb/go_metrics_and_alerting/internal/repository/memory/storage.go:155.2,155.35 1 0
github.com/The-Gleb/go_metrics_and_alerting/internal/repository/memory/storage.go:158.34,160.2 1 0
github.com/The-Gleb/go_metrics_and_alerting/internal/repository/memory/storage.go:162.41,165.30 2 1
github.com/The-Gleb/go_metrics_and_alerting/internal/repository/memory/storage.go:165.30,169.3 2 1
github.com/The-Gleb/go_metrics_and_alerting/internal/repository/memory/storage.go:171.2,171.12 1 1
github.com/The-Gleb/go_metrics_and_alerting/internal/repository/memory/storage.go:174.67,175.15 1 0
github.com/The-Gleb/go_metrics_and_alerting/internal/repository/memory/storage.go:176.15,178.17 2 0
github.com/The-Gleb/go_metrics_and_alerting/internal/repository/memory/storage.go:178.17,180.4 1 0
github.com/The-Gleb/go_metrics_and_alerting/internal/repository/memory/storage.go:181.3,181.32 1 0
github.com/The-Gleb/go_metrics_and_alerting/internal/repository/memory/storage.go:182.17,184.17 2 0
github.com/The-Gleb/go_metrics_and_alerting/internal/repository/memory/storage.go:184.17,186.4 1 0
github.com/The-Gleb/go_metrics_and_alerting/internal/repository/memory/storage.go:188.3,190.34 2 0
github.com/The-Gleb/go_metrics_and_alerting/internal/repository/memory/storage.go:192.10,193.30 1 0
github.com/The-Gleb/go_metrics_and_alerting/internal/repository/memory/storage.go:195.2,195.12 1 0
github.com/The-Gleb/go_metrics_and_alerting/pkg/utils/retry/retry.go:14.13,21.2 1 1
github.com/The-Gleb/go_metrics_and_alerting/pkg/utils/retry/retry.go:33.9,42.2 1 1
github.com/The-Gleb/go_metrics_and_alerting/pkg/utils/retry/retry.go:51.9,58.36 2 1
github.com/The-Gleb/go_metrics_and_alerting/pkg/utils/retry/retry.go:58.36,59.10 1 1
github.com/The-Gleb/go_metrics_and_alerting/pkg/utils/retry/retry.go:60.21,62.18 2 0
github.com/The-Gleb/go_metrics_and_alerting/pkg/utils/retry/retry.go:62.18,64.5 1 0
github.com/The-Gleb/go_metrics_and_alerting/pkg/utils/retry/retry.go:65.11,70.18 3 1
github.com/The-Gleb/go_metrics_and_alerting/pkg/utils/retry/retry.go:70.18,73.42 2 0
github.com/The-Gleb/go_metrics_and_alerting/pkg/utils/retry/retry.go:73.42,74.34 1 0
github.com/The-Gleb/go_metrics_and_alerting/pkg/utils/retry/retry.go:74.34,76.7 1 0
github.com/The-Gleb/go_metrics_and_alerting/pkg/utils/retry/retry.go:79.5,79.23 1 0
github.com/The-Gleb/go_metrics_and_alerting/pkg/utils/retry/retry.go:79.23,82.14 3 0
github.com/The-Gleb/go_metrics_and_alerting/pkg/utils/retry/retry.go:85.5,85.15 1 0
github.com/The-Gleb/go_metrics_and_alerting/pkg/utils/retry/retry.go:88.4,88.14 1 1
github.com/The-Gleb/go_metrics_and_alerting/pkg/utils/retry/retry.go:91.2,91.12 1 0
github.com/The-Gleb/go_metrics_and_alerting/internal/domain/service/backup.go:26.100,33.2 1 0
github.com/The-Gleb/go_metrics_and_alerting/internal/domain/service/backup.go:35.56,37.21 1 0
github.com/The-Gleb/go_metrics_and_alerting/internal/domain/service/backup.go:37.21,39.17 2 0
github.com/The-Gleb/go_metrics_and_alerting/internal/domain/service/backup.go:39.17,42.4 2 0
github.com/The-Gleb/go_metrics_and_alerting/internal/domain/service/backup.go:45.2,45.65 1 0
github.com/The-Gleb/go_metrics_and_alerting/internal/domain/service/backup.go:45.65,47.3 1 0
github.com/The-Gleb/go_metrics_and_alerting/internal/domain/service/backup.go:49.2,50.6 2 0
github.com/The-Gleb/go_metrics_and_alerting/internal/domain/service/backup.go:50.6,51.7 1 0
github.com/The-Gleb/go_metrics_and_alerting/internal/domain/service/backup.go:51.7,52.11 1 0
github.com/The-Gleb/go_metrics_and_alerting/internal/domain/service/backup.go:53.24,55.19 2 0
github.com/The-Gleb/go_metrics_and_alerting/internal/domain/service/backup.go:55.19,58.6 2 0
github.com/The-Gleb/go_metrics_and_alerting/internal/domain/service/backup.go:59.22,61.11 2 0
github.com/The-Gleb/go_metrics_and_alerting/internal/domain/service/backup.go:68.75,71.16 2 0
github.com/The-Gleb/go_metrics_and_alerting/internal/domain/service/backup.go:71.16,73.3 1 0
github.com/The-Gleb/go_metrics_and_alerting/internal/domain/service/backup.go:75.2,78.16 3 0
github.com/The-Gleb/go_metrics_and_alerting/internal/domain/service/backup.go:78.16,80.3 1 0
github.com/The-Gleb/go_metrics_and_alerting/internal/domain/service/backup.go:82.2,82.64 1 0
github.com/The-Gleb/go_metrics_and_alerting/internal/domain/service/backup.go:82.64,85.3 2 0
github.com/The-Gleb/go_metrics_and_alerting/internal/domain/service/backup.go:86.2,86.16 1 0
github.com/The-Gleb/go_metrics_and_alerting/internal/domain/service/backup.go:86.16,88.3 1 0
github.com/The-Gleb/go_metrics_and_alerting/internal/domain/service/backup.go:90.2,91.16 2 0
github.com/The-Gleb/go_metrics_and_alerting/internal/domain/service/backup.go:91.16,93.3 1 0
github.com/The-Gleb/go_metrics_and_alerting/internal/domain/service/backup.go:95.2,96.16 2 0
github.com/The-Gleb/go_metrics_and_alerting/internal/domain/service/backup.go:96.16,98.3 1 0
github.com/The-Gleb/go_metrics_and_alerting/internal/domain/service/backup.go:100.2,100.12 1 0
github.com/The-Gleb/go_metrics_and_alerting/internal/domain/service/backup.go:103.74,107.75 3 0
github.com/The-Gleb/go_metrics_and_alerting/internal/domain/service/backup.go:107.75,110.3 2 0
github.com/The-Gleb/go_metrics_and_alerting/internal/domain/service/backup.go:111.2,111.16 1 0
github.com/The-Gleb/go_metrics_and_alerting/internal/domain/service/backup.go:111.16,113.3 1 0
github.com/The-Gleb/go_metrics_and_alerting/internal/domain/service/backup.go:115.2,116.16 2 0
github.com/The-Gleb/go_metrics_and_alerting/internal/domain/service/backup.go:116.16,118.3 1 0
github.com/The-Gleb/go_metrics_and_alerting/internal/domain/service/backup.go:120.2,121.16 2 0
github.com/The-Gleb/go_metrics_and_alerting/internal/domain/service/backup.go:121.16,123.3 1 0
github.com/The-Gleb/go_metrics_and_alerting/internal/domain/service/backup.go:125.2,125.12 1 0
github.com/The-Gleb/go_metrics_and_alerting/internal/domain/service/backup.go:128.48,130.2 1 0
github.com/The-Gleb/go_metrics_and_alerting/internal/domain/service/metric.go:29.55,31.2 1 1
github.com/The-Gleb/go_metrics_and_alerting/internal/domain/service/metric.go:33.110,36.22 2 1
github.com/The-Gleb/go_metrics_and_alerting/internal/domain/service/metric.go:37.15,38.26 1 1
github.com/The-Gleb/go_metrics_and_alerting/internal/domain/service/metric.go:38.26,40.4 1 1
github.com/The-Gleb/go_metrics_and_alerting/internal/domain/service/metric.go:41.3,41.65 1 1
github.com/The-Gleb/go_metrics_and_alerting/internal/domain/service/metric.go:41.65,44.4 2 1
github.com/The-Gleb/go_metrics_and_alerting/internal/domain/service/metric.go:46.17,47.26 1 1
github.com/The-Gleb/go_metrics_and_alerting/internal/domain/service/metric.go:47.26,49.4 1 1
github.com/The-Gleb/go_metrics_and_alerting/internal/domain/service/metric.go:50.3,50.65 1 1
github.com/The-Gleb/go_metrics_and_alerting/internal/domain/service/metric.go:50.65,53.4 2 1
github.com/The-Gleb/go_metrics_and_alerting/internal/domain/service/metric.go:54.10,55.60 1 0
github.com/The-Gleb/go_metrics_and_alerting/internal/domain/service/metric.go:58.2,58.16 1 1
github.com/The-Gleb/go_metrics_and_alerting/internal/domain/service/metric.go:58.16,60.3 1 0
github.com/The-Gleb/go_metrics_and_alerting/internal/domain/service/metric.go:62.2,62.20 1 1
github.com/The-Gleb/go_metrics_and_alerting/internal/domain/service/metric.go:66.108,69.75 3 1
github.com/The-Gleb/go_metrics_and_alerting/internal/domain/service/metric.go:69.75,72.3 2 1
github.com/The-Gleb/go_metrics_and_alerting/internal/domain/service/metric.go:73.2,73.16 1 1
github.com/The-Gleb/go_metrics_and_alerting/internal/domain/service/metric.go:73.16,75.3 1 1
github.com/The-Gleb/go_metrics_and_alerting/internal/domain/service/metric.go:77.2,77.15 1 1
github.com/The-Gleb/go_metrics_and_alerting/internal/domain/service/metric.go:81.107,84.22 2 1
github.com/The-Gleb/go_metrics_and_alerting/internal/domain/service/metric.go:85.15,86.65 1 1
github.com/The-Gleb/go_metrics_and_alerting/internal/domain/service/metric.go:86.65,89.4 2 1
github.com/The-Gleb/go_metrics_and_alerting/internal/domain/service/metric.go:91.17,92.65 1 1
github.com/The-Gleb/go_metrics_and_alerting/internal/domain/service/metric.go:92.65,95.4 2 1
github.com/The-Gleb/go_metrics_and_alerting/internal/domain/service/metric.go:96.10,97.60 1 1
github.com/The-Gleb/go_metrics_and_alerting/internal/domain/service/metric.go:100.2,100.16 1 1
github.com/The-Gleb/go_metrics_and_alerting/internal/domain/service/metric.go:100.16,102.3 1 1
github.com/The-Gleb/go_metrics_and_alerting/internal/domain/service/metric.go:104.2,104.20 1 1
github.com/The-Gleb/go_metrics_and_alerting/internal/domain/service/metric.go:108.95,112.75 3 1
github.com/The-Gleb/go_metrics_and_alerting/internal/domain/service/metric.go:112.75,115.3 2 1
github.com/The-Gleb/go_metrics_and_alerting/internal/domain/service/metric.go:116.2,116.16 1 1
github.com/The-Gleb/go_metrics_and_alerting/internal/domain/service/metric.go:116.16,118.3 1 0
github.com/The-Gleb/go_metrics_and_alerting/internal/domain/service/metric.go:120.2,120.26 1 1
github.com/The-Gleb/go_metrics_and_alerting/internal/domain/service/metric.go:125.46,129.2 1 0
github.com/The-Gleb/go_metrics_and_alerting/internal/logger/logger.go:10.37,12.16 2 0
github.com/The-Gleb/go_metrics_and_alerting/internal/logger/logger.go:12.16,14.3 1 0
github.com/The-Gleb/go_metrics_and_alerting/internal/logger/logger.go:15.2,19.16 5 0
github.com/The-Gleb/go_metrics_and_alerting/internal/logger/logger.go:19.16,21.3 1 0
github.com/The-Gleb/go_metrics_and_alerting/internal/logger/logger.go:22.2,23.12 2 0
github.com/The-Gleb/go_metrics_and_alerting/internal/repository/memory/storage.go:27.21,32.2 1 1
github.com/The-Gleb/go_metrics_and_alerting/internal/repository/memory/storage.go:34.97,38.2 2 1
github.com/The-Gleb/go_metrics_and_alerting/internal/repository/memory/storage.go:40.99,47.2 5 1
github.com/The-Gleb/go_metrics_and_alerting/internal/repository/memory/storage.go:50.94,52.8 2 1
github.com/The-Gleb/go_metrics_and_alerting/internal/repository/memory/storage.go:52.8,55.3 2 1
github.com/The-Gleb/go_metrics_and_alerting/internal/repository/memory/storage.go:56.2,56.39 1 0
github.com/The-Gleb/go_metrics_and_alerting/internal/repository/memory/storage.go:59.96,61.8 2 1
github.com/The-Gleb/go_metrics_and_alerting/internal/repository/memory/storage.go:61.8,65.3 3 1
github.com/The-Gleb/go_metrics_and_alerting/internal/repository/memory/storage.go:66.2,66.39 1 1
github.com/The-Gleb/go_metrics_and_alerting/internal/repository/memory/storage.go:69.96,74.33 4 1
github.com/The-Gleb/go_metrics_and_alerting/internal/repository/memory/storage.go:74.33,75.23 1 1
github.com/The-Gleb/go_metrics_and_alerting/internal/repository/memory/storage.go:76.16,77.27 1 1
github.com/The-Gleb/go_metrics_and_alerting/internal/repository/memory/storage.go:77.27,79.5 1 1
github.com/The-Gleb/go_metrics_and_alerting/internal/repository/memory/storage.go:81.4,83.13 2 1
github.com/The-Gleb/go_metrics_and_alerting/internal/repository/memory/storage.go:84.18,85.27 1 1
github.com/The-Gleb/go_metrics_and_alerting/internal/repository/memory/storage.go:85.27,87.5 1 0
github.com/The-Gleb/go_metrics_and_alerting/internal/repository/memory/storage.go:89.4,91.13 3 1
github.com/The-Gleb/go_metrics_and_alerting/internal/repository/memory/storage.go:92.11,93.65 1 0
github.com/The-Gleb/go_metrics_and_alerting/internal/repository/memory/storage.go:96.2,98.21 3 1
github.com/The-Gleb/go_metrics_and_alerting/internal/repository/memory/storage.go:101.83,103.46 2 1
github.com/The-Gleb/go_metrics_and_alerting/internal/repository/memory/storage.go:103.46,115.3 3 1
github.com/The-Gleb/go_metrics_and_alerting/internal/repository/memory/storage.go:117.2,118.48 2 1
github.com/The-Gleb/go_metrics_and_alerting/internal/repository/memory/storage.go:118.48,130.3 4 1
github.com/The-Gleb/go_metrics_and_alerting/internal/repository/memory/storage.go:132.2,135.8 1 1
github.com/The-Gleb/go_metrics_and_alerting/internal/repository/memory/storage.go:138.66,139.15 1 0
github.com/The-Gleb/go_metrics_and_alerting/internal/repository/memory/storage.go:140.15,141.41 1 0
github.com/The-Gleb/go_metrics_and_alerting/internal/repository/memory/storage.go:141.41,142.38 1 0
github.com/The-Gleb/go_metrics_and_alerting/internal/repository/memory/storage.go:142.38,144.5 1 0
github.com/The-Gleb/go_metrics_and_alerting/internal/repository/memory/storage.go:146.17,148.9 2 0
github.com/The-Gleb/go_metrics_and_alerting/internal/repository/memory/storage.go:148.9,151.4 2 0
github.com/The-Gleb/go_metrics_and_alerting/internal/repository/memory/storage.go:152.10,153.34 1 0
github.com/The-Gleb/go_metrics_and_alerting/internal/repository/memory/storage.go:155.2,155.35 1 0
github.com/The-Gleb/go_metrics_and_alerting/internal/repository/memory/storage.go:158.34,160.2 1 0
github.com/The-Gleb/go_metrics_and_alerting/internal/repository/memory/storage.go:162.41,165.30 2 1
github.com/The-Gleb/go_metrics_and_alerting/internal/repository/memory/storage.go:165.30,169.3 2 1
github.com/The-Gleb/go_metrics_and_alerting/internal/repository/memory/storage.go:171.2,171.12 1 1
github.com/The-Gleb/go_metrics_and_alerting/internal/repository/memory/storage.go:174.67,175.15 1 0
github.com/The-Gleb/go_metrics_and_alerting/internal/repository/memory/storage.go:176.15,178.17 2 0
github.com/The-Gleb/go_metrics_and_alerting/internal/repository/memory/storage.go:178.17,180.4 1 0
github.com/The-Gleb/go_metrics_and_alerting/internal/repository/memory/storage.go:181.3,181.32 1 0
github.com/The-Gleb/go_metrics_and_alerting/internal/repository/memory/storage.go:182.17,184.17 2 0
github.com/The-Gleb/go_metrics_and_alerting/internal/repository/memory/storage.go:184.17,186.4 1 0
github.com/The-Gleb/go_metrics_and_alerting/internal/repository/memory/storage.go:188.3,190.34 2 0
github.com/The-Gleb/go_metrics_and_alerting/internal/repository/memory/storage.go:192.10,193.30 1 0
github.com/The-Gleb/go_metrics_and_alerting/internal/repository/memory/storage.go:195.2,195.12 1 0
github.com/The-Gleb/go_metrics_and_alerting/pkg/utils/retry/retry.go:14.13,21.2 1 1
github.com/The-Gleb/go_metrics_and_alerting/pkg/utils/retry/retry.go:33.9,42.2 1 1
github.com/The-Gleb/go_metrics_and_alerting/pkg/utils/retry/retry.go:51.9,58.36 2 1
github.com/The-Gleb/go_metrics_and_alerting/pkg/utils/retry/retry.go:58.36,59.10 1 1
github.com/The-Gleb/go_metrics_and_alerting/pkg/utils/retry/retry.go:60.21,62.18 2 0
github.com/The-Gleb/go_metrics_and_alerting/pkg/utils/retry/retry.go:62.18,64.5 1 0
github.com/The-Gleb/go_metrics_and_alerting/pkg/utils/retry/retry.go:65.11,70.18 3 1
github.com/The-Gleb/go_metrics_and_alerting/pkg/utils/retry/retry.go:70.18,73.42 2 1
github.com/The-Gleb/go_metrics_and_alerting/pkg/utils/retry/retry.go:73.42,74.34 1 1
github.com/The-Gleb/go_metrics_and_alerting/pkg/utils/retry/retry.go:74.34,76.7 1 0
github.com/The-Gleb/go_metrics_and_alerting/pkg/utils/retry/retry.go:79.5,79.23 1 1
github.com/The-Gleb/go_metrics_and_alerting/pkg/utils/retry/retry.go:79.23,82.14 3 0
github.com/The-Gleb/go_metrics_and_alerting/pkg/utils/retry/retry.go:85.5,85.15 1 1
github.com/The-Gleb/go_metrics_and_alerting/pkg/utils/retry/retry.go:88.4,88.14 1 1
github.com/The-Gleb/go_metrics_and_alerting/pkg/utils/retry/retry.go:91.2,91.12 1 0
github.com/The-Gleb/go_metrics_and_alerting/internal/controller/http/v1/handler/get_all_metrics.go:26.82,31.2 1 1
github.com/The-Gleb/go_metrics_and_alerting/internal/controller/http/v1/handler/get_all_metrics.go:33.56,34.47 1 1
github.com/The-Gleb/go_metrics_and_alerting/internal/controller/http/v1/handler/get_all_metrics.go:34.47,37.3 2 1
github.com/The-Gleb/go_metrics_and_alerting/internal/controller/http/v1/handler/get_all_metrics.go:40.105,43.2 2 0
github.com/The-Gleb/go_metrics_and_alerting/internal/controller/http/v1/handler/get_all_metrics.go:45.83,48.16 2 1
github.com/The-Gleb/go_metrics_and_alerting/internal/controller/http/v1/handler/get_all_metrics.go:48.16,52.3 3 0
github.com/The-Gleb/go_metrics_and_alerting/internal/controller/http/v1/handler/get_all_metrics.go:54.2,55.16 2 1
github.com/The-Gleb/go_metrics_and_alerting/internal/controller/http/v1/handler/get_metric.go:29.70,34.2 1 1
github.com/The-Gleb/go_metrics_and_alerting/internal/controller/http/v1/handler/get_metric.go:36.52,37.43 1 1
github.com/The-Gleb/go_metrics_and_alerting/internal/controller/http/v1/handler/get_metric.go:37.43,40.3 2 1
github.com/The-Gleb/go_metrics_and_alerting/internal/controller/http/v1/handler/get_metric.go:43.97,46.2 2 0
github.com/The-Gleb/go_metrics_and_alerting/internal/controller/http/v1/handler/get_metric.go:48.79,57.32 4 1
github.com/The-Gleb/go_metrics_and_alerting/internal/controller/http/v1/handler/get_metric.go:57.32,60.3 2 0
github.com/The-Gleb/go_metrics_and_alerting/internal/controller/http/v1/handler/get_metric.go:62.2,63.16 2 1
github.com/The-Gleb/go_metrics_and_alerting/internal/controller/http/v1/handler/get_metric.go:63.16,65.45 1 0
github.com/The-Gleb/go_metrics_and_alerting/internal/controller/http/v1/handler/get_metric.go:65.45,68.4 2 0
github.com/The-Gleb/go_metrics_and_alerting/internal/controller/http/v1/handler/get_metric.go:68.9,71.4 2 0
github.com/The-Gleb/go_metrics_and_alerting/internal/controller/http/v1/handler/get_metric.go:74.2,74.15 1 1
github.com/The-Gleb/go_metrics_and_alerting/internal/controller/http/v1/handler/get_metric.go:75.15,78.27 2 1
github.com/The-Gleb/go_metrics_and_alerting/internal/controller/http/v1/handler/get_metric.go:80.17,83.27 2 0
github.com/The-Gleb/go_metrics_and_alerting/internal/controller/http/v1/handler/get_metric.go:85.10,88.9 2 0
github.com/The-Gleb/go_metrics_and_alerting/internal/controller/http/v1/handler/get_metric_json.go:26.78,31.2 1 1
github.com/The-Gleb/go_metrics_and_alerting/internal/controller/http/v1/handler/get_metric_json.go:33.56,34.47 1 1
github.com/The-Gleb/go_metrics_and_alerting/internal/controller/http/v1/handler/get_metric_json.go:34.47,37.3 2 1
github.com/The-Gleb/go_metrics_and_alerting/internal/controller/http/v1/handler/get_metric_json.go:40.105,43.2 2 0
github.com/The-Gleb/go_metrics_and_alerting/internal/controller/http/v1/handler/get_metric_json.go:45.83,49.16 3 1
github.com/The-Gleb/go_metrics_and_alerting/internal/controller/http/v1/handler/get_metric_json.go:49.16,52.3 2 0
github.com/The-Gleb/go_metrics_and_alerting/internal/controller/http/v1/handler/get_metric_json.go:54.2,54.43 1 1
github.com/The-Gleb/go_metrics_and_alerting/internal/controller/http/v1/handler/get_metric_json.go:54.43,57.3 2 0
github.com/The-Gleb/go_metrics_and_alerting/internal/controller/http/v1/handler/get_metric_json.go:59.2,60.16 2 1
github.com/The-Gleb/go_metrics_and_alerting/internal/controller/http/v1/handler/get_metric_json.go:60.16,64.45 3 0
github.com/The-Gleb/go_metrics_and_alerting/internal/controller/http/v1/handler/get_metric_json.go:64.45,68.4 3 0
github.com/The-Gleb/go_metrics_and_alerting/internal/controller/http/v1/handler/get_metric_json.go:68.9,72.4 3 0
github.com/The-Gleb/go_metrics_and_alerting/internal/controller/http/v1/handler/get_metric_json.go:75.2,76.16 2 1
github.com/The-Gleb/go_metrics_and_alerting/internal/controller/http/v1/handler/get_metric_json.go:76.16,79.3 2 0
github.com/The-Gleb/go_metrics_and_alerting/internal/controller/http/v1/handler/get_metric_json.go:81.2,81.13 1 1
github.com/The-Gleb/go_metrics_and_alerting/internal/controller/http/v1/handler/update_metric.go:30.79,35.2 1 1
github.com/The-Gleb/go_metrics_and_alerting/internal/controller/http/v1/handler/update_metric.go:37.55,38.46 1 1
github.com/The-Gleb/go_metrics_and_alerting/internal/controller/http/v1/handler/update_metric.go:38.46,41.3 2 1
github.com/The-Gleb/go_metrics_and_alerting/internal/controller/http/v1/handler/update_metric.go:44.103,47.2 2 0
github.com/The-Gleb/go_metrics_and_alerting/internal/controller/http/v1/handler/update_metric.go:49.82,58.32 4 1
github.com/The-Gleb/go_metrics_and_alerting/internal/controller/http/v1/handler/update_metric.go:58.32,61.3 2 0
github.com/The-Gleb/go_metrics_and_alerting/internal/controller/http/v1/handler/update_metric.go:63.2,63.15 1 1
github.com/The-Gleb/go_metrics_and_alerting/internal/controller/http/v1/handler/update_metric.go:64.15,66.17 2 1
github.com/The-Gleb/go_metrics_and_alerting/internal/controller/http/v1/handler/update_metric.go:66.17,70.4 3 0
github.com/The-Gleb/go_metrics_and_alerting/internal/controller/http/v1/handler/update_metric.go:71.3,74.17 3 1
github.com/The-Gleb/go_metrics_and_alerting/internal/controller/http/v1/handler/update_metric.go:74.17,75.46 1 0
github.com/The-Gleb/go_metrics_and_alerting/internal/controller/http/v1/handler/update_metric.go:75.46,78.5 2 0
github.com/The-Gleb/go_metrics_and_alerting/internal/controller/http/v1/handler/update_metric.go:78.10,81.5 2 0
github.com/The-Gleb/go_metrics_and_alerting/internal/controller/http/v1/handler/update_metric.go:87.3,87.45 1 1
github.com/The-Gleb/go_metrics_and_alerting/internal/controller/http/v1/handler/update_metric.go:89.17,91.17 2 0
github.com/The-Gleb/go_metrics_and_alerting/internal/controller/http/v1/handler/update_metric.go:91.17,95.4 3 0
github.com/The-Gleb/go_metrics_and_alerting/internal/controller/http/v1/handler/update_metric.go:96.3,99.17 3 0
github.com/The-Gleb/go_metrics_and_alerting/internal/controller/http/v1/handler/update_metric.go:99.17,100.46 1 0
github.com/The-Gleb/go_metrics_and_alerting/internal/controller/http/v1/handler/update_metric.go:100.46,104.5 3 0
github.com/The-Gleb/go_metrics_and_alerting/internal/controller/http/v1/handler/update_metric.go:104.10,108.5 3 0
github.com/The-Gleb/go_metrics_and_alerting/internal/controller/http/v1/handler/update_metric.go:111.3,112.27 2 0
github.com/The-Gleb/go_metrics_and_alerting/internal/controller/http/v1/handler/update_metric.go:116.10,118.9 2 0
github.com/The-Gleb/go_metrics_and_alerting/internal/controller/http/v1/handler/update_metric_json.go:23.87,28.2 1 1
github.com/The-Gleb/go_metrics_and_alerting/internal/controller/http/v1/handler/update_metric_json.go:30.59,31.50 1 1
github.com/The-Gleb/go_metrics_and_alerting/internal/controller/http/v1/handler/update_metric_json.go:31.50,34.3 2 1
github.com/The-Gleb/go_metrics_and_alerting/internal/controller/http/v1/handler/update_metric_json.go:37.111,40.2 2 0
github.com/The-Gleb/go_metrics_and_alerting/internal/controller/http/v1/handler/update_metric_json.go:42.86,46.16 3 1
github.com/The-Gleb/go_metrics_and_alerting/internal/controller/http/v1/handler/update_metric_json.go:46.16,49.3 2 0
github.com/The-Gleb/go_metrics_and_alerting/internal/controller/http/v1/handler/update_metric_json.go:51.2,52.48 1 1
github.com/The-Gleb/go_metrics_and_alerting/internal/controller/http/v1/handler/update_metric_json.go:52.48,55.3 2 0
github.com/The-Gleb/go_metrics_and_alerting/internal/controller/http/v1/handler/update_metric_json.go:57.2,58.16 2 1
github.com/The-Gleb/go_metrics_and_alerting/internal/controller/http/v1/handler/update_metric_json.go:58.16,62.3 3 0
github.com/The-Gleb/go_metrics_and_alerting/internal/controller/http/v1/handler/update_metric_json.go:64.2,65.16 2 1
github.com/The-Gleb/go_metrics_and_alerting/internal/controller/http/v1/handler/update_metric_json.go:65.16,68.3 2 0
github.com/The-Gleb/go_metrics_and_alerting/internal/controller/http/v1/handler/update_metric_json.go:70.2,70.13 1 1
github.com/The-Gleb/go_metrics_and_alerting/internal/controller/http/v1/handler/update_metric_set.go:29.88,34.2 1 1
github.com/The-Gleb/go_metrics_and_alerting/internal/controller/http/v1/handler/update_metric_set.go:36.58,37.49 1 1
github.com/The-Gleb/go_metrics_and_alerting/internal/controller/http/v1/handler/update_metric_set.go:37.49,40.3 2 1
github.com/The-Gleb/go_metrics_and_alerting/internal/controller/http/v1/handler/update_metric_set.go:43.109,46.2 2 0
github.com/The-Gleb/go_metrics_and_alerting/internal/controller/http/v1/handler/update_metric_set.go:48.85,52.16 3 1
github.com/The-Gleb/go_metrics_and_alerting/internal/controller/http/v1/handler/update_metric_set.go:52.16,55.3 2 0
github.com/The-Gleb/go_metrics_and_alerting/internal/controller/http/v1/handler/update_metric_set.go:57.2,58.16 2 1
github.com/The-Gleb/go_metrics_and_alerting/internal/controller/http/v1/handler/update_metric_set.go:58.16,62.3 3 0
github.com/The-Gleb/go_metrics_and_alerting/internal/controller/http/v1/handler/update_metric_set.go:64.2,65.60 2 1
github.com/The-Gleb/go_metrics_and_alerting/internal/domain/service/backup.go:26.100,33.2 1 0
github.com/The-Gleb/go_metrics_and_alerting/internal/domain/service/backup.go:35.56,37.21 1 0
github.com/The-Gleb/go_metrics_and_alerting/internal/domain/service/backup.go:37.21,39.17 2 0
github.com/The-Gleb/go_metrics_and_alerting/internal/domain/service/backup.go:39.17,42.4 2 0
github.com/The-Gleb/go_metrics_and_alerting/internal/domain/service/backup.go:45.2,45.65 1 0
github.com/The-Gleb/go_metrics_and_alerting/internal/domain/service/backup.go:45.65,47.3 1 0
github.com/The-Gleb/go_metrics_and_alerting/internal/domain/service/backup.go:49.2,50.6 2 0
github.com/The-Gleb/go_metrics_and_alerting/internal/domain/service/backup.go:50.6,51.7 1 0
github.com/The-Gleb/go_metrics_and_alerting/internal/domain/service/backup.go:51.7,52.11 1 0
github.com/The-Gleb/go_metrics_and_alerting/internal/domain/service/backup.go:53.24,55.19 2 0
github.com/The-Gleb/go_metrics_and_alerting/internal/domain/service/backup.go:55.19,58.6 2 0
github.com/The-Gleb/go_metrics_and_alerting/internal/domain/service/backup.go:59.22,61.11 2 0
github.com/The-Gleb/go_metrics_and_alerting/internal/domain/service/backup.go:68.75,71.16 2 0
github.com/The-Gleb/go_metrics_and_alerting/internal/domain/service/backup.go:71.16,73.3 1 0
github.com/The-Gleb/go_metrics_and_alerting/internal/domain/service/backup.go:75.2,78.16 3 0
github.com/The-Gleb/go_metrics_and_alerting/internal/domain/service/backup.go:78.16,80.3 1 0
github.com/The-Gleb/go_metrics_and_alerting/internal/domain/service/backup.go:82.2,82.64 1 0
github.com/The-Gleb/go_metrics_and_alerting/internal/domain/service/backup.go:82.64,85.3 2 0
github.com/The-Gleb/go_metrics_and_alerting/internal/domain/service/backup.go:86.2,86.16 1 0
github.com/The-Gleb/go_metrics_and_alerting/internal/domain/service/backup.go:86.16,88.3 1 0
github.com/The-Gleb/go_metrics_and_alerting/internal/domain/service/backup.go:90.2,91.16 2 0
github.com/The-Gleb/go_metrics_and_alerting/internal/domain/service/backup.go:91.16,93.3 1 0
github.com/The-Gleb/go_metrics_and_alerting/internal/domain/service/backup.go:95.2,96.16 2 0
github.com/The-Gleb/go_metrics_and_alerting/internal/domain/service/backup.go:96.16,98.3 1 0
github.com/The-Gleb/go_metrics_and_alerting/internal/domain/service/backup.go:100.2,100.12 1 0
github.com/The-Gleb/go_metrics_and_alerting/internal/domain/service/backup.go:103.74,107.75 3 0
github.com/The-Gleb/go_metrics_and_alerting/internal/domain/service/backup.go:107.75,110.3 2 0
github.com/The-Gleb/go_metrics_and_alerting/internal/domain/service/backup.go:111.2,111.16 1 0
github.com/The-Gleb/go_metrics_and_alerting/internal/domain/service/backup.go:111.16,113.3 1 0
github.com/The-Gleb/go_metrics_and_alerting/internal/domain/service/backup.go:115.2,116.16 2 0
github.com/The-Gleb/go_metrics_and_alerting/internal/domain/service/backup.go:116.16,118.3 1 0
github.com/The-Gleb/go_metrics_and_alerting/internal/domain/service/backup.go:120.2,121.16 2 0
github.com/The-Gleb/go_metrics_and_alerting/internal/domain/service/backup.go:121.16,123.3 1 0
github.com/The-Gleb/go_metrics_and_alerting/internal/domain/service/backup.go:125.2,125.12 1 0
github.com/The-Gleb/go_metrics_and_alerting/internal/domain/service/backup.go:128.48,130.2 1 0
github.com/The-Gleb/go_metrics_and_alerting/internal/domain/service/metric.go:29.55,31.2 1 1
github.com/The-Gleb/go_metrics_and_alerting/internal/domain/service/metric.go:33.110,36.22 2 1
github.com/The-Gleb/go_metrics_and_alerting/internal/domain/service/metric.go:37.15,38.26 1 1
github.com/The-Gleb/go_metrics_and_alerting/internal/domain/service/metric.go:38.26,40.4 1 0
github.com/The-Gleb/go_metrics_and_alerting/internal/domain/service/metric.go:41.3,41.65 1 1
github.com/The-Gleb/go_metrics_and_alerting/internal/domain/service/metric.go:41.65,44.4 2 1
github.com/The-Gleb/go_metrics_and_alerting/internal/domain/service/metric.go:46.17,47.26 1 0
github.com/The-Gleb/go_metrics_and_alerting/internal/domain/service/metric.go:47.26,49.4 1 0
github.com/The-Gleb/go_metrics_and_alerting/internal/domain/service/metric.go:50.3,50.65 1 0
github.com/The-Gleb/go_metrics_and_alerting/internal/domain/service/metric.go:50.65,53.4 2 0
github.com/The-Gleb/go_metrics_and_alerting/internal/domain/service/metric.go:54.10,55.60 1 0
github.com/The-Gleb/go_metrics_and_alerting/internal/domain/service/metric.go:58.2,58.16 1 1
github.com/The-Gleb/go_metrics_and_alerting/internal/domain/service/metric.go:58.16,60.3 1 0
github.com/The-Gleb/go_metrics_and_alerting/internal/domain/service/metric.go:62.2,62.20 1 1
github.com/The-Gleb/go_metrics_and_alerting/internal/domain/service/metric.go:66.108,69.75 3 1
github.com/The-Gleb/go_metrics_and_alerting/internal/domain/service/metric.go:69.75,72.3 2 1
github.com/The-Gleb/go_metrics_and_alerting/internal/domain/service/metric.go:73.2,73.16 1 1
github.com/The-Gleb/go_metrics_and_alerting/internal/domain/service/metric.go:73.16,75.3 1 0
github.com/The-Gleb/go_metrics_and_alerting/internal/domain/service/metric.go:77.2,77.15 1 1
github.com/The-Gleb/go_metrics_and_alerting/internal/domain/service/metric.go:81.107,84.22 2 1
github.com/The-Gleb/go_metrics_and_alerting/internal/domain/service/metric.go:85.15,86.65 1 1
github.com/The-Gleb/go_metrics_and_alerting/internal/domain/service/metric.go:86.65,89.4 2 1
github.com/The-Gleb/go_metrics_and_alerting/internal/domain/service/metric.go:91.17,92.65 1 0
github.com/The-Gleb/go_metrics_and_alerting/internal/domain/service/metric.go:92.65,95.4 2 0
github.com/The-Gleb/go_metrics_and_alerting/internal/domain/service/metric.go:96.10,97.60 1 0
github.com/The-Gleb/go_metrics_and_alerting/internal/domain/service/metric.go:100.2,100.16 1 1
github.com/The-Gleb/go_metrics_and_alerting/internal/domain/service/metric.go:100.16,102.3 1 0
github.com/The-Gleb/go_metrics_and_alerting/internal/domain/service/metric.go:104.2,104.20 1 1
github.com/The-Gleb/go_metrics_and_alerting/internal/domain/service/metric.go:108.95,112.75 3 1
github.com/The-Gleb/go_metrics_and_alerting/internal/domain/service/metric.go:112.75,115.3 2 1
github.com/The-Gleb/go_metrics_and_alerting/internal/domain/service/metric.go:116.2,116.16 1 1
github.com/The-Gleb/go_metrics_and_alerting/internal/domain/service/metric.go:116.16,118.3 1 0
github.com/The-Gleb/go_metrics_and_alerting/internal/domain/service/metric.go:120.2,120.26 1 1
github.com/The-Gleb/go_metrics_and_alerting/internal/domain/service/metric.go:125.46,129.2 1 0
github.com/The-Gleb/go_metrics_and_alerting/internal/domain/usecase/get_all_metrics.go:14.70,18.2 1 1
github.com/The-Gleb/go_metrics_and_alerting/internal/domain/usecase/get_all_metrics.go:20.88,23.16 2 1
github.com/The-Gleb/go_metrics_and_alerting/internal/domain/usecase/get_all_metrics.go:23.16,25.3 1 0
github.com/The-Gleb/go_metrics_and_alerting/internal/domain/usecase/get_all_metrics.go:27.2,30.16 3 1
github.com/The-Gleb/go_metrics_and_alerting/internal/domain/usecase/get_all_metrics.go:30.16,32.3 1 0
github.com/The-Gleb/go_metrics_and_alerting/internal/domain/usecase/get_all_metrics.go:34.2,35.16 2 1
github.com/The-Gleb/go_metrics_and_alerting/internal/domain/usecase/get_all_metrics.go:35.16,37.3 1 0
github.com/The-Gleb/go_metrics_and_alerting/internal/domain/usecase/get_all_metrics.go:39.2,39.23 1 1
github.com/The-Gleb/go_metrics_and_alerting/internal/domain/usecase/get_all_metrics.go:43.88,46.16 2 0
github.com/The-Gleb/go_metrics_and_alerting/internal/domain/usecase/get_all_metrics.go:46.16,48.3 1 0
github.com/The-Gleb/go_metrics_and_alerting/internal/domain/usecase/get_all_metrics.go:50.2,65.44 3 0
github.com/The-Gleb/go_metrics_and_alerting/internal/domain/usecase/get_all_metrics.go:65.44,67.3 1 0
github.com/The-Gleb/go_metrics_and_alerting/internal/domain/usecase/get_all_metrics.go:68.2,68.46 1 0
github.com/The-Gleb/go_metrics_and_alerting/internal/domain/usecase/get_all_metrics.go:68.46,70.3 1 0
github.com/The-Gleb/go_metrics_and_alerting/internal/domain/usecase/get_all_metrics.go:72.2,74.23 2 0
github.com/The-Gleb/go_metrics_and_alerting/internal/domain/usecase/get_metric.go:12.62,16.2 1 1
github.com/The-Gleb/go_metrics_and_alerting/internal/domain/usecase/get_metric.go:18.105,21.16 2 1
github.com/The-Gleb/go_metrics_and_alerting/internal/domain/usecase/get_metric.go:21.16,23.3 1 0
github.com/The-Gleb/go_metrics_and_alerting/internal/domain/usecase/get_metric.go:25.2,25.20 1 1
github.com/The-Gleb/go_metrics_and_alerting/internal/domain/usecase/update_metric.go:13.86,18.2 1 1
github.com/The-Gleb/go_metrics_and_alerting/internal/domain/usecase/update_metric.go:20.111,23.16 2 1
github.com/The-Gleb/go_metrics_and_alerting/internal/domain/usecase/update_metric.go:23.16,25.3 1 0
github.com/The-Gleb/go_metrics_and_alerting/internal/domain/usecase/update_metric.go:27.2,27.61 1 1
github.com/The-Gleb/go_metrics_and_alerting/internal/domain/usecase/update_metric.go:27.61,29.17 2 0
github.com/The-Gleb/go_metrics_and_alerting/internal/domain/usecase/update_metric.go:29.17,31.4 1 0
github.com/The-Gleb/go_metrics_and_alerting/internal/domain/usecase/update_metric.go:34.2,34.20 1 1
github.com/The-Gleb/go_metrics_and_alerting/internal/domain/usecase/update_metric_set.go:13.92,18.2 1 1
github.com/The-Gleb/go_metrics_and_alerting/internal/domain/usecase/update_metric_set.go:20.112,23.16 2 1
github.com/The-Gleb/go_metrics_and_alerting/internal/domain/usecase/update_metric_set.go:23.16,25.3 1 0
github.com/The-Gleb/go_metrics_and_alerting/internal/domain/usecase/update_metric_set.go:27.2,27.61 1 1
github.com/The-Gleb/go_metrics_and_alerting/internal/domain/usecase/update_metric_set.go:27.61,29.17 2 0
github.com/The-Gleb/go_metrics_and_alerting/internal/domain/usecase/update_metric_set.go:29.17,31.4 1 0
github.com/The-Gleb/go_metrics_and_alerting/internal/domain/usecase/update_metric_set.go:34.2,34.15 1 1
github.com/The-Gleb/go_metrics_and_alerting/internal/logger/logger.go:10.37,12.16 2 0
github.com/The-Gleb/go_metrics_and_alerting/internal/logger/logger.go:12.16,14.3 1 0
github.com/The-Gleb/go_metrics_and_alerting/internal/logger/logger.go:15.2,19.16 5 0
github.com/The-Gleb/go_metrics_and_alerting/internal/logger/logger.go:19.16,21.3 1 0
github.com/The-Gleb/go_metrics_and_alerting/internal/logger/logger.go:22.2,23.12 2 0
github.com/The-Gleb/go_metrics_and_alerting/internal/repository/memory/storage.go:27.21,32.2 1 1
github.com/The-Gleb/go_metrics_and_alerting/internal/repository/memory/storage.go:34.97,38.2 2 1
github.com/The-Gleb/go_metrics_and_alerting/internal/repository/memory/storage.go:40.99,47.2 5 0
github.com/The-Gleb/go_metrics_and_alerting/internal/repository/memory/storage.go:50.94,52.8 2 1
github.com/The-Gleb/go_metrics_and_alerting/internal/repository/memory/storage.go:52.8,55.3 2 1
github.com/The-Gleb/go_metrics_and_alerting/internal/repository/memory/storage.go:56.2,56.39 1 0
github.com/The-Gleb/go_metrics_and_alerting/internal/repository/memory/storage.go:59.96,61.8 2 0
github.com/The-Gleb/go_metrics_and_alerting/internal/repository/memory/storage.go:61.8,65.3 3 0
github.com/The-Gleb/go_metrics_and_alerting/internal/repository/memory/storage.go:66.2,66.39 1 0
github.com/The-Gleb/go_metrics_and_alerting/internal/repository/memory/storage.go:69.96,74.33 4 1
github.com/The-Gleb/go_metrics_and_alerting/internal/repository/memory/storage.go:74.33,75.23 1 1
github.com/The-Gleb/go_metrics_and_alerting/internal/repository/memory/storage.go:76.16,77.27 1 1
github.com/The-Gleb/go_metrics_and_alerting/internal/repository/memory/storage.go:77.27,79.5 1 0
github.com/The-Gleb/go_metrics_and_alerting/internal/repository/memory/storage.go:81.4,83.13 2 1
github.com/The-Gleb/go_metrics_and_alerting/internal/repository/memory/storage.go:84.18,85.27 1 1
github.com/The-Gleb/go_metrics_and_alerting/internal/repository/memory/storage.go:85.27,87.5 1 0
github.com/The-Gleb/go_metrics_and_alerting/internal/repository/memory/storage.go:89.4,91.13 3 1
github.com/The-Gleb/go_metrics_and_alerting/internal/repository/memory/storage.go:92.11,93.65 1 0
github.com/The-Gleb/go_metrics_and_alerting/internal/repository/memory/storage.go:96.2,98.21 3 1
github.com/The-Gleb/go_metrics_and_alerting/internal/repository/memory/storage.go:101.83,103.46 2 1
github.com/The-Gleb/go_metrics_and_alerting/internal/repository/memory/storage.go:103.46,115.3 3 1
github.com/The-Gleb/go_metrics_and_alerting/internal/repository/memory/storage.go:117.2,118.48 2 1
github.com/The-Gleb/go_metrics_and_alerting/internal/repository/memory/storage.go:118.48,130.3 4 1
github.com/The-Gleb/go_metrics_and_alerting/internal/repository/memory/storage.go:132.2,135.8 1 1
github.com/The-Gleb/go_metrics_and_alerting/internal/repository/memory/storage.go:138.66,139.15 1 0
github.com/The-Gleb/go_metrics_and_alerting/internal/repository/memory/storage.go:140.15,141.41 1 0
github.com/The-Gleb/go_metrics_and_alerting/internal/repository/memory/storage.go:141.41,142.38 1 0
github.com/The-Gleb/go_metrics_and_alerting/internal/repository/memory/storage.go:142.38,144.5 1 0
github.com/The-Gleb/go_metrics_and_alerting/internal/repository/memory/storage.go:146.17,148.9 2 0
github.com/The-Gleb/go_metrics_and_alerting/internal/repository/memory/storage.go:148.9,151.4 2 0
github.com/The-Gleb/go_metrics_and_alerting/internal/repository/memory/storage.go:152.10,153.34 1 0
github.com/The-Gleb/go_metrics_and_alerting/internal/repository/memory/storage.go:155.2,155.35 1 0
github.com/The-Gleb/go_metrics_and_alerting/internal/repository/memory/storage.go:158.34,160.2 1 0
github.com/The-Gleb/go_metrics_and_alerting/internal/repository/memory/storage.go:162.41,165.30 2 1
github.com/The-Gleb/go_metrics_and_alerting/internal/repository/memory/storage.go:165.30,169.3 2 1
github.com/The-Gleb/go_metrics_and_alerting/internal/repository/memory/storage.go:171.2,171.12 1 1
github.com/The-Gleb/go_metrics_and_alerting/internal/repository/memory/storage.go:174.67,175.15 1 1
github.com/The-Gleb/go_metrics_and_alerting/internal/repository/memory/storage.go:176.15,178.17 2 1
github.com/The-Gleb/go_metrics_and_alerting/internal/repository/memory/storage.go:178.17,180.4 1 0
github.com/The-Gleb/go_metrics_and_alerting/internal/repository/memory/storage.go:181.3,181.32 1 1
github.com/The-Gleb/go_metrics_and_alerting/internal/repository/memory/storage.go:182.17,184.17 2 1
github.com/The-Gleb/go_metrics_and_alerting/internal/repository/memory/storage.go:184.17,186.4 1 0
github.com/The-Gleb/go_metrics_and_alerting/internal/repository/memory/storage.go:188.3,190.34 2 1
github.com/The-Gleb/go_metrics_and_alerting/internal/repository/memory/storage.go:192.10,193.30 1 0
github.com/The-Gleb/go_metrics_and_alerting/internal/repository/memory/storage.go:195.2,195.12 1 1
github.com/The-Gleb/go_metrics_and_alerting/pkg/utils/retry/retry.go:14.13,21.2 1 1
github.com/The-Gleb/go_metrics_and_alerting/pkg/utils/retry/retry.go:33.9,42.2 1 1
github.com/The-Gleb/go_metrics_and_alerting/pkg/utils/retry/retry.go:51.9,58.36 2 1
github.com/The-Gleb/go_metrics_and_alerting/pkg/utils/retry/retry.go:58.36,59.10 1 1
github.com/The-Gleb/go_metrics_and_alerting/pkg/utils/retry/retry.go:60.21,62.18 2 0
github.com/The-Gleb/go_metrics_and_alerting/pkg/utils/retry/retry.go:62.18,64.5 1 0
github.com/The-Gleb/go_metrics_and_alerting/pkg/utils/retry/retry.go:65.11,70.18 3 1
github.com/The-Gleb/go_metrics_and_alerting/pkg/utils/retry/retry.go:70.18,73.42 2 0
github.com/The-Gleb/go_metrics_and_alerting/pkg/utils/retry/retry.go:73.42,74.34 1 0
github.com/The-Gleb/go_metrics_and_alerting/pkg/utils/retry/retry.go:74.34,76.7 1 0
github.com/The-Gleb/go_metrics_and_alerting/pkg/utils/retry/retry.go:79.5,79.23 1 0
github.com/The-Gleb/go_metrics_and_alerting/pkg/utils/retry/retry.go:79.23,82.14 3 0
github.com/The-Gleb/go_metrics_and_alerting/pkg/utils/retry/retry.go:85.5,85.15 1 0
github.com/The-Gleb/go_metrics_and_alerting/pkg/utils/retry/retry.go:88.4,88.14 1 1
github.com/The-Gleb/go_metrics_and_alerting/pkg/utils/retry/retry.go:91.2,91.12 1 0
github.com/The-Gleb/go_metrics_and_alerting/internal/controller/http/v1/handler/get_all_metrics.go:26.82,31.2 1 1
github.com/The-Gleb/go_metrics_and_alerting/internal/controller/http/v1/handler/get_all_metrics.go:33.56,34.47 1 1
github.com/The-Gleb/go_metrics_and_alerting/internal/controller/http/v1/handler/get_all_metrics.go:34.47,37.3 2 1
github.com/The-Gleb/go_metrics_and_alerting/internal/controller/http/v1/handler/get_all_metrics.go:40.105,43.2 2 0
github.com/The-Gleb/go_metrics_and_alerting/internal/controller/http/v1/handler/get_all_metrics.go:45.83,48.16 2 1
github.com/The-Gleb/go_metrics_and_alerting/internal/controller/http/v1/handler/get_all_metrics.go:48.16,52.3 3 0
github.com/The-Gleb/go_metrics_and_alerting/internal/controller/http/v1/handler/get_all_metrics.go:54.2,55.16 2 1
github.com/The-Gleb/go_metrics_and_alerting/internal/controller/http/v1/handler/get_metric.go:29.70,34.2 1 1
github.com/The-Gleb/go_metrics_and_alerting/internal/controller/http/v1/handler/get_metric.go:36.52,37.43 1 1
github.com/The-Gleb/go_metrics_and_alerting/internal/controller/http/v1/handler/get_metric.go:37.43,40.3 2 1
github.com/The-Gleb/go_metrics_and_alerting/internal/controller/http/v1/handler/get_metric.go:43.97,46.2 2 0
github.com/The-Gleb/go_metrics_and_alerting/internal/controller/http/v1/handler/get_metric.go:48.79,57.32 4 1
github.com/The-Gleb/go_metrics_and_alerting/internal/controller/http/v1/handler/get_metric.go:57.32,60.3 2 1
github.com/The-Gleb/go_metrics_and_alerting/internal/controller/http/v1/handler/get_metric.go:62.2,63.16 2 1
github.com/The-Gleb/go_metrics_and_alerting/internal/controller/http/v1/handler/get_metric.go:63.16,65.45 1 1
github.com/The-Gleb/go_metrics_and_alerting/internal/controller/http/v1/handler/get_metric.go:65.45,68.4 2 1
github.com/The-Gleb/go_metrics_and_alerting/internal/controller/http/v1/handler/get_metric.go:68.9,71.4 2 1
github.com/The-Gleb/go_metrics_and_alerting/internal/controller/http/v1/handler/get_metric.go:74.2,74.15 1 1
github.com/The-Gleb/go_metrics_and_alerting/internal/controller/http/v1/handler/get_metric.go:75.15,78.27 2 1
github.com/The-Gleb/go_metrics_and_alerting/internal/controller/http/v1/handler/get_metric.go:80.17,83.27 2 1
github.com/The-Gleb/go_metrics_and_alerting/internal/controller/http/v1/handler/get_metric.go:85.10,88.9 2 0
github.com/The-Gleb/go_metrics_and_alerting/internal/controller/http/v1/handler/get_metric_json.go:26.78,31.2 1 0
github.com/The-Gleb/go_metrics_and_alerting/internal/controller/http/v1/handler/get_metric_json.go:33.56,34.47 1 0
github.com/The-Gleb/go_metrics_and_alerting/internal/controller/http/v1/handler/get_metric_json.go:34.47,37.3 2 0
github.com/The-Gleb/go_metrics_and_alerting/internal/controller/http/v1/handler/get_metric_json.go:40.105,43.2 2 0
github.com/The-Gleb/go_metrics_and_alerting/internal/controller/http/v1/handler/get_metric_json.go:45.83,49.16 3 0
github.com/The-Gleb/go_metrics_and_alerting/internal/controller/http/v1/handler/get_metric_json.go:49.16,52.3 2 0
github.com/The-Gleb/go_metrics_and_alerting/internal/controller/http/v1/handler/get_metric_json.go:54.2,54.43 1 0
github.com/The-Gleb/go_metrics_and_alerting/internal/controller/http/v1/handler/get_metric_json.go:54.43,57.3 2 0
github.com/The-Gleb/go_metrics_and_alerting/internal/controller/http/v1/handler/get_metric_json.go:59.2,60.16 2 0
github.com/The-Gleb/go_metrics_and_alerting/internal/controller/http/v1/handler/get_metric_json.go:60.16,64.45 3 0
github.com/The-Gleb/go_metrics_and_alerting/internal/controller/http/v1/handler/get_metric_json.go:64.45,68.4 3 0
github.com/The-Gleb/go_metrics_and_alerting/internal/controller/http/v1/handler/get_metric_json.go:68.9,72.4 3 0
github.com/The-Gleb/go_metrics_and_alerting/internal/controller/http/v1/handler/get_metric_json.go:75.2,76.16 2 0
github.com/The-Gleb/go_metrics_and_alerting/internal/controller/http/v1/handler/get_metric_json.go:76.16,79.3 2 0
github.com/The-Gleb/go_metrics_and_alerting/internal/controller/http/v1/handler/get_metric_json.go:81.2,81.13 1 0
github.com/The-Gleb/go_metrics_and_alerting/internal/controller/http/v1/handler/update_metric.go:30.79,35.2 1 1
github.com/The-Gleb/go_metrics_and_alerting/internal/controller/http/v1/handler/update_metric.go:37.55,38.46 1 1
github.com/The-Gleb/go_metrics_and_alerting/internal/controller/http/v1/handler/update_metric.go:38.46,41.3 2 1
github.com/The-Gleb/go_metrics_and_alerting/internal/controller/http/v1/handler/update_metric.go:44.103,47.2 2 0
github.com/The-Gleb/go_metrics_and_alerting/internal/controller/http/v1/handler/update_metric.go:49.82,58.32 4 1
github.com/The-Gleb/go_metrics_and_alerting/internal/controller/http/v1/handler/update_metric.go:58.32,61.3 2 1
github.com/The-Gleb/go_metrics_and_alerting/internal/controller/http/v1/handler/update_metric.go:63.2,63.15 1 1
github.com/The-Gleb/go_metrics_and_alerting/internal/controller/http/v1/handler/update_metric.go:64.15,66.17 2 1
github.com/The-Gleb/go_metrics_and_alerting/internal/controller/http/v1/handler/update_metric.go:66.17,70.4 3 1
github.com/The-Gleb/go_metrics_and_alerting/internal/controller/http/v1/handler/update_metric.go:71.3,74.17 3 1
github.com/The-Gleb/go_metrics_and_alerting/internal/controller/http/v1/handler/update_metric.go:74.17,75.46 1 0
github.com/The-Gleb/go_metrics_and_alerting/internal/controller/http/v1/handler/update_metric.go:75.46,78.5 2 0
github.com/The-Gleb/go_metrics_and_alerting/internal/controller/http/v1/handler/update_metric.go:78.10,81.5 2 0
github.com/The-Gleb/go_metrics_and_alerting/internal/controller/http/v1/handler/update_metric.go:87.3,87.45 1 1
github.com/The-Gleb/go_metrics_and_alerting/internal/controller/http/v1/handler/update_metric.go:89.17,91.17 2 1
github.com/The-Gleb/go_metrics_and_alerting/internal/controller/http/v1/handler/update_metric.go:91.17,95.4 3 0
github.com/The-Gleb/go_metrics_and_alerting/internal/controller/http/v1/handler/update_metric.go:96.3,99.17 3 1
github.com/The-Gleb/go_metrics_and_alerting/internal/controller/http/v1/handler/update_metric.go:99.17,100.46 1 0
github.com/The-Gleb/go_metrics_and_alerting/internal/controller/http/v1/handler/update_metric.go:100.46,104.5 3 0
github.com/The-Gleb/go_metrics_and_alerting/internal/controller/http/v1/handler/update_metric.go:104.10,108.5 3 0
github.com/The-Gleb/go_metrics_and_alerting/internal/controller/http/v1/handler/update_metric.go:111.3,112.27 2 1
github.com/The-Gleb/go_metrics_and_alerting/internal/controller/http/v1/handler/update_metric.go:116.10,118.9 2 1
github.com/The-Gleb/go_metrics_and_alerting/internal/controller/http/v1/handler/update_metric_json.go:23.87,28.2 1 0
github.com/The-Gleb/go_metrics_and_alerting/internal/controller/http/v1/handler/update_metric_json.go:30.59,31.50 1 0
github.com/The-Gleb/go_metrics_and_alerting/internal/controller/http/v1/handler/update_metric_json.go:31.50,34.3 2 0
github.com/The-Gleb/go_metrics_and_alerting/internal/controller/http/v1/handler/update_metric_json.go:37.111,40.2 2 0
github.com/The-Gleb/go_metrics_and_alerting/internal/controller/http/v1/handler/update_metric_json.go:42.86,46.16 3 0
github.com/The-Gleb/go_metrics_and_alerting/internal/controller/http/v1/handler/update_metric_json.go:46.16,49.3 2 0
github.com/The-Gleb/go_metrics_and_alerting/internal/controller/http/v1/handler/update_metric_json.go:51.2,52.48 1 0
github.com/The-Gleb/go_metrics_and_alerting/internal/controller/http/v1/handler/update_metric_json.go:52.48,55.3 2 0
github.com/The-Gleb/go_metrics_and_alerting/internal/controller/http/v1/handler/update_metric_json.go:57.2,58.16 2 0
github.com/The-Gleb/go_metrics_and_alerting/internal/controller/http/v1/handler/update_metric_json.go:58.16,62.3 3 0
github.com/The-Gleb/go_metrics_and_alerting/internal/controller/http/v1/handler/update_metric_json.go:64.2,65.16 2 0
github.com/The-Gleb/go_metrics_and_alerting/internal/controller/http/v1/handler/update_metric_json.go:65.16,68.3 2 0
github.com/The-Gleb/go_metrics_and_alerting/internal/controller/http/v1/handler/update_metric_json.go:70.2,70.13 1 0
github.com/The-Gleb/go_metrics_and_alerting/internal/controller/http/v1/handler/update_metric_set.go:29.88,34.2 1 1
github.com/The-Gleb/go_metrics_and_alerting/internal/controller/http/v1/handler/update_metric_set.go:36.58,37.49 1 1
github.com/The-Gleb/go_metrics_and_alerting/internal/controller/http/v1/handler/update_metric_set.go:37.49,40.3 2 1
github.com/The-Gleb/go_metrics_and_alerting/internal/controller/http/v1/handler/update_metric_set.go:43.109,46.2 2 0
github.com/The-Gleb/go_metrics_and_alerting/internal/controller/http/v1/handler/update_metric_set.go:48.85,52.16 3 1
github.com/The-Gleb/go_metrics_and_alerting/internal/controller/http/v1/handler/update_metric_set.go:52.16,55.3 2 1
github.com/The-Gleb/go_metrics_and_alerting/internal/controller/http/v1/handler/update_metric_set.go:57.2,58.16 2 1
github.com/The-Gleb/go_metrics_and_alerting/internal/controller/http/v1/handler/update_metric_set.go:58.16,62.3 3 0
github.com/The-Gleb/go_metrics_and_alerting/internal/controller/http/v1/handler/update_metric_set.go:64.2,65.60 2 1
github.com/The-Gleb/go_metrics_and_alerting/internal/domain/service/backup.go:26.100,33.2 1 0
github.com/The-Gleb/go_metrics_and_alerting/internal/domain/service/backup.go:35.56,37.21 1 0
github.com/The-Gleb/go_metrics_and_alerting/internal/domain/service/backup.go:37.21,39.17 2 0
github.com/The-Gleb/go_metrics_and_alerting/internal/domain/service/backup.go:39.17,42.4 2 0
github.com/The-Gleb/go_metrics_and_alerting/internal/domain/service/backup.go:45.2,45.65 1 0
github.com/The-Gleb/go_metrics_and_alerting/internal/domain/service/backup.go:45.65,47.3 1 0
github.com/The-Gleb/go_metrics_and_alerting/internal/domain/service/backup.go:49.2,50.6 2 0
github.com/The-Gleb/go_metrics_and_alerting/internal/domain/service/backup.go:50.6,51.7 1 0
github.com/The-Gleb/go_metrics_and_alerting/internal/domain/service/backup.go:51.7,52.11 1 0
github.com/The-Gleb/go_metrics_and_alerting/internal/domain/service/backup.go:53.24,55.19 2 0
github.com/The-Gleb/go_metrics_and_alerting/internal/domain/service/backup.go:55.19,58.6 2 0
github.com/The-Gleb/go_metrics_and_alerting/internal/domain/service/backup.go:59.22,61.11 2 0
github.com/The-Gleb/go_metrics_and_alerting/internal/domain/service/backup.go:68.75,71.16 2 0
github.com/The-Gleb/go_metrics_and_alerting/internal/domain/service/backup.go:71.16,73.3 1 0
github.com/The-Gleb/go_metrics_and_alerting/internal/domain/service/backup.go:75.2,78.16 3 0
github.com/The-Gleb/go_metrics_and_alerting/internal/domain/service/backup.go:78.16,80.3 1 0
github.com/The-Gleb/go_metrics_and_alerting/internal/domain/service/backup.go:82.2,82.64 1 0
github.com/The-Gleb/go_metrics_and_alerting/internal/domain/service/backup.go:82.64,85.3 2 0
github.com/The-Gleb/go_metrics_and_alerting/internal/domain/service/backup.go:86.2,86.16 1 0
github.com/The-Gleb/go_metrics_and_alerting/internal/domain/service/backup.go:86.16,88.3 1 0
github.com/The-Gleb/go_metrics_and_alerting/internal/domain/service/backup.go:90.2,91.16 2 0
github.com/The-Gleb/go_metrics_and_alerting/internal/domain/service/backup.go:91.16,93.3 1 0
github.com/The-Gleb/go_metrics_and_alerting/internal/domain/service/backup.go:95.2,96.16 2 0
github.com/The-Gleb/go_metrics_and_alerting/internal/domain/service/backup.go:96.16,98.3 1 0
github.com/The-Gleb/go_metrics_and_alerting/internal/domain/service/backup.go:100.2,100.12 1 0
github.com/The-Gleb/go_metrics_and_alerting/internal/domain/service/backup.go:103.74,107.75 3 0
github.com/The-Gleb/go_metrics_and_alerting/internal/domain/service/backup.go:107.75,110.3 2 0
github.com/The-Gleb/go_metrics_and_alerting/internal/domain/service/backup.go:111.2,111.16 1 0
github.com/The-Gleb/go_metrics_and_alerting/internal/domain/service/backup.go:111.16,113.3 1 0
github.com/The-Gleb/go_metrics_and_alerting/internal/domain/service/backup.go:115.2,116.16 2 0
github.com/The-Gleb/go_metrics_and_alerting/internal/domain/service/backup.go:116.16,118.3 1 0
github.com/The-Gleb/go_metrics_and_alerting/internal/domain/service/backup.go:120.2,121.16 2 0
github.com/The-Gleb/go_metrics_and_alerting/internal/domain/service/backup.go:121.16,123.3 1 0
github.com/The-Gleb/go_metrics_and_alerting/internal/domain/service/backup.go:125.2,125.12 1 0
github.com/The-Gleb/go_metrics_and_alerting/internal/domain/service/backup.go:128.48,130.2 1 0
github.com/The-Gleb/go_metrics_and_alerting/internal/domain/service/metric.go:29.55,31.2 1 1
github.com/The-Gleb/go_metrics_and_alerting/internal/domain/service/metric.go:33.110,36.22 2 1
github.com/The-Gleb/go_metrics_and_alerting/internal/domain/service/metric.go:37.15,38.26 1 1
github.com/The-Gleb/go_metrics_and_alerting/internal/domain/service/metric.go:38.26,40.4 1 0
github.com/The-Gleb/go_metrics_and_alerting/internal/domain/service/metric.go:41.3,41.65 1 1
github.com/The-Gleb/go_metrics_and_alerting/internal/domain/service/metric.go:41.65,44.4 2 1
github.com/The-Gleb/go_metrics_and_alerting/internal/domain/service/metric.go:46.17,47.26 1 1
github.com/The-Gleb/go_metrics_and_alerting/internal/domain/service/metric.go:47.26,49.4 1 0
github.com/The-Gleb/go_metrics_and_alerting/internal/domain/service/metric.go:50.3,50.65 1 1
github.com/The-Gleb/go_metrics_and_alerting/internal/domain/service/metric.go:50.65,53.4 2 1
github.com/The-Gleb/go_metrics_and_alerting/internal/domain/service/metric.go:54.10,55.60 1 0
github.com/The-Gleb/go_metrics_and_alerting/internal/domain/service/metric.go:58.2,58.16 1 1
github.com/The-Gleb/go_metrics_and_alerting/internal/domain/service/metric.go:58.16,60.3 1 0
github.com/The-Gleb/go_metrics_and_alerting/internal/domain/service/metric.go:62.2,62.20 1 1
github.com/The-Gleb/go_metrics_and_alerting/internal/domain/service/metric.go:66.108,69.75 3 1
github.com/The-Gleb/go_metrics_and_alerting/internal/domain/service/metric.go:69.75,72.3 2 1
github.com/The-Gleb/go_metrics_and_alerting/internal/domain/service/metric.go:73.2,73.16 1 1
github.com/The-Gleb/go_metrics_and_alerting/internal/domain/service/metric.go:73.16,75.3 1 0
github.com/The-Gleb/go_metrics_and_alerting/internal/domain/service/metric.go:77.2,77.15 1 1
github.com/The-Gleb/go_metrics_and_alerting/internal/domain/service/metric.go:81.107,84.22 2 1
github.com/The-Gleb/go_metrics_and_alerting/internal/domain/service/metric.go:85.15,86.65 1 1
github.com/The-Gleb/go_metrics_and_alerting/internal/domain/service/metric.go:86.65,89.4 2 1
github.com/The-Gleb/go_metrics_and_alerting/internal/domain/service/metric.go:91.17,92.65 1 1
github.com/The-Gleb/go_metrics_and_alerting/internal/domain/service/metric.go:92.65,95.4 2 1
github.com/The-Gleb/go_metrics_and_alerting/internal/domain/service/metric.go:96.10,97.60 1 1
github.com/The-Gleb/go_metrics_and_alerting/internal/domain/service/metric.go:100.2,100.16 1 1
github.com/The-Gleb/go_metrics_and_alerting/internal/domain/service/metric.go:100.16,102.3 1 1
github.com/The-Gleb/go_metrics_and_alerting/internal/domain/service/metric.go:104.2,104.20 1 1
github.com/The-Gleb/go_metrics_and_alerting/internal/domain/service/metric.go:108.95,112.75 3 1
github.com/The-Gleb/go_metrics_and_alerting/internal/domain/service/metric.go:112.75,115.3 2 1
github.com/The-Gleb/go_metrics_and_alerting/internal/domain/service/metric.go:116.2,116.16 1 1
github.com/The-Gleb/go_metrics_and_alerting/internal/domain/service/metric.go:116.16,118.3 1 0
github.com/The-Gleb/go_metrics_and_alerting/internal/domain/service/metric.go:120.2,120.26 1 1
github.com/The-Gleb/go_metrics_and_alerting/internal/domain/service/metric.go:125.46,129.2 1 0
github.com/The-Gleb/go_metrics_and_alerting/internal/domain/usecase/get_all_metrics.go:14.70,18.2 1 1
github.com/The-Gleb/go_metrics_and_alerting/internal/domain/usecase/get_all_metrics.go:20.88,23.16 2 1
github.com/The-Gleb/go_metrics_and_alerting/internal/domain/usecase/get_all_metrics.go:23.16,25.3 1 0
github.com/The-Gleb/go_metrics_and_alerting/internal/domain/usecase/get_all_metrics.go:27.2,30.16 3 1
github.com/The-Gleb/go_metrics_and_alerting/internal/domain/usecase/get_all_metrics.go:30.16,32.3 1 0
github.com/The-Gleb/go_metrics_and_alerting/internal/domain/usecase/get_all_metrics.go:34.2,35.16 2 1
github.com/The-Gleb/go_metrics_and_alerting/internal/domain/usecase/get_all_metrics.go:35.16,37.3 1 0
github.com/The-Gleb/go_metrics_and_alerting/internal/domain/usecase/get_all_metrics.go:39.2,39.23 1 1
github.com/The-Gleb/go_metrics_and_alerting/internal/domain/usecase/get_all_metrics.go:43.88,46.16 2 0
github.com/The-Gleb/go_metrics_and_alerting/internal/domain/usecase/get_all_metrics.go:46.16,48.3 1 0
github.com/The-Gleb/go_metrics_and_alerting/internal/domain/usecase/get_all_metrics.go:50.2,65.44 3 0
github.com/The-Gleb/go_metrics_and_alerting/internal/domain/usecase/get_all_metrics.go:65.44,67.3 1 0
github.com/The-Gleb/go_metrics_and_alerting/internal/domain/usecase/get_all_metrics.go:68.2,68.46 1 0
github.com/The-Gleb/go_metrics_and_alerting/internal/domain/usecase/get_all_metrics.go:68.46,70.3 1 0
github.com/The-Gleb/go_metrics_and_alerting/internal/domain/usecase/get_all_metrics.go:72.2,74.23 2 0
github.com/The-Gleb/go_metrics_and_alerting/internal/domain/usecase/get_metric.go:12.62,16.2 1 1
github.com/The-Gleb/go_metrics_and_alerting/internal/domain/usecase/get_metric.go:18.105,21.16 2 1
github.com/The-Gleb/go_metrics_and_alerting/internal/domain/usecase/get_metric.go:21.16,23.3 1 1
github.com/The-Gleb/go_metrics_and_alerting/internal/domain/usecase/get_metric.go:25.2,25.20 1 1
github.com/The-Gleb/go_metrics_and_alerting/internal/domain/usecase/update_metric.go:13.86,18.2 1 1
github.com/The-Gleb/go_metrics_and_alerting/internal/domain/usecase/update_metric.go:20.111,23.16 2 1
github.com/The-Gleb/go_metrics_and_alerting/internal/domain/usecase/update_metric.go:23.16,25.3 1 0
github.com/The-Gleb/go_metrics_and_alerting/internal/domain/usecase/update_metric.go:27.2,27.61 1 1
github.com/The-Gleb/go_metrics_and_alerting/internal/domain/usecase/update_metric.go:27.61,29.17 2 0
github.com/The-Gleb/go_metrics_and_alerting/internal/domain/usecase/update_metric.go:29.17,31.4 1 0
github.com/The-Gleb/go_metrics_and_alerting/internal/domain/usecase/update_metric.go:34.2,34.20 1 1
github.com/The-Gleb/go_metrics_and_alerting/internal/domain/usecase/update_metric_set.go:13.92,18.2 1 1
github.com/The-Gleb/go_metrics_and_alerting/internal/domain/usecase/update_metric_set.go:20.112,23.16 2 1
github.com/The-Gleb/go_metrics_and_alerting/internal/domain/usecase/update_metric_set.go:23.16,25.3 1 0
github.com/The-Gleb/go_metrics_and_alerting/internal/domain/usecase/update_metric_set.go:27.2,27.61 1 1
github.com/The-Gleb/go_metrics_and_alerting/internal/domain/usecase/update_metric_set.go:27.61,29.17 2 0
github.com/The-Gleb/go_metrics_and_alerting/internal/domain/usecase/update_metric_set.go:29.17,31.4 1 0
github.com/The-Gleb/go_metrics_and_alerting/internal/domain/usecase/update_metric_set.go:34.2,34.15 1 1
github.com/The-Gleb/go_metrics_and_alerting/internal/logger/logger.go:10.37,12.16 2 0
github.com/The-Gleb/go_metrics_and_alerting/internal/logger/logger.go:12.16,14.3 1 0
github.com/The-Gleb/go_metrics_and_alerting/internal/logger/logger.go:15.2,19.16 5 0
github.com/The-Gleb/go_metrics_and_alerting/internal/logger/logger.go:19.16,21.3 1 0
github.com/The-Gleb/go_metrics_and_alerting/internal/logger/logger.go:22.2,23.12 2 0
github.com/The-Gleb/go_metrics_and_alerting/internal/repository/memory/storage.go:27.21,32.2 1 1
github.com/The-Gleb/go_metrics_and_alerting/internal/repository/memory/storage.go:34.97,38.2 2 1
github.com/The-Gleb/go_metrics_and_alerting/internal/repository/memory/storage.go:40.99,47.2 5 1
github.com/The-Gleb/go_metrics_and_alerting/internal/repository/memory/storage.go:50.94,52.8 2 1
github.com/The-Gleb/go_metrics_and_alerting/internal/repository/memory/storage.go:52.8,55.3 2 1
github.com/The-Gleb/go_metrics_and_alerting/internal/repository/memory/storage.go:56.2,56.39 1 0
github.com/The-Gleb/go_metrics_and_alerting/internal/repository/memory/storage.go:59.96,61.8 2 1
github.com/The-Gleb/go_metrics_and_alerting/internal/repository/memory/storage.go:61.8,65.3 3 1
github.com/The-Gleb/go_metrics_and_alerting/internal/repository/memory/storage.go:66.2,66.39 1 1
github.com/The-Gleb/go_metrics_and_alerting/internal/repository/memory/storage.go:69.96,74.33 4 1
github.com/The-Gleb/go_metrics_and_alerting/internal/repository/memory/storage.go:74.33,75.23 1 1
github.com/The-Gleb/go_metrics_and_alerting/internal/repository/memory/storage.go:76.16,77.27 1 1
github.com/The-Gleb/go_metrics_and_alerting/internal/repository/memory/storage.go:77.27,79.5 1 0
github.com/The-Gleb/go_metrics_and_alerting/internal/repository/memory/storage.go:81.4,83.13 2 1
github.com/The-Gleb/go_metrics_and_alerting/internal/repository/memory/storage.go:84.18,85.27 1 1
github.com/The-Gleb/go_metrics_and_alerting/internal/repository/memory/storage.go:85.27,87.5 1 0
github.com/The-Gleb/go_metrics_and_alerting/internal/repository/memory/storage.go:89.4,91.13 3 1
github.com/The-Gleb/go_metrics_and_alerting/internal/repository/memory/storage.go:92.11,93.65 1 0
github.com/The-Gleb/go_metrics_and_alerting/internal/repository/memory/storage.go:96.2,98.21 3 1
github.com/The-Gleb/go_metrics_and_alerting/internal/repository/memory/storage.go:101.83,103.46 2 1
github.com/The-Gleb/go_metrics_and_alerting/internal/repository/memory/storage.go:103.46,115.3 3 1
github.com/The-Gleb/go_metrics_and_alerting/internal/repository/memory/storage.go:117.2,118.48 2 1
github.com/The-Gleb/go_metrics_and_alerting/internal/repository/memory/storage.go:118.48,130.3 4 1
github.com/The-Gleb/go_metrics_and_alerting/internal/repository/memory/storage.go:132.2,135.8 1 1
github.com/The-Gleb/go_metrics_and_alerting/internal/repository/memory/storage.go:138.66,139.15 1 0
github.com/The-Gleb/go_metrics_and_alerting/internal/repository/memory/storage.go:140.15,141.41 1 0
github.com/The-Gleb/go_metrics_and_alerting/internal/repository/memory/storage.go:141.41,142.38 1 0
github.com/The-Gleb/go_metrics_and_alerting/internal/repository/memory/storage.go:142.38,144.5 1 0
github.com/The-Gleb/go_metrics_and_alerting/internal/repository/memory/storage.go:146.17,148.9 2 0
github.com/The-Gleb/go_metrics_and_alerting/internal/repository/memory/storage.go:148.9,151.4 2 0
github.com/The-Gleb/go_metrics_and_alerting/internal/repository/memory/storage.go:152.10,153.34 1 0
github.com/The-Gleb/go_metrics_and_alerting/internal/repository/memory/storage.go:155.2,155.35 1 0
github.com/The-Gleb/go_metrics_and_alerting/internal/repository/memory/storage.go:158.34,160.2 1 0
github.com/The-Gleb/go_metrics_and_alerting/internal/repository/memory/storage.go:162.41,165.30 2 1
github.com/The-Gleb/go_metrics_and_alerting/internal/repository/memory/storage.go:165.30,169.3 2 1
github.com/The-Gleb/go_metrics_and_alerting/internal/repository/memory/storage.go:171.2,171.12 1 1
github.com/The-Gleb/go_metrics_and_alerting/internal/repository/memory/storage.go:174.67,175.15 1 1
github.com/The-Gleb/go_metrics_and_alerting/internal/repository/memory/storage.go:176.15,178.17 2 1
github.com/The-Gleb/go_metrics_and_alerting/internal/repository/memory/storage.go:178.17,180.4 1 0
github.com/The-Gleb/go_metrics_and_alerting/internal/repository/memory/storage.go:181.3,181.32 1 1
github.com/The-Gleb/go_metrics_and_alerting/internal/repository/memory/storage.go:182.17,184.17 2 1
github.com/The-Gleb/go_metrics_and_alerting/internal/repository/memory/storage.go:184.17,186.4 1 0
github.com/The-Gleb/go_metrics_and_alerting/internal/repository/memory/storage.go:188.3,190.34 2 1
github.com/The-Gleb/go_metrics_and_alerting/internal/repository/memory/storage.go:192.10,193.30 1 0
github.com/The-Gleb/go_metrics_and_alerting/internal/repository/memory/storage.go:195.2,195.12 1 1
github.com/The-Gleb/go_metrics_and_alerting/pkg/utils/retry/retry.go:14.13,21.2 1 1
github.com/The-Gleb/go_metrics_and_alerting/pkg/utils/retry/retry.go:33.9,42.2 1 1
github.com/The-Gleb/go_metrics_and_alerting/pkg/utils/retry/retry.go:51.9,58.36 2 1
github.com/The-Gleb/go_metrics_and_alerting/pkg/utils/retry/retry.go:58.36,59.10 1 1
github.com/The-Gleb/go_metrics_and_alerting/pkg/utils/retry/retry.go:60.21,62.18 2 0
github.com/The-Gleb/go_metrics_and_alerting/pkg/utils/retry/retry.go:62.18,64.5 1 0
github.com/The-Gleb/go_metrics_and_alerting/pkg/utils/retry/retry.go:65.11,70.18 3 1
github.com/The-Gleb/go_metrics_and_alerting/pkg/utils/retry/retry.go:70.18,73.42 2 1
github.com/The-Gleb/go_metrics_and_alerting/pkg/utils/retry/retry.go:73.42,74.34 1 1
github.com/The-Gleb/go_metrics_and_alerting/pkg/utils/retry/retry.go:74.34,76.7 1 0
github.com/The-Gleb/go_metrics_and_alerting/pkg/utils/retry/retry.go:79.5,79.23 1 1
github.com/The-Gleb/go_metrics_and_alerting/pkg/utils/retry/retry.go:79.23,82.14 3 0
github.com/The-Gleb/go_metrics_and_alerting/pkg/utils/retry/retry.go:85.5,85.15 1 1
github.com/The-Gleb/go_metrics_and_alerting/pkg/utils/retry/retry.go:88.4,88.14 1 1
github.com/The-Gleb/go_metrics_and_alerting/pkg/utils/retry/retry.go:91.2,91.12 1 0
github.com/The-Gleb/go_metrics_and_alerting/internal/repository/memory/storage.go:27.21,32.2 1 1
github.com/The-Gleb/go_metrics_and_alerting/internal/repository/memory/storage.go:34.97,38.2 2 0
github.com/The-Gleb/go_metrics_and_alerting/internal/repository/memory/storage.go:40.99,47.2 5 0
github.com/The-Gleb/go_metrics_and_alerting/internal/repository/memory/storage.go:50.94,52.8 2 0
github.com/The-Gleb/go_metrics_and_alerting/internal/repository/memory/storage.go:52.8,55.3 2 0
github.com/The-Gleb/go_metrics_and_alerting/internal/repository/memory/storage.go:56.2,56.39 1 0
github.com/The-Gleb/go_metrics_and_alerting/internal/repository/memory/storage.go:59.96,61.8 2 0
github.com/The-Gleb/go_metrics_and_alerting/internal/repository/memory/storage.go:61.8,65.3 3 0
github.com/The-Gleb/go_metrics_and_alerting/internal/repository/memory/storage.go:66.2,66.39 1 0
github.com/The-Gleb/go_metrics_and_alerting/internal/repository/memory/storage.go:69.96,74.33 4 0
github.com/The-Gleb/go_metrics_and_alerting/internal/repository/memory/storage.go:74.33,75.23 1 0
github.com/The-Gleb/go_metrics_and_alerting/internal/repository/memory/storage.go:76.16,77.27 1 0
github.com/The-Gleb/go_metrics_and_alerting/internal/repository/memory/storage.go:77.27,79.5 1 0
github.com/The-Gleb/go_metrics_and_alerting/internal/repository/memory/storage.go:81.4,83.13 2 0
github.com/The-Gleb/go_metrics_and_alerting/internal/repository/memory/storage.go:84.18,85.27 1 0
github.com/The-Gleb/go_metrics_and_alerting/internal/repository/memory/storage.go:85.27,87.5 1 0
github.com/The-Gleb/go_metrics_and_alerting/internal/repository/memory/storage.go:89.4,91.13 3 0
github.com/The-Gleb/go_metrics_and_alerting/internal/repository/memory/storage.go:92.11,93.65 1 0
github.com/The-Gleb/go_metrics_and_alerting/internal/repository/memory/storage.go:96.2,98.21 3 0
github.com/The-Gleb/go_metrics_and_alerting/internal/repository/memory/storage.go:101.83,103.46 2 0
github.com/The-Gleb/go_metrics_and_alerting/internal/repository/memory/storage.go:103.46,115.3 3 0
github.com/The-Gleb/go_metrics_and_alerting/internal/repository/memory/storage.go:117.2,118.48 2 0
github.com/The-Gleb/go_metrics_and_alerting/internal/repository/memory/storage.go:118.48,130.3 4 0
github.com/The-Gleb/go_metrics_and_alerting/internal/repository/memory/storage.go:132.2,135.8 1 0
github.com/The-Gleb/go_metrics_and_alerting/internal/repository/memory/storage.go:138.66,139.15 1 1
github.com/The-Gleb/go_metrics_and_alerting/internal/repository/memory/storage.go:140.15,141.41 1 1
github.com/The-Gleb/go_metrics_and_alerting/internal/repository/memory/storage.go:141.41,142.38 1 1
github.com/The-Gleb/go_metrics_and_alerting/internal/repository/memory/storage.go:142.38,144.5 1 1
github.com/The-Gleb/go_metrics_and_alerting/internal/repository/memory/storage.go:146.17,148.9 2 1
github.com/The-Gleb/go_metrics_and_alerting/internal/repository/memory/storage.go:148.9,151.4 2 1
github.com/The-Gleb/go_metrics_and_alerting/internal/repository/memory/storage.go:152.10,153.34 1 1
github.com/The-Gleb/go_metrics_and_alerting/internal/repository/memory/storage.go:155.2,155.35 1 1
github.com/The-Gleb/go_metrics_and_alerting/internal/repository/memory/storage.go:158.34,160.2 1 0
github.com/The-Gleb/go_metrics_and_alerting/internal/repository/memory/storage.go:162.41,165.30 2 0
github.com/The-Gleb/go_metrics_and_alerting/internal/repository/memory/storage.go:165.30,169.3 2 0
github.com/The-Gleb/go_metrics_and_alerting/internal/repository/memory/storage.go:171.2,171.12 1 0
github.com/The-Gleb/go_metrics_and_alerting/internal/repository/memory/storage.go:174.67,175.15 1 1
github.com/The-Gleb/go_metrics_and_alerting/internal/repository/memory/storage.go:176.15,178.17 2 1
github.com/The-Gleb/go_metrics_and_alerting/internal/repository/memory/storage.go:178.17,180.4 1 1
github.com/The-Gleb/go_metrics_and_alerting/internal/repository/memory/storage.go:181.3,181.32 1 1
github.com/The-Gleb/go_metrics_and_alerting/internal/repository/memory/storage.go:182.17,184.17 2 1
github.com/The-Gleb/go_metrics_and_alerting/internal/repository/memory/storage.go:184.17,186.4 1 1
github.com/The-Gleb/go_metrics_and_alerting/internal/repository/memory/storage.go:188.3,190.34 2 1
github.com/The-Gleb/go_metrics_and_alerting/internal/repository/memory/storage.go:192.10,193.30 1 1
github.com/The-Gleb/go_metrics_and_alerting/internal/repository/memory/storage.go:195.2,195.12 1 1
github.com/The-Gleb/go_metrics_and_alerting/internal/logger/logger.go:10.37,12.16 2 0
github.com/The-Gleb/go_metrics_and_alerting/internal/logger/logger.go:12.16,14.3 1 0
github.com/The-Gleb/go_metrics_and_alerting/internal/logger/logger.go:15.2,19.16 5 0
github.com/The-Gleb/go_metrics_and_alerting/internal/logger/logger.go:19.16,21.3 1 0
github.com/The-Gleb/go_metrics_and_alerting/internal/logger/logger.go:22.2,23.12 2 0
github.com/The-Gleb/go_metrics_and_alerting/internal/repository/database/storage.go:34.57,42.16 3 1
github.com/The-Gleb/go_metrics_and_alerting/internal/repository/database/storage.go:42.16,44.3 1 0
github.com/The-Gleb/go_metrics_and_alerting/internal/repository/database/storage.go:46.2,46.25 1 1
github.com/The-Gleb/go_metrics_and_alerting/internal/repository/database/storage.go:58.30,61.44 3 0
github.com/The-Gleb/go_metrics_and_alerting/internal/repository/database/storage.go:61.44,63.3 1 0
github.com/The-Gleb/go_metrics_and_alerting/internal/repository/database/storage.go:64.2,64.12 1 0
github.com/The-Gleb/go_metrics_and_alerting/internal/repository/database/storage.go:67.92,70.16 2 1
github.com/The-Gleb/go_metrics_and_alerting/internal/repository/database/storage.go:70.16,72.3 1 0
github.com/The-Gleb/go_metrics_and_alerting/internal/repository/database/storage.go:74.2,76.33 3 1
github.com/The-Gleb/go_metrics_and_alerting/internal/repository/database/storage.go:76.33,78.49 1 1
github.com/The-Gleb/go_metrics_and_alerting/internal/repository/database/storage.go:78.49,80.4 1 0
github.com/The-Gleb/go_metrics_and_alerting/internal/repository/database/storage.go:82.3,82.23 1 1
github.com/The-Gleb/go_metrics_and_alerting/internal/repository/database/storage.go:83.16,84.27 1 1
github.com/The-Gleb/go_metrics_and_alerting/internal/repository/database/storage.go:84.27,86.5 1 1
github.com/The-Gleb/go_metrics_and_alerting/internal/repository/database/storage.go:88.4,94.18 2 1
github.com/The-Gleb/go_metrics_and_alerting/internal/repository/database/storage.go:94.18,96.5 1 0
github.com/The-Gleb/go_metrics_and_alerting/internal/repository/database/storage.go:98.4,98.13 1 1
github.com/The-Gleb/go_metrics_and_alerting/internal/repository/database/storage.go:99.18,100.27 1 1
github.com/The-Gleb/go_metrics_and_alerting/internal/repository/database/storage.go:100.27,102.5 1 0
github.com/The-Gleb/go_metrics_and_alerting/internal/repository/database/storage.go:104.4,110.18 2 1
github.com/The-Gleb/go_metrics_and_alerting/internal/repository/database/storage.go:110.18,112.5 1 0
github.com/The-Gleb/go_metrics_and_alerting/internal/repository/database/storage.go:113.4,113.13 1 1
github.com/The-Gleb/go_metrics_and_alerting/internal/repository/database/storage.go:114.11,115.65 1 0
github.com/The-Gleb/go_metrics_and_alerting/internal/repository/database/storage.go:118.2,119.21 2 1
github.com/The-Gleb/go_metrics_and_alerting/internal/repository/database/storage.go:122.79,124.16 2 1
github.com/The-Gleb/go_metrics_and_alerting/internal/repository/database/storage.go:124.16,126.3 1 0
github.com/The-Gleb/go_metrics_and_alerting/internal/repository/database/storage.go:127.2,130.16 3 1
github.com/The-Gleb/go_metrics_and_alerting/internal/repository/database/storage.go:130.16,132.3 1 0
github.com/The-Gleb/go_metrics_and_alerting/internal/repository/database/storage.go:133.2,136.18 3 1
github.com/The-Gleb/go_metrics_and_alerting/internal/repository/database/storage.go:136.18,140.17 4 1
github.com/The-Gleb/go_metrics_and_alerting/internal/repository/database/storage.go:140.17,142.4 1 0
github.com/The-Gleb/go_metrics_and_alerting/internal/repository/database/storage.go:143.3,145.46 3 1
github.com/The-Gleb/go_metrics_and_alerting/internal/repository/database/storage.go:147.2,147.23 1 1
github.com/The-Gleb/go_metrics_and_alerting/internal/repository/database/storage.go:147.23,149.3 1 0
github.com/The-Gleb/go_metrics_and_alerting/internal/repository/database/storage.go:151.2,152.16 2 1
github.com/The-Gleb/go_metrics_and_alerting/internal/repository/database/storage.go:152.16,154.3 1 0
github.com/The-Gleb/go_metrics_and_alerting/internal/repository/database/storage.go:155.2,158.18 3 1
github.com/The-Gleb/go_metrics_and_alerting/internal/repository/database/storage.go:158.18,162.17 4 1
github.com/The-Gleb/go_metrics_and_alerting/internal/repository/database/storage.go:162.17,164.4 1 0
github.com/The-Gleb/go_metrics_and_alerting/internal/repository/database/storage.go:165.3,167.50 3 1
github.com/The-Gleb/go_metrics_and_alerting/internal/repository/database/storage.go:169.2,169.23 1 1
github.com/The-Gleb/go_metrics_and_alerting/internal/repository/database/storage.go:169.23,171.3 1 0
github.com/The-Gleb/go_metrics_and_alerting/internal/repository/database/storage.go:173.2,178.8 2 1
github.com/The-Gleb/go_metrics_and_alerting/internal/repository/database/storage.go:181.93,193.16 3 1
github.com/The-Gleb/go_metrics_and_alerting/internal/repository/database/storage.go:193.16,195.3 1 0
github.com/The-Gleb/go_metrics_and_alerting/internal/repository/database/storage.go:196.2,196.20 1 1
github.com/The-Gleb/go_metrics_and_alerting/internal/repository/database/storage.go:199.95,211.16 3 1
github.com/The-Gleb/go_metrics_and_alerting/internal/repository/database/storage.go:211.16,213.3 1 0
github.com/The-Gleb/go_metrics_and_alerting/internal/repository/database/storage.go:215.2,215.20 1 1
github.com/The-Gleb/go_metrics_and_alerting/internal/repository/database/storage.go:218.90,223.16 4 1
github.com/The-Gleb/go_metrics_and_alerting/internal/repository/database/storage.go:223.16,225.3 1 1
github.com/The-Gleb/go_metrics_and_alerting/internal/repository/database/storage.go:226.2,227.20 2 1
github.com/The-Gleb/go_metrics_and_alerting/internal/repository/database/storage.go:230.92,235.16 4 1
github.com/The-Gleb/go_metrics_and_alerting/internal/repository/database/storage.go:235.16,237.3 1 1
github.com/The-Gleb/go_metrics_and_alerting/internal/repository/database/storage.go:238.2,239.20 2 1
github.com/The-Gleb/go_metrics_and_alerting/internal/repository/database/storage.go:242.61,245.9 2 1
github.com/The-Gleb/go_metrics_and_alerting/internal/repository/database/storage.go:246.77,247.74 1 0
github.com/The-Gleb/go_metrics_and_alerting/internal/repository/database/storage.go:248.37,249.72 1 1
github.com/The-Gleb/go_metrics_and_alerting/internal/repository/database/storage.go:250.10,252.46 2 0
github.com/The-Gleb/go_metrics_and_alerting/internal/repository/database/storage.go:255.2,255.12 1 1
github.com/The-Gleb/go_metrics_and_alerting/pkg/client/postgresql.go:24.81,28.35 1 1
github.com/The-Gleb/go_metrics_and_alerting/pkg/client/postgresql.go:28.35,33.18 4 1
github.com/The-Gleb/go_metrics_and_alerting/pkg/client/postgresql.go:33.18,35.5 1 0
github.com/The-Gleb/go_metrics_and_alerting/pkg/client/postgresql.go:36.4,36.14 1 1
github.com/The-Gleb/go_metrics_and_alerting/pkg/client/postgresql.go:40.2,41.16 2 1
github.com/The-Gleb/go_metrics_and_alerting/pkg/client/postgresql.go:41.16,44.3 2 0
github.com/The-Gleb/go_metrics_and_alerting/pkg/client/postgresql.go:46.2,46.16 1 1
github.com/The-Gleb/go_metrics_and_alerting/pkg/client/postgresql.go:46.16,48.3 1 0
github.com/The-Gleb/go_metrics_and_alerting/pkg/client/postgresql.go:50.2,50.18 1 1
github.com/The-Gleb/go_metrics_and_alerting/pkg/utils/retry/retry.go:14.13,21.2 1 1
github.com/The-Gleb/go_metrics_and_alerting/pkg/utils/retry/retry.go:33.9,42.2 1 1
github.com/The-Gleb/go_metrics_and_alerting/pkg/utils/retry/retry.go:51.9,58.36 2 1
github.com/The-Gleb/go_metrics_and_alerting/pkg/utils/retry/retry.go:58.36,59.10 1 1
github.com/The-Gleb/go_metrics_and_alerting/pkg/utils/retry/retry.go:60.21,62.18 2 0
github.com/The-Gleb/go_metrics_and_alerting/pkg/utils/retry/retry.go:62.18,64.5 1 0
github.com/The-Gleb/go_metrics_and_alerting/pkg/utils/retry/retry.go:65.11,70.18 3 1
github.com/The-Gleb/go_metrics_and_alerting/pkg/utils/retry/retry.go:70.18,73.42 2 0
github.com/The-Gleb/go_metrics_and_alerting/pkg/utils/retry/retry.go:73.42,74.34 1 0
github.com/The-Gleb/go_metrics_and_alerting/pkg/utils/retry/retry.go:74.34,76.7 1 0
github.com/The-Gleb/go_metrics_and_alerting/pkg/utils/retry/retry.go:79.5,79.23 1 0
github.com/The-Gleb/go_metrics_and_alerting/pkg/utils/retry/retry.go:79.23,82.14 3 0
github.com/The-Gleb/go_metrics_and_alerting/pkg/utils/retry/retry.go:85.5,85.15 1 0
github.com/The-Gleb/go_metrics_and_alerting/pkg/utils/retry/retry.go:88.4,88.14 1 1
github.com/The-Gleb/go_metrics_and_alerting/pkg/utils/retry/retry.go:91.2,91.12 1 0
